ARM GAS  /var/folders/l3/4y5292px21b4835bsnjwqc7w009kq1/T//ccvEWcWp.s 			page 1


   1              		.cpu cortex-m4
   2              		.eabi_attribute 27, 1
   3              		.eabi_attribute 20, 1
   4              		.eabi_attribute 21, 1
   5              		.eabi_attribute 23, 3
   6              		.eabi_attribute 24, 1
   7              		.eabi_attribute 25, 1
   8              		.eabi_attribute 26, 1
   9              		.eabi_attribute 30, 1
  10              		.eabi_attribute 34, 1
  11              		.eabi_attribute 18, 4
  12              		.file	"at32f4xx_it.c"
  13              		.text
  14              	.Ltext0:
  15              		.cfi_sections	.debug_frame
  16              		.section	.text._Z11NMI_Handlerv,"ax",%progbits
  17              		.align	1
  18              		.global	_Z11NMI_Handlerv
  19              		.syntax unified
  20              		.thumb
  21              		.thumb_func
  22              		.fpu fpv4-sp-d16
  24              	_Z11NMI_Handlerv:
  25              		.fnstart
  26              	.LFB123:
  27              		.file 1 "Src/at32f4xx_it.c"
   1:Src/at32f4xx_it.c **** /**
   2:Src/at32f4xx_it.c ****   ******************************************************************************
   3:Src/at32f4xx_it.c ****   * @file    FreeRTOS/ResManagement_SafelyPrint/at32f4xx_it.c
   4:Src/at32f4xx_it.c ****   * @author  Artery Technology 
   5:Src/at32f4xx_it.c ****   * @version V1.1.2
   6:Src/at32f4xx_it.c ****   * @date    2019-01-04
   7:Src/at32f4xx_it.c ****   * @brief   Main Interrupt Service Routines.
   8:Src/at32f4xx_it.c ****   *          This file provides template for all exceptions handler and peripherals
   9:Src/at32f4xx_it.c ****   *          interrupt service routine.
  10:Src/at32f4xx_it.c ****   ******************************************************************************
  11:Src/at32f4xx_it.c ****   * @attention
  12:Src/at32f4xx_it.c ****   *
  13:Src/at32f4xx_it.c ****   * THE PRESENT FIRMWARE WHICH IS FOR GUIDANCE ONLY AIMS AT PROVIDING CUSTOMERS
  14:Src/at32f4xx_it.c ****   * WITH CODING INFORMATION REGARDING THEIR PRODUCTS IN ORDER FOR THEM TO SAVE
  15:Src/at32f4xx_it.c ****   * TIME. AS A RESULT, ARTERYTEK SHALL NOT BE HELD LIABLE FOR ANY
  16:Src/at32f4xx_it.c ****   * DIRECT, INDIRECT OR CONSEQUENTIAL DAMAGES WITH RESPECT TO ANY CLAIMS ARISING
  17:Src/at32f4xx_it.c ****   * FROM THE CONTENT OF SUCH FIRMWARE AND/OR THE USE MADE BY CUSTOMERS OF THE
  18:Src/at32f4xx_it.c ****   * CODING INFORMATION CONTAINED HEREIN IN CONNECTION WITH THEIR PRODUCTS.
  19:Src/at32f4xx_it.c ****   *
  20:Src/at32f4xx_it.c ****   * <h2><center>&copy; COPYRIGHT 2018 ArteryTek</center></h2>
  21:Src/at32f4xx_it.c ****   ******************************************************************************
  22:Src/at32f4xx_it.c ****   */ 
  23:Src/at32f4xx_it.c **** 
  24:Src/at32f4xx_it.c **** /* Includes ------------------------------------------------------------------*/
  25:Src/at32f4xx_it.c **** #include "at32f4xx_it.h"
  26:Src/at32f4xx_it.c **** 
  27:Src/at32f4xx_it.c **** /** @addtogroup AT32F403_StdPeriph_Examples
  28:Src/at32f4xx_it.c ****   * @{
  29:Src/at32f4xx_it.c ****   */
  30:Src/at32f4xx_it.c **** 
  31:Src/at32f4xx_it.c **** /** @addtogroup FreeRTOS_ResManagement_SafelyPrint
ARM GAS  /var/folders/l3/4y5292px21b4835bsnjwqc7w009kq1/T//ccvEWcWp.s 			page 2


  32:Src/at32f4xx_it.c ****   * @{
  33:Src/at32f4xx_it.c ****   */ 
  34:Src/at32f4xx_it.c **** 
  35:Src/at32f4xx_it.c **** /* Private typedef -----------------------------------------------------------*/
  36:Src/at32f4xx_it.c **** /* Private define ------------------------------------------------------------*/
  37:Src/at32f4xx_it.c **** #define ERR_INFO "\r\nEnter HardFault_Handler, System Halt.\r\n"
  38:Src/at32f4xx_it.c **** 
  39:Src/at32f4xx_it.c **** /* Private macro -------------------------------------------------------------*/
  40:Src/at32f4xx_it.c **** /* Private variables ---------------------------------------------------------*/
  41:Src/at32f4xx_it.c **** /* Private function prototypes -----------------------------------------------*/
  42:Src/at32f4xx_it.c **** /* Private functions ---------------------------------------------------------*/
  43:Src/at32f4xx_it.c **** 
  44:Src/at32f4xx_it.c **** /*
  45:Src/at32f4xx_it.c ****  * @brief  This function handles NMI exception.
  46:Src/at32f4xx_it.c ****  * @param  None
  47:Src/at32f4xx_it.c ****  * @retval None
  48:Src/at32f4xx_it.c ****  */
  49:Src/at32f4xx_it.c **** void NMI_Handler(void)
  50:Src/at32f4xx_it.c **** {
  28              		.loc 1 50 0
  29              		.cfi_startproc
  30              		@ args = 0, pretend = 0, frame = 0
  31              		@ frame_needed = 0, uses_anonymous_args = 0
  32              		@ link register save eliminated.
  51:Src/at32f4xx_it.c **** }
  33              		.loc 1 51 0
  34 0000 7047     		bx	lr
  35              		.cfi_endproc
  36              	.LFE123:
  37              		.cantunwind
  38              		.fnend
  40              		.section	.text._Z17HardFault_Handlerv,"ax",%progbits
  41              		.align	1
  42              		.global	_Z17HardFault_Handlerv
  43              		.syntax unified
  44              		.thumb
  45              		.thumb_func
  46              		.fpu fpv4-sp-d16
  48              	_Z17HardFault_Handlerv:
  49              		.fnstart
  50              	.LFB124:
  52:Src/at32f4xx_it.c **** 
  53:Src/at32f4xx_it.c **** /*
  54:Src/at32f4xx_it.c ****  * @brief  This function handles Hard Fault exception.
  55:Src/at32f4xx_it.c ****  * @param  None
  56:Src/at32f4xx_it.c ****  * @retval None
  57:Src/at32f4xx_it.c ****  */
  58:Src/at32f4xx_it.c **** void HardFault_Handler(void)
  59:Src/at32f4xx_it.c **** {
  51              		.loc 1 59 0
  52              		.cfi_startproc
  53              		@ args = 0, pretend = 0, frame = 0
  54              		@ frame_needed = 0, uses_anonymous_args = 0
  55              		@ link register save eliminated.
  56              	.LVL0:
  60:Src/at32f4xx_it.c **** #if 1
  61:Src/at32f4xx_it.c ****     const char *pError = ERR_INFO;
ARM GAS  /var/folders/l3/4y5292px21b4835bsnjwqc7w009kq1/T//ccvEWcWp.s 			page 3


  62:Src/at32f4xx_it.c ****     uint8_t i;
  63:Src/at32f4xx_it.c ****     
  64:Src/at32f4xx_it.c ****     for (i = 0; i < sizeof(ERR_INFO); i++)
  57              		.loc 1 64 0
  58 0000 0022     		movs	r2, #0
  59              	.LVL1:
  60              	.L5:
  61              		.loc 1 64 0 is_stmt 0 discriminator 1
  62 0002 292A     		cmp	r2, #41
  63 0004 0BD8     		bhi	.L3
  65:Src/at32f4xx_it.c ****     {
  66:Src/at32f4xx_it.c ****         USART1->DT = pError[i];
  64              		.loc 1 66 0 is_stmt 1
  65 0006 064B     		ldr	r3, .L6
  66 0008 995C     		ldrb	r1, [r3, r2]	@ zero_extendqisi2
  67 000a 064B     		ldr	r3, .L6+4
  68 000c 9980     		strh	r1, [r3, #4]	@ movhi
  69              	.L4:
  67:Src/at32f4xx_it.c ****          
  68:Src/at32f4xx_it.c ****         while ((USART1->STS & USART_FLAG_TRAC) == (uint16_t)RESET);
  70              		.loc 1 68 0
  71 000e 054B     		ldr	r3, .L6+4
  72 0010 1B88     		ldrh	r3, [r3]
  73 0012 13F0400F 		tst	r3, #64
  74 0016 FAD0     		beq	.L4
  64:Src/at32f4xx_it.c ****     {
  75              		.loc 1 64 0 discriminator 2
  76 0018 0132     		adds	r2, r2, #1
  77              	.LVL2:
  78 001a D2B2     		uxtb	r2, r2
  79              	.LVL3:
  80 001c F1E7     		b	.L5
  81              	.L3:
  82 001e FEE7     		b	.L3
  83              	.L7:
  84              		.align	2
  85              	.L6:
  86 0020 00000000 		.word	.LC0
  87 0024 00380140 		.word	1073821696
  88              		.cfi_endproc
  89              	.LFE124:
  90              		.cantunwind
  91              		.fnend
  93              		.section	.text._Z17MemManage_Handlerv,"ax",%progbits
  94              		.align	1
  95              		.global	_Z17MemManage_Handlerv
  96              		.syntax unified
  97              		.thumb
  98              		.thumb_func
  99              		.fpu fpv4-sp-d16
 101              	_Z17MemManage_Handlerv:
 102              		.fnstart
 103              	.LFB125:
  69:Src/at32f4xx_it.c ****     }
  70:Src/at32f4xx_it.c **** #endif	
  71:Src/at32f4xx_it.c **** 
  72:Src/at32f4xx_it.c ****     /* Go to infinite loop when Hard Fault exception occurs */
ARM GAS  /var/folders/l3/4y5292px21b4835bsnjwqc7w009kq1/T//ccvEWcWp.s 			page 4


  73:Src/at32f4xx_it.c ****     while (1)
  74:Src/at32f4xx_it.c ****     {
  75:Src/at32f4xx_it.c ****     }
  76:Src/at32f4xx_it.c **** }
  77:Src/at32f4xx_it.c **** 
  78:Src/at32f4xx_it.c **** /*
  79:Src/at32f4xx_it.c ****  * @brief  This function handles Memory Manage exception.
  80:Src/at32f4xx_it.c ****  * @param  None
  81:Src/at32f4xx_it.c ****  * @retval None
  82:Src/at32f4xx_it.c ****  */
  83:Src/at32f4xx_it.c **** void MemManage_Handler(void)
  84:Src/at32f4xx_it.c **** {
 104              		.loc 1 84 0
 105              		.cfi_startproc
 106              		@ Volatile: function does not return.
 107              		@ args = 0, pretend = 0, frame = 0
 108              		@ frame_needed = 0, uses_anonymous_args = 0
 109              		@ link register save eliminated.
 110              	.L9:
 111 0000 FEE7     		b	.L9
 112              		.cfi_endproc
 113              	.LFE125:
 114              		.cantunwind
 115              		.fnend
 117              		.section	.text._Z16BusFault_Handlerv,"ax",%progbits
 118              		.align	1
 119              		.global	_Z16BusFault_Handlerv
 120              		.syntax unified
 121              		.thumb
 122              		.thumb_func
 123              		.fpu fpv4-sp-d16
 125              	_Z16BusFault_Handlerv:
 126              		.fnstart
 127              	.LFB126:
  85:Src/at32f4xx_it.c ****     /* Go to infinite loop when Memory Manage exception occurs */
  86:Src/at32f4xx_it.c ****     while (1)
  87:Src/at32f4xx_it.c ****     {
  88:Src/at32f4xx_it.c ****     }
  89:Src/at32f4xx_it.c **** }
  90:Src/at32f4xx_it.c **** 
  91:Src/at32f4xx_it.c **** /*
  92:Src/at32f4xx_it.c ****  * @brief  This function handles Bus Fault exception.
  93:Src/at32f4xx_it.c ****  * @param  None
  94:Src/at32f4xx_it.c ****  * @retval None
  95:Src/at32f4xx_it.c ****  */
  96:Src/at32f4xx_it.c **** void BusFault_Handler(void)
  97:Src/at32f4xx_it.c **** {
 128              		.loc 1 97 0
 129              		.cfi_startproc
 130              		@ Volatile: function does not return.
 131              		@ args = 0, pretend = 0, frame = 0
 132              		@ frame_needed = 0, uses_anonymous_args = 0
 133              		@ link register save eliminated.
 134              	.L11:
 135 0000 FEE7     		b	.L11
 136              		.cfi_endproc
 137              	.LFE126:
ARM GAS  /var/folders/l3/4y5292px21b4835bsnjwqc7w009kq1/T//ccvEWcWp.s 			page 5


 138              		.cantunwind
 139              		.fnend
 141              		.section	.text._Z18UsageFault_Handlerv,"ax",%progbits
 142              		.align	1
 143              		.global	_Z18UsageFault_Handlerv
 144              		.syntax unified
 145              		.thumb
 146              		.thumb_func
 147              		.fpu fpv4-sp-d16
 149              	_Z18UsageFault_Handlerv:
 150              		.fnstart
 151              	.LFB127:
  98:Src/at32f4xx_it.c ****     /* Go to infinite loop when Bus Fault exception occurs */
  99:Src/at32f4xx_it.c ****     while (1)
 100:Src/at32f4xx_it.c ****     {
 101:Src/at32f4xx_it.c ****     }
 102:Src/at32f4xx_it.c **** }
 103:Src/at32f4xx_it.c **** 
 104:Src/at32f4xx_it.c **** /*
 105:Src/at32f4xx_it.c ****  * @brief  This function handles Usage Fault exception.
 106:Src/at32f4xx_it.c ****  * @param  None
 107:Src/at32f4xx_it.c ****  * @retval None
 108:Src/at32f4xx_it.c ****  */
 109:Src/at32f4xx_it.c **** void UsageFault_Handler(void)
 110:Src/at32f4xx_it.c **** {
 152              		.loc 1 110 0
 153              		.cfi_startproc
 154              		@ Volatile: function does not return.
 155              		@ args = 0, pretend = 0, frame = 0
 156              		@ frame_needed = 0, uses_anonymous_args = 0
 157              		@ link register save eliminated.
 158              	.L13:
 159 0000 FEE7     		b	.L13
 160              		.cfi_endproc
 161              	.LFE127:
 162              		.cantunwind
 163              		.fnend
 165              		.section	.text._Z16DebugMon_Handlerv,"ax",%progbits
 166              		.align	1
 167              		.global	_Z16DebugMon_Handlerv
 168              		.syntax unified
 169              		.thumb
 170              		.thumb_func
 171              		.fpu fpv4-sp-d16
 173              	_Z16DebugMon_Handlerv:
 174              		.fnstart
 175              	.LFB128:
 111:Src/at32f4xx_it.c ****     /* Go to infinite loop when Usage Fault exception occurs */
 112:Src/at32f4xx_it.c ****     while (1)
 113:Src/at32f4xx_it.c ****     {
 114:Src/at32f4xx_it.c ****     }
 115:Src/at32f4xx_it.c **** }
 116:Src/at32f4xx_it.c **** 
 117:Src/at32f4xx_it.c **** #if 0
 118:Src/at32f4xx_it.c **** /*
 119:Src/at32f4xx_it.c ****  * @brief  This function handles SVCall exception.
 120:Src/at32f4xx_it.c ****  * @param  None
ARM GAS  /var/folders/l3/4y5292px21b4835bsnjwqc7w009kq1/T//ccvEWcWp.s 			page 6


 121:Src/at32f4xx_it.c ****  * @retval None
 122:Src/at32f4xx_it.c ****  */
 123:Src/at32f4xx_it.c **** void SVC_Handler(void)
 124:Src/at32f4xx_it.c **** {
 125:Src/at32f4xx_it.c **** }
 126:Src/at32f4xx_it.c **** #endif
 127:Src/at32f4xx_it.c **** 
 128:Src/at32f4xx_it.c **** /*
 129:Src/at32f4xx_it.c ****  * @brief  This function handles Debug Monitor exception.
 130:Src/at32f4xx_it.c ****  * @param  None
 131:Src/at32f4xx_it.c ****  * @retval None
 132:Src/at32f4xx_it.c ****  */
 133:Src/at32f4xx_it.c **** void DebugMon_Handler(void)
 134:Src/at32f4xx_it.c **** {
 176              		.loc 1 134 0
 177              		.cfi_startproc
 178              		@ args = 0, pretend = 0, frame = 0
 179              		@ frame_needed = 0, uses_anonymous_args = 0
 180              		@ link register save eliminated.
 135:Src/at32f4xx_it.c **** }
 181              		.loc 1 135 0
 182 0000 7047     		bx	lr
 183              		.cfi_endproc
 184              	.LFE128:
 185              		.cantunwind
 186              		.fnend
 188              		.section	.rodata._Z17HardFault_Handlerv.str1.4,"aMS",%progbits,1
 189              		.align	2
 190              	.LC0:
 191 0000 0D0A456E 		.ascii	"\015\012Enter HardFault_Handler, System Halt.\015\012"
 191      74657220 
 191      48617264 
 191      4661756C 
 191      745F4861 
 192 0029 00       		.ascii	"\000"
 193              		.text
 194              	.Letext0:
 195              		.file 2 "/usr/local/Cellar/gcc-arm-none-eabi/20180627/arm-none-eabi/include/machine/_default_types
 196              		.file 3 "/usr/local/Cellar/gcc-arm-none-eabi/20180627/arm-none-eabi/include/sys/_stdint.h"
 197              		.file 4 "../Libraries/CMSIS/CM4/CoreSupport/core_cm4.h"
 198              		.file 5 "../Libraries/CMSIS/CM4/DeviceSupport/system_at32f4xx.h"
 199              		.file 6 "../Libraries/CMSIS/CM4/DeviceSupport/at32f4xx.h"
ARM GAS  /var/folders/l3/4y5292px21b4835bsnjwqc7w009kq1/T//ccvEWcWp.s 			page 7


DEFINED SYMBOLS
                            *ABS*:0000000000000000 at32f4xx_it.c
/var/folders/l3/4y5292px21b4835bsnjwqc7w009kq1/T//ccvEWcWp.s:17     .text._Z11NMI_Handlerv:0000000000000000 $t
/var/folders/l3/4y5292px21b4835bsnjwqc7w009kq1/T//ccvEWcWp.s:24     .text._Z11NMI_Handlerv:0000000000000000 _Z11NMI_Handlerv
 .ARM.exidx.text._Z11NMI_Handlerv:0000000000000000 $d
/var/folders/l3/4y5292px21b4835bsnjwqc7w009kq1/T//ccvEWcWp.s:41     .text._Z17HardFault_Handlerv:0000000000000000 $t
/var/folders/l3/4y5292px21b4835bsnjwqc7w009kq1/T//ccvEWcWp.s:48     .text._Z17HardFault_Handlerv:0000000000000000 _Z17HardFault_Handlerv
/var/folders/l3/4y5292px21b4835bsnjwqc7w009kq1/T//ccvEWcWp.s:86     .text._Z17HardFault_Handlerv:0000000000000020 $d
.ARM.exidx.text._Z17HardFault_Handlerv:0000000000000000 $d
/var/folders/l3/4y5292px21b4835bsnjwqc7w009kq1/T//ccvEWcWp.s:94     .text._Z17MemManage_Handlerv:0000000000000000 $t
/var/folders/l3/4y5292px21b4835bsnjwqc7w009kq1/T//ccvEWcWp.s:101    .text._Z17MemManage_Handlerv:0000000000000000 _Z17MemManage_Handlerv
.ARM.exidx.text._Z17MemManage_Handlerv:0000000000000000 $d
/var/folders/l3/4y5292px21b4835bsnjwqc7w009kq1/T//ccvEWcWp.s:118    .text._Z16BusFault_Handlerv:0000000000000000 $t
/var/folders/l3/4y5292px21b4835bsnjwqc7w009kq1/T//ccvEWcWp.s:125    .text._Z16BusFault_Handlerv:0000000000000000 _Z16BusFault_Handlerv
.ARM.exidx.text._Z16BusFault_Handlerv:0000000000000000 $d
/var/folders/l3/4y5292px21b4835bsnjwqc7w009kq1/T//ccvEWcWp.s:142    .text._Z18UsageFault_Handlerv:0000000000000000 $t
/var/folders/l3/4y5292px21b4835bsnjwqc7w009kq1/T//ccvEWcWp.s:149    .text._Z18UsageFault_Handlerv:0000000000000000 _Z18UsageFault_Handlerv
.ARM.exidx.text._Z18UsageFault_Handlerv:0000000000000000 $d
/var/folders/l3/4y5292px21b4835bsnjwqc7w009kq1/T//ccvEWcWp.s:166    .text._Z16DebugMon_Handlerv:0000000000000000 $t
/var/folders/l3/4y5292px21b4835bsnjwqc7w009kq1/T//ccvEWcWp.s:173    .text._Z16DebugMon_Handlerv:0000000000000000 _Z16DebugMon_Handlerv
.ARM.exidx.text._Z16DebugMon_Handlerv:0000000000000000 $d
/var/folders/l3/4y5292px21b4835bsnjwqc7w009kq1/T//ccvEWcWp.s:189    .rodata._Z17HardFault_Handlerv.str1.4:0000000000000000 $d

NO UNDEFINED SYMBOLS
