ARM GAS  /var/folders/l3/4y5292px21b4835bsnjwqc7w009kq1/T//ccR625hc.s 			page 1


   1              		.cpu cortex-m4
   2              		.eabi_attribute 27, 1
   3              		.eabi_attribute 20, 1
   4              		.eabi_attribute 21, 1
   5              		.eabi_attribute 23, 3
   6              		.eabi_attribute 24, 1
   7              		.eabi_attribute 25, 1
   8              		.eabi_attribute 26, 1
   9              		.eabi_attribute 30, 1
  10              		.eabi_attribute 34, 1
  11              		.eabi_attribute 18, 4
  12              		.file	"duration.cpp"
  13              		.text
  14              		.section	.text._ZN3ros22normalizeSecNSecSignedERlS0_,"ax",%progbits
  15              		.align	1
  16              		.global	_ZN3ros22normalizeSecNSecSignedERlS0_
  17              		.syntax unified
  18              		.thumb
  19              		.thumb_func
  20              		.fpu fpv4-sp-d16
  22              	_ZN3ros22normalizeSecNSecSignedERlS0_:
  23              		.fnstart
  24              	.LFB232:
  25              		@ args = 0, pretend = 0, frame = 0
  26              		@ frame_needed = 0, uses_anonymous_args = 0
  27              		@ link register save eliminated.
  28 0000 10B4     		push	{r4}
  29 0002 0B68     		ldr	r3, [r1]
  30 0004 0268     		ldr	r2, [r0]
  31              	.L3:
  32 0006 0D4C     		ldr	r4, .L6
  33 0008 A342     		cmp	r3, r4
  34 000a 07DD     		ble	.L2
  35 000c 03F14443 		add	r3, r3, #-1006632960
  36 0010 03F5CA03 		add	r3, r3, #6619136
  37 0014 03F55853 		add	r3, r3, #13824
  38 0018 0132     		adds	r2, r2, #1
  39 001a F4E7     		b	.L3
  40              	.L2:
  41 001c 002B     		cmp	r3, #0
  42 001e 07DA     		bge	.L4
  43 0020 03F16E53 		add	r3, r3, #998244352
  44 0024 03F5D613 		add	r3, r3, #1753088
  45 0028 03F52063 		add	r3, r3, #2560
  46 002c 013A     		subs	r2, r2, #1
  47 002e F5E7     		b	.L2
  48              	.L4:
  49 0030 0260     		str	r2, [r0]
  50 0032 0B60     		str	r3, [r1]
  51 0034 5DF8044B 		ldr	r4, [sp], #4
  52 0038 7047     		bx	lr
  53              	.L7:
  54 003a 00BF     		.align	2
  55              	.L6:
  56 003c 00CA9A3B 		.word	1000000000
  57              		.cantunwind
  58              		.fnend
ARM GAS  /var/folders/l3/4y5292px21b4835bsnjwqc7w009kq1/T//ccR625hc.s 			page 2


  60              		.section	.text._ZN3ros8DurationpLERKS0_,"ax",%progbits
  61              		.align	1
  62              		.global	_ZN3ros8DurationpLERKS0_
  63              		.syntax unified
  64              		.thumb
  65              		.thumb_func
  66              		.fpu fpv4-sp-d16
  68              	_ZN3ros8DurationpLERKS0_:
  69              		.fnstart
  70              	.LFB233:
  71              		@ args = 0, pretend = 0, frame = 0
  72              		@ frame_needed = 0, uses_anonymous_args = 0
  73 0000 10B5     		push	{r4, lr}
  74 0002 0446     		mov	r4, r0
  75 0004 0A68     		ldr	r2, [r1]
  76 0006 0368     		ldr	r3, [r0]
  77 0008 1344     		add	r3, r3, r2
  78 000a 0360     		str	r3, [r0]
  79 000c 4A68     		ldr	r2, [r1, #4]
  80 000e 4368     		ldr	r3, [r0, #4]
  81 0010 1344     		add	r3, r3, r2
  82 0012 0146     		mov	r1, r0
  83 0014 41F8043F 		str	r3, [r1, #4]!
  84 0018 FFF7FEFF 		bl	_ZN3ros22normalizeSecNSecSignedERlS0_
  85 001c 2046     		mov	r0, r4
  86 001e 10BD     		pop	{r4, pc}
  87              		.cantunwind
  88              		.fnend
  90              		.section	.text._ZN3ros8DurationmIERKS0_,"ax",%progbits
  91              		.align	1
  92              		.global	_ZN3ros8DurationmIERKS0_
  93              		.syntax unified
  94              		.thumb
  95              		.thumb_func
  96              		.fpu fpv4-sp-d16
  98              	_ZN3ros8DurationmIERKS0_:
  99              		.fnstart
 100              	.LFB234:
 101              		@ args = 0, pretend = 0, frame = 0
 102              		@ frame_needed = 0, uses_anonymous_args = 0
 103 0000 10B5     		push	{r4, lr}
 104 0002 0446     		mov	r4, r0
 105 0004 0A68     		ldr	r2, [r1]
 106 0006 0368     		ldr	r3, [r0]
 107 0008 9B1A     		subs	r3, r3, r2
 108 000a 0360     		str	r3, [r0]
 109 000c 4A68     		ldr	r2, [r1, #4]
 110 000e 4368     		ldr	r3, [r0, #4]
 111 0010 9B1A     		subs	r3, r3, r2
 112 0012 0146     		mov	r1, r0
 113 0014 41F8043F 		str	r3, [r1, #4]!
 114 0018 FFF7FEFF 		bl	_ZN3ros22normalizeSecNSecSignedERlS0_
 115 001c 2046     		mov	r0, r4
 116 001e 10BD     		pop	{r4, pc}
 117              		.cantunwind
 118              		.fnend
 120              		.global	__aeabi_i2d
ARM GAS  /var/folders/l3/4y5292px21b4835bsnjwqc7w009kq1/T//ccR625hc.s 			page 3


 121              		.global	__aeabi_dmul
 122              		.global	__aeabi_d2iz
 123              		.section	.text._ZN3ros8DurationmLEd,"ax",%progbits
 124              		.align	1
 125              		.global	_ZN3ros8DurationmLEd
 126              		.syntax unified
 127              		.thumb
 128              		.thumb_func
 129              		.fpu fpv4-sp-d16
 131              	_ZN3ros8DurationmLEd:
 132              		.fnstart
 133              	.LFB235:
 134              		@ args = 0, pretend = 0, frame = 0
 135              		@ frame_needed = 0, uses_anonymous_args = 0
 136 0000 D0B5     		push	{r4, r6, r7, lr}
 137 0002 0446     		mov	r4, r0
 138 0004 1646     		mov	r6, r2
 139 0006 1F46     		mov	r7, r3
 140 0008 0068     		ldr	r0, [r0]
 141 000a FFF7FEFF 		bl	__aeabi_i2d
 142 000e 3246     		mov	r2, r6
 143 0010 3B46     		mov	r3, r7
 144 0012 FFF7FEFF 		bl	__aeabi_dmul
 145 0016 FFF7FEFF 		bl	__aeabi_d2iz
 146 001a 2060     		str	r0, [r4]
 147 001c 6068     		ldr	r0, [r4, #4]
 148 001e FFF7FEFF 		bl	__aeabi_i2d
 149 0022 3246     		mov	r2, r6
 150 0024 3B46     		mov	r3, r7
 151 0026 FFF7FEFF 		bl	__aeabi_dmul
 152 002a FFF7FEFF 		bl	__aeabi_d2iz
 153 002e 2146     		mov	r1, r4
 154 0030 41F8040F 		str	r0, [r1, #4]!
 155 0034 2046     		mov	r0, r4
 156 0036 FFF7FEFF 		bl	_ZN3ros22normalizeSecNSecSignedERlS0_
 157 003a 2046     		mov	r0, r4
 158 003c D0BD     		pop	{r4, r6, r7, pc}
 159              		.cantunwind
 160              		.fnend
 162              		.ident	"GCC: (GNU Tools for Arm Embedded Processors 7-2018-q2-update) 7.3.1 20180622 (release) [AR
ARM GAS  /var/folders/l3/4y5292px21b4835bsnjwqc7w009kq1/T//ccR625hc.s 			page 4


DEFINED SYMBOLS
                            *ABS*:0000000000000000 duration.cpp
/var/folders/l3/4y5292px21b4835bsnjwqc7w009kq1/T//ccR625hc.s:15     .text._ZN3ros22normalizeSecNSecSignedERlS0_:0000000000000000 $t
/var/folders/l3/4y5292px21b4835bsnjwqc7w009kq1/T//ccR625hc.s:22     .text._ZN3ros22normalizeSecNSecSignedERlS0_:0000000000000000 _ZN3ros22normalizeSecNSecSignedERlS0_
/var/folders/l3/4y5292px21b4835bsnjwqc7w009kq1/T//ccR625hc.s:56     .text._ZN3ros22normalizeSecNSecSignedERlS0_:000000000000003c $d
.ARM.exidx.text._ZN3ros22normalizeSecNSecSignedERlS0_:0000000000000000 $d
/var/folders/l3/4y5292px21b4835bsnjwqc7w009kq1/T//ccR625hc.s:61     .text._ZN3ros8DurationpLERKS0_:0000000000000000 $t
/var/folders/l3/4y5292px21b4835bsnjwqc7w009kq1/T//ccR625hc.s:68     .text._ZN3ros8DurationpLERKS0_:0000000000000000 _ZN3ros8DurationpLERKS0_
.ARM.exidx.text._ZN3ros8DurationpLERKS0_:0000000000000000 $d
/var/folders/l3/4y5292px21b4835bsnjwqc7w009kq1/T//ccR625hc.s:91     .text._ZN3ros8DurationmIERKS0_:0000000000000000 $t
/var/folders/l3/4y5292px21b4835bsnjwqc7w009kq1/T//ccR625hc.s:98     .text._ZN3ros8DurationmIERKS0_:0000000000000000 _ZN3ros8DurationmIERKS0_
.ARM.exidx.text._ZN3ros8DurationmIERKS0_:0000000000000000 $d
/var/folders/l3/4y5292px21b4835bsnjwqc7w009kq1/T//ccR625hc.s:124    .text._ZN3ros8DurationmLEd:0000000000000000 $t
/var/folders/l3/4y5292px21b4835bsnjwqc7w009kq1/T//ccR625hc.s:131    .text._ZN3ros8DurationmLEd:0000000000000000 _ZN3ros8DurationmLEd
.ARM.exidx.text._ZN3ros8DurationmLEd:0000000000000000 $d

UNDEFINED SYMBOLS
__aeabi_i2d
__aeabi_dmul
__aeabi_d2iz
