ARM GAS  /var/folders/l3/4y5292px21b4835bsnjwqc7w009kq1/T//ccBN0DCT.s 			page 1


   1              		.cpu cortex-m4
   2              		.eabi_attribute 27, 1
   3              		.eabi_attribute 20, 1
   4              		.eabi_attribute 21, 1
   5              		.eabi_attribute 23, 3
   6              		.eabi_attribute 24, 1
   7              		.eabi_attribute 25, 1
   8              		.eabi_attribute 26, 1
   9              		.eabi_attribute 30, 1
  10              		.eabi_attribute 34, 1
  11              		.eabi_attribute 18, 4
  12              		.file	"list.c"
  13              		.text
  14              	.Ltext0:
  15              		.cfi_sections	.debug_frame
  16              		.section	.text.vListInitialise,"ax",%progbits
  17              		.align	1
  18              		.global	vListInitialise
  19              		.syntax unified
  20              		.thumb
  21              		.thumb_func
  22              		.fpu fpv4-sp-d16
  24              	vListInitialise:
  25              	.LFB128:
  26              		.file 1 "../Middlewares/FreeRTOS//Source/list.c"
   1:../Middlewares/FreeRTOS//Source/list.c **** /*
   2:../Middlewares/FreeRTOS//Source/list.c ****     FreeRTOS V9.0.0 - Copyright (C) 2016 Real Time Engineers Ltd.
   3:../Middlewares/FreeRTOS//Source/list.c ****     All rights reserved
   4:../Middlewares/FreeRTOS//Source/list.c **** 
   5:../Middlewares/FreeRTOS//Source/list.c ****     VISIT http://www.FreeRTOS.org TO ENSURE YOU ARE USING THE LATEST VERSION.
   6:../Middlewares/FreeRTOS//Source/list.c **** 
   7:../Middlewares/FreeRTOS//Source/list.c ****     This file is part of the FreeRTOS distribution.
   8:../Middlewares/FreeRTOS//Source/list.c **** 
   9:../Middlewares/FreeRTOS//Source/list.c ****     FreeRTOS is free software; you can redistribute it and/or modify it under
  10:../Middlewares/FreeRTOS//Source/list.c ****     the terms of the GNU General Public License (version 2) as published by the
  11:../Middlewares/FreeRTOS//Source/list.c ****     Free Software Foundation >>>> AND MODIFIED BY <<<< the FreeRTOS exception.
  12:../Middlewares/FreeRTOS//Source/list.c **** 
  13:../Middlewares/FreeRTOS//Source/list.c ****     ***************************************************************************
  14:../Middlewares/FreeRTOS//Source/list.c ****     >>!   NOTE: The modification to the GPL is included to allow you to     !<<
  15:../Middlewares/FreeRTOS//Source/list.c ****     >>!   distribute a combined work that includes FreeRTOS without being   !<<
  16:../Middlewares/FreeRTOS//Source/list.c ****     >>!   obliged to provide the source code for proprietary components     !<<
  17:../Middlewares/FreeRTOS//Source/list.c ****     >>!   outside of the FreeRTOS kernel.                                   !<<
  18:../Middlewares/FreeRTOS//Source/list.c ****     ***************************************************************************
  19:../Middlewares/FreeRTOS//Source/list.c **** 
  20:../Middlewares/FreeRTOS//Source/list.c ****     FreeRTOS is distributed in the hope that it will be useful, but WITHOUT ANY
  21:../Middlewares/FreeRTOS//Source/list.c ****     WARRANTY; without even the implied warranty of MERCHANTABILITY or FITNESS
  22:../Middlewares/FreeRTOS//Source/list.c ****     FOR A PARTICULAR PURPOSE.  Full license text is available on the following
  23:../Middlewares/FreeRTOS//Source/list.c ****     link: http://www.freertos.org/a00114.html
  24:../Middlewares/FreeRTOS//Source/list.c **** 
  25:../Middlewares/FreeRTOS//Source/list.c ****     ***************************************************************************
  26:../Middlewares/FreeRTOS//Source/list.c ****      *                                                                       *
  27:../Middlewares/FreeRTOS//Source/list.c ****      *    FreeRTOS provides completely free yet professionally developed,    *
  28:../Middlewares/FreeRTOS//Source/list.c ****      *    robust, strictly quality controlled, supported, and cross          *
  29:../Middlewares/FreeRTOS//Source/list.c ****      *    platform software that is more than just the market leader, it     *
  30:../Middlewares/FreeRTOS//Source/list.c ****      *    is the industry's de facto standard.                               *
  31:../Middlewares/FreeRTOS//Source/list.c ****      *                                                                       *
  32:../Middlewares/FreeRTOS//Source/list.c ****      *    Help yourself get started quickly while simultaneously helping     *
ARM GAS  /var/folders/l3/4y5292px21b4835bsnjwqc7w009kq1/T//ccBN0DCT.s 			page 2


  33:../Middlewares/FreeRTOS//Source/list.c ****      *    to support the FreeRTOS project by purchasing a FreeRTOS           *
  34:../Middlewares/FreeRTOS//Source/list.c ****      *    tutorial book, reference manual, or both:                          *
  35:../Middlewares/FreeRTOS//Source/list.c ****      *    http://www.FreeRTOS.org/Documentation                              *
  36:../Middlewares/FreeRTOS//Source/list.c ****      *                                                                       *
  37:../Middlewares/FreeRTOS//Source/list.c ****     ***************************************************************************
  38:../Middlewares/FreeRTOS//Source/list.c **** 
  39:../Middlewares/FreeRTOS//Source/list.c ****     http://www.FreeRTOS.org/FAQHelp.html - Having a problem?  Start by reading
  40:../Middlewares/FreeRTOS//Source/list.c ****     the FAQ page "My application does not run, what could be wrong?".  Have you
  41:../Middlewares/FreeRTOS//Source/list.c ****     defined configASSERT()?
  42:../Middlewares/FreeRTOS//Source/list.c **** 
  43:../Middlewares/FreeRTOS//Source/list.c ****     http://www.FreeRTOS.org/support - In return for receiving this top quality
  44:../Middlewares/FreeRTOS//Source/list.c ****     embedded software for free we request you assist our global community by
  45:../Middlewares/FreeRTOS//Source/list.c ****     participating in the support forum.
  46:../Middlewares/FreeRTOS//Source/list.c **** 
  47:../Middlewares/FreeRTOS//Source/list.c ****     http://www.FreeRTOS.org/training - Investing in training allows your team to
  48:../Middlewares/FreeRTOS//Source/list.c ****     be as productive as possible as early as possible.  Now you can receive
  49:../Middlewares/FreeRTOS//Source/list.c ****     FreeRTOS training directly from Richard Barry, CEO of Real Time Engineers
  50:../Middlewares/FreeRTOS//Source/list.c ****     Ltd, and the world's leading authority on the world's leading RTOS.
  51:../Middlewares/FreeRTOS//Source/list.c **** 
  52:../Middlewares/FreeRTOS//Source/list.c ****     http://www.FreeRTOS.org/plus - A selection of FreeRTOS ecosystem products,
  53:../Middlewares/FreeRTOS//Source/list.c ****     including FreeRTOS+Trace - an indispensable productivity tool, a DOS
  54:../Middlewares/FreeRTOS//Source/list.c ****     compatible FAT file system, and our tiny thread aware UDP/IP stack.
  55:../Middlewares/FreeRTOS//Source/list.c **** 
  56:../Middlewares/FreeRTOS//Source/list.c ****     http://www.FreeRTOS.org/labs - Where new FreeRTOS products go to incubate.
  57:../Middlewares/FreeRTOS//Source/list.c ****     Come and try FreeRTOS+TCP, our new open source TCP/IP stack for FreeRTOS.
  58:../Middlewares/FreeRTOS//Source/list.c **** 
  59:../Middlewares/FreeRTOS//Source/list.c ****     http://www.OpenRTOS.com - Real Time Engineers ltd. license FreeRTOS to High
  60:../Middlewares/FreeRTOS//Source/list.c ****     Integrity Systems ltd. to sell under the OpenRTOS brand.  Low cost OpenRTOS
  61:../Middlewares/FreeRTOS//Source/list.c ****     licenses offer ticketed support, indemnification and commercial middleware.
  62:../Middlewares/FreeRTOS//Source/list.c **** 
  63:../Middlewares/FreeRTOS//Source/list.c ****     http://www.SafeRTOS.com - High Integrity Systems also provide a safety
  64:../Middlewares/FreeRTOS//Source/list.c ****     engineered and independently SIL3 certified version for use in safety and
  65:../Middlewares/FreeRTOS//Source/list.c ****     mission critical applications that require provable dependability.
  66:../Middlewares/FreeRTOS//Source/list.c **** 
  67:../Middlewares/FreeRTOS//Source/list.c ****     1 tab == 4 spaces!
  68:../Middlewares/FreeRTOS//Source/list.c **** */
  69:../Middlewares/FreeRTOS//Source/list.c **** 
  70:../Middlewares/FreeRTOS//Source/list.c **** 
  71:../Middlewares/FreeRTOS//Source/list.c **** #include <stdlib.h>
  72:../Middlewares/FreeRTOS//Source/list.c **** #include "FreeRTOS.h"
  73:../Middlewares/FreeRTOS//Source/list.c **** #include "list.h"
  74:../Middlewares/FreeRTOS//Source/list.c **** 
  75:../Middlewares/FreeRTOS//Source/list.c **** /*-----------------------------------------------------------
  76:../Middlewares/FreeRTOS//Source/list.c ****  * PUBLIC LIST API documented in list.h
  77:../Middlewares/FreeRTOS//Source/list.c ****  *----------------------------------------------------------*/
  78:../Middlewares/FreeRTOS//Source/list.c **** 
  79:../Middlewares/FreeRTOS//Source/list.c **** void vListInitialise( List_t * const pxList )
  80:../Middlewares/FreeRTOS//Source/list.c **** {
  27              		.loc 1 80 0
  28              		.cfi_startproc
  29              		@ args = 0, pretend = 0, frame = 0
  30              		@ frame_needed = 0, uses_anonymous_args = 0
  31              		@ link register save eliminated.
  32              	.LVL0:
  81:../Middlewares/FreeRTOS//Source/list.c **** 	/* The list structure contains a list item which is used to mark the
  82:../Middlewares/FreeRTOS//Source/list.c **** 	end of the list.  To initialise the list the list end is inserted
  83:../Middlewares/FreeRTOS//Source/list.c **** 	as the only list entry. */
ARM GAS  /var/folders/l3/4y5292px21b4835bsnjwqc7w009kq1/T//ccBN0DCT.s 			page 3


  84:../Middlewares/FreeRTOS//Source/list.c **** 	pxList->pxIndex = ( ListItem_t * ) &( pxList->xListEnd );			/*lint !e826 !e740 The mini list struc
  33              		.loc 1 84 0
  34 0000 00F10803 		add	r3, r0, #8
  35 0004 4360     		str	r3, [r0, #4]
  85:../Middlewares/FreeRTOS//Source/list.c **** 
  86:../Middlewares/FreeRTOS//Source/list.c **** 	/* The list end value is the highest possible value in the list to
  87:../Middlewares/FreeRTOS//Source/list.c **** 	ensure it remains at the end of the list. */
  88:../Middlewares/FreeRTOS//Source/list.c **** 	pxList->xListEnd.xItemValue = portMAX_DELAY;
  36              		.loc 1 88 0
  37 0006 4FF0FF32 		mov	r2, #-1
  38 000a 8260     		str	r2, [r0, #8]
  89:../Middlewares/FreeRTOS//Source/list.c **** 
  90:../Middlewares/FreeRTOS//Source/list.c **** 	/* The list end next and previous pointers point to itself so we know
  91:../Middlewares/FreeRTOS//Source/list.c **** 	when the list is empty. */
  92:../Middlewares/FreeRTOS//Source/list.c **** 	pxList->xListEnd.pxNext = ( ListItem_t * ) &( pxList->xListEnd );	/*lint !e826 !e740 The mini list
  39              		.loc 1 92 0
  40 000c C360     		str	r3, [r0, #12]
  93:../Middlewares/FreeRTOS//Source/list.c **** 	pxList->xListEnd.pxPrevious = ( ListItem_t * ) &( pxList->xListEnd );/*lint !e826 !e740 The mini l
  41              		.loc 1 93 0
  42 000e 0361     		str	r3, [r0, #16]
  94:../Middlewares/FreeRTOS//Source/list.c **** 
  95:../Middlewares/FreeRTOS//Source/list.c **** 	pxList->uxNumberOfItems = ( UBaseType_t ) 0U;
  43              		.loc 1 95 0
  44 0010 0023     		movs	r3, #0
  45 0012 0360     		str	r3, [r0]
  96:../Middlewares/FreeRTOS//Source/list.c **** 
  97:../Middlewares/FreeRTOS//Source/list.c **** 	/* Write known values into the list if
  98:../Middlewares/FreeRTOS//Source/list.c **** 	configUSE_LIST_DATA_INTEGRITY_CHECK_BYTES is set to 1. */
  99:../Middlewares/FreeRTOS//Source/list.c **** 	listSET_LIST_INTEGRITY_CHECK_1_VALUE( pxList );
 100:../Middlewares/FreeRTOS//Source/list.c **** 	listSET_LIST_INTEGRITY_CHECK_2_VALUE( pxList );
 101:../Middlewares/FreeRTOS//Source/list.c **** }
  46              		.loc 1 101 0
  47 0014 7047     		bx	lr
  48              		.cfi_endproc
  49              	.LFE128:
  51              		.section	.text.vListInitialiseItem,"ax",%progbits
  52              		.align	1
  53              		.global	vListInitialiseItem
  54              		.syntax unified
  55              		.thumb
  56              		.thumb_func
  57              		.fpu fpv4-sp-d16
  59              	vListInitialiseItem:
  60              	.LFB129:
 102:../Middlewares/FreeRTOS//Source/list.c **** /*-----------------------------------------------------------*/
 103:../Middlewares/FreeRTOS//Source/list.c **** 
 104:../Middlewares/FreeRTOS//Source/list.c **** void vListInitialiseItem( ListItem_t * const pxItem )
 105:../Middlewares/FreeRTOS//Source/list.c **** {
  61              		.loc 1 105 0
  62              		.cfi_startproc
  63              		@ args = 0, pretend = 0, frame = 0
  64              		@ frame_needed = 0, uses_anonymous_args = 0
  65              		@ link register save eliminated.
  66              	.LVL1:
 106:../Middlewares/FreeRTOS//Source/list.c **** 	/* Make sure the list item is not recorded as being on a list. */
 107:../Middlewares/FreeRTOS//Source/list.c **** 	pxItem->pvContainer = NULL;
  67              		.loc 1 107 0
ARM GAS  /var/folders/l3/4y5292px21b4835bsnjwqc7w009kq1/T//ccBN0DCT.s 			page 4


  68 0000 0023     		movs	r3, #0
  69 0002 0361     		str	r3, [r0, #16]
 108:../Middlewares/FreeRTOS//Source/list.c **** 
 109:../Middlewares/FreeRTOS//Source/list.c **** 	/* Write known values into the list item if
 110:../Middlewares/FreeRTOS//Source/list.c **** 	configUSE_LIST_DATA_INTEGRITY_CHECK_BYTES is set to 1. */
 111:../Middlewares/FreeRTOS//Source/list.c **** 	listSET_FIRST_LIST_ITEM_INTEGRITY_CHECK_VALUE( pxItem );
 112:../Middlewares/FreeRTOS//Source/list.c **** 	listSET_SECOND_LIST_ITEM_INTEGRITY_CHECK_VALUE( pxItem );
 113:../Middlewares/FreeRTOS//Source/list.c **** }
  70              		.loc 1 113 0
  71 0004 7047     		bx	lr
  72              		.cfi_endproc
  73              	.LFE129:
  75              		.section	.text.vListInsertEnd,"ax",%progbits
  76              		.align	1
  77              		.global	vListInsertEnd
  78              		.syntax unified
  79              		.thumb
  80              		.thumb_func
  81              		.fpu fpv4-sp-d16
  83              	vListInsertEnd:
  84              	.LFB130:
 114:../Middlewares/FreeRTOS//Source/list.c **** /*-----------------------------------------------------------*/
 115:../Middlewares/FreeRTOS//Source/list.c **** 
 116:../Middlewares/FreeRTOS//Source/list.c **** void vListInsertEnd( List_t * const pxList, ListItem_t * const pxNewListItem )
 117:../Middlewares/FreeRTOS//Source/list.c **** {
  85              		.loc 1 117 0
  86              		.cfi_startproc
  87              		@ args = 0, pretend = 0, frame = 0
  88              		@ frame_needed = 0, uses_anonymous_args = 0
  89              		@ link register save eliminated.
  90              	.LVL2:
 118:../Middlewares/FreeRTOS//Source/list.c **** ListItem_t * const pxIndex = pxList->pxIndex;
  91              		.loc 1 118 0
  92 0000 4368     		ldr	r3, [r0, #4]
  93              	.LVL3:
 119:../Middlewares/FreeRTOS//Source/list.c **** 
 120:../Middlewares/FreeRTOS//Source/list.c **** 	/* Only effective when configASSERT() is also defined, these tests may catch
 121:../Middlewares/FreeRTOS//Source/list.c **** 	the list data structures being overwritten in memory.  They will not catch
 122:../Middlewares/FreeRTOS//Source/list.c **** 	data errors caused by incorrect configuration or use of FreeRTOS. */
 123:../Middlewares/FreeRTOS//Source/list.c **** 	listTEST_LIST_INTEGRITY( pxList );
 124:../Middlewares/FreeRTOS//Source/list.c **** 	listTEST_LIST_ITEM_INTEGRITY( pxNewListItem );
 125:../Middlewares/FreeRTOS//Source/list.c **** 
 126:../Middlewares/FreeRTOS//Source/list.c **** 	/* Insert a new list item into pxList, but rather than sort the list,
 127:../Middlewares/FreeRTOS//Source/list.c **** 	makes the new list item the last item to be removed by a call to
 128:../Middlewares/FreeRTOS//Source/list.c **** 	listGET_OWNER_OF_NEXT_ENTRY(). */
 129:../Middlewares/FreeRTOS//Source/list.c **** 	pxNewListItem->pxNext = pxIndex;
  94              		.loc 1 129 0
  95 0002 4B60     		str	r3, [r1, #4]
 130:../Middlewares/FreeRTOS//Source/list.c **** 	pxNewListItem->pxPrevious = pxIndex->pxPrevious;
  96              		.loc 1 130 0
  97 0004 9A68     		ldr	r2, [r3, #8]
  98 0006 8A60     		str	r2, [r1, #8]
 131:../Middlewares/FreeRTOS//Source/list.c **** 
 132:../Middlewares/FreeRTOS//Source/list.c **** 	/* Only used during decision coverage testing. */
 133:../Middlewares/FreeRTOS//Source/list.c **** 	mtCOVERAGE_TEST_DELAY();
 134:../Middlewares/FreeRTOS//Source/list.c **** 
 135:../Middlewares/FreeRTOS//Source/list.c **** 	pxIndex->pxPrevious->pxNext = pxNewListItem;
ARM GAS  /var/folders/l3/4y5292px21b4835bsnjwqc7w009kq1/T//ccBN0DCT.s 			page 5


  99              		.loc 1 135 0
 100 0008 9A68     		ldr	r2, [r3, #8]
 101 000a 5160     		str	r1, [r2, #4]
 136:../Middlewares/FreeRTOS//Source/list.c **** 	pxIndex->pxPrevious = pxNewListItem;
 102              		.loc 1 136 0
 103 000c 9960     		str	r1, [r3, #8]
 137:../Middlewares/FreeRTOS//Source/list.c **** 
 138:../Middlewares/FreeRTOS//Source/list.c **** 	/* Remember which list the item is in. */
 139:../Middlewares/FreeRTOS//Source/list.c **** 	pxNewListItem->pvContainer = ( void * ) pxList;
 104              		.loc 1 139 0
 105 000e 0861     		str	r0, [r1, #16]
 140:../Middlewares/FreeRTOS//Source/list.c **** 
 141:../Middlewares/FreeRTOS//Source/list.c **** 	( pxList->uxNumberOfItems )++;
 106              		.loc 1 141 0
 107 0010 0368     		ldr	r3, [r0]
 108              	.LVL4:
 109 0012 0133     		adds	r3, r3, #1
 110 0014 0360     		str	r3, [r0]
 142:../Middlewares/FreeRTOS//Source/list.c **** }
 111              		.loc 1 142 0
 112 0016 7047     		bx	lr
 113              		.cfi_endproc
 114              	.LFE130:
 116              		.section	.text.vListInsert,"ax",%progbits
 117              		.align	1
 118              		.global	vListInsert
 119              		.syntax unified
 120              		.thumb
 121              		.thumb_func
 122              		.fpu fpv4-sp-d16
 124              	vListInsert:
 125              	.LFB131:
 143:../Middlewares/FreeRTOS//Source/list.c **** /*-----------------------------------------------------------*/
 144:../Middlewares/FreeRTOS//Source/list.c **** 
 145:../Middlewares/FreeRTOS//Source/list.c **** void vListInsert( List_t * const pxList, ListItem_t * const pxNewListItem )
 146:../Middlewares/FreeRTOS//Source/list.c **** {
 126              		.loc 1 146 0
 127              		.cfi_startproc
 128              		@ args = 0, pretend = 0, frame = 0
 129              		@ frame_needed = 0, uses_anonymous_args = 0
 130              		@ link register save eliminated.
 131              	.LVL5:
 132 0000 30B4     		push	{r4, r5}
 133              	.LCFI0:
 134              		.cfi_def_cfa_offset 8
 135              		.cfi_offset 4, -8
 136              		.cfi_offset 5, -4
 147:../Middlewares/FreeRTOS//Source/list.c **** ListItem_t *pxIterator;
 148:../Middlewares/FreeRTOS//Source/list.c **** const TickType_t xValueOfInsertion = pxNewListItem->xItemValue;
 137              		.loc 1 148 0
 138 0002 0D68     		ldr	r5, [r1]
 139              	.LVL6:
 149:../Middlewares/FreeRTOS//Source/list.c **** 
 150:../Middlewares/FreeRTOS//Source/list.c **** 	/* Only effective when configASSERT() is also defined, these tests may catch
 151:../Middlewares/FreeRTOS//Source/list.c **** 	the list data structures being overwritten in memory.  They will not catch
 152:../Middlewares/FreeRTOS//Source/list.c **** 	data errors caused by incorrect configuration or use of FreeRTOS. */
 153:../Middlewares/FreeRTOS//Source/list.c **** 	listTEST_LIST_INTEGRITY( pxList );
ARM GAS  /var/folders/l3/4y5292px21b4835bsnjwqc7w009kq1/T//ccBN0DCT.s 			page 6


 154:../Middlewares/FreeRTOS//Source/list.c **** 	listTEST_LIST_ITEM_INTEGRITY( pxNewListItem );
 155:../Middlewares/FreeRTOS//Source/list.c **** 
 156:../Middlewares/FreeRTOS//Source/list.c **** 	/* Insert the new list item into the list, sorted in xItemValue order.
 157:../Middlewares/FreeRTOS//Source/list.c **** 
 158:../Middlewares/FreeRTOS//Source/list.c **** 	If the list already contains a list item with the same item value then the
 159:../Middlewares/FreeRTOS//Source/list.c **** 	new list item should be placed after it.  This ensures that TCB's which are
 160:../Middlewares/FreeRTOS//Source/list.c **** 	stored in ready lists (all of which have the same xItemValue value) get a
 161:../Middlewares/FreeRTOS//Source/list.c **** 	share of the CPU.  However, if the xItemValue is the same as the back marker
 162:../Middlewares/FreeRTOS//Source/list.c **** 	the iteration loop below will not end.  Therefore the value is checked
 163:../Middlewares/FreeRTOS//Source/list.c **** 	first, and the algorithm slightly modified if necessary. */
 164:../Middlewares/FreeRTOS//Source/list.c **** 	if( xValueOfInsertion == portMAX_DELAY )
 140              		.loc 1 164 0
 141 0004 B5F1FF3F 		cmp	r5, #-1
 142 0008 02D0     		beq	.L10
 165:../Middlewares/FreeRTOS//Source/list.c **** 	{
 166:../Middlewares/FreeRTOS//Source/list.c **** 		pxIterator = pxList->xListEnd.pxPrevious;
 167:../Middlewares/FreeRTOS//Source/list.c **** 	}
 168:../Middlewares/FreeRTOS//Source/list.c **** 	else
 169:../Middlewares/FreeRTOS//Source/list.c **** 	{
 170:../Middlewares/FreeRTOS//Source/list.c **** 		/* *** NOTE ***********************************************************
 171:../Middlewares/FreeRTOS//Source/list.c **** 		If you find your application is crashing here then likely causes are
 172:../Middlewares/FreeRTOS//Source/list.c **** 		listed below.  In addition see http://www.freertos.org/FAQHelp.html for
 173:../Middlewares/FreeRTOS//Source/list.c **** 		more tips, and ensure configASSERT() is defined!
 174:../Middlewares/FreeRTOS//Source/list.c **** 		http://www.freertos.org/a00110.html#configASSERT
 175:../Middlewares/FreeRTOS//Source/list.c **** 
 176:../Middlewares/FreeRTOS//Source/list.c **** 			1) Stack overflow -
 177:../Middlewares/FreeRTOS//Source/list.c **** 			   see http://www.freertos.org/Stacks-and-stack-overflow-checking.html
 178:../Middlewares/FreeRTOS//Source/list.c **** 			2) Incorrect interrupt priority assignment, especially on Cortex-M
 179:../Middlewares/FreeRTOS//Source/list.c **** 			   parts where numerically high priority values denote low actual
 180:../Middlewares/FreeRTOS//Source/list.c **** 			   interrupt priorities, which can seem counter intuitive.  See
 181:../Middlewares/FreeRTOS//Source/list.c **** 			   http://www.freertos.org/RTOS-Cortex-M3-M4.html and the definition
 182:../Middlewares/FreeRTOS//Source/list.c **** 			   of configMAX_SYSCALL_INTERRUPT_PRIORITY on
 183:../Middlewares/FreeRTOS//Source/list.c **** 			   http://www.freertos.org/a00110.html
 184:../Middlewares/FreeRTOS//Source/list.c **** 			3) Calling an API function from within a critical section or when
 185:../Middlewares/FreeRTOS//Source/list.c **** 			   the scheduler is suspended, or calling an API function that does
 186:../Middlewares/FreeRTOS//Source/list.c **** 			   not end in "FromISR" from an interrupt.
 187:../Middlewares/FreeRTOS//Source/list.c **** 			4) Using a queue or semaphore before it has been initialised or
 188:../Middlewares/FreeRTOS//Source/list.c **** 			   before the scheduler has been started (are interrupts firing
 189:../Middlewares/FreeRTOS//Source/list.c **** 			   before vTaskStartScheduler() has been called?).
 190:../Middlewares/FreeRTOS//Source/list.c **** 		**********************************************************************/
 191:../Middlewares/FreeRTOS//Source/list.c **** 
 192:../Middlewares/FreeRTOS//Source/list.c **** 		for( pxIterator = ( ListItem_t * ) &( pxList->xListEnd ); pxIterator->pxNext->xItemValue <= xValu
 143              		.loc 1 192 0
 144 000a 00F10802 		add	r2, r0, #8
 145              	.LVL7:
 146 000e 02E0     		b	.L7
 147              	.LVL8:
 148              	.L10:
 166:../Middlewares/FreeRTOS//Source/list.c **** 	}
 149              		.loc 1 166 0
 150 0010 0269     		ldr	r2, [r0, #16]
 151              	.LVL9:
 152 0012 04E0     		b	.L6
 153              	.L8:
 154              		.loc 1 192 0
 155 0014 1A46     		mov	r2, r3
 156              	.LVL10:
ARM GAS  /var/folders/l3/4y5292px21b4835bsnjwqc7w009kq1/T//ccBN0DCT.s 			page 7


 157              	.L7:
 158              		.loc 1 192 0 is_stmt 0 discriminator 1
 159 0016 5368     		ldr	r3, [r2, #4]
 160 0018 1C68     		ldr	r4, [r3]
 161 001a AC42     		cmp	r4, r5
 162 001c FAD9     		bls	.L8
 163              	.L6:
 193:../Middlewares/FreeRTOS//Source/list.c **** 		{
 194:../Middlewares/FreeRTOS//Source/list.c **** 			/* There is nothing to do here, just iterating to the wanted
 195:../Middlewares/FreeRTOS//Source/list.c **** 			insertion position. */
 196:../Middlewares/FreeRTOS//Source/list.c **** 		}
 197:../Middlewares/FreeRTOS//Source/list.c **** 	}
 198:../Middlewares/FreeRTOS//Source/list.c **** 
 199:../Middlewares/FreeRTOS//Source/list.c **** 	pxNewListItem->pxNext = pxIterator->pxNext;
 164              		.loc 1 199 0 is_stmt 1
 165 001e 5368     		ldr	r3, [r2, #4]
 166 0020 4B60     		str	r3, [r1, #4]
 200:../Middlewares/FreeRTOS//Source/list.c **** 	pxNewListItem->pxNext->pxPrevious = pxNewListItem;
 167              		.loc 1 200 0
 168 0022 9960     		str	r1, [r3, #8]
 201:../Middlewares/FreeRTOS//Source/list.c **** 	pxNewListItem->pxPrevious = pxIterator;
 169              		.loc 1 201 0
 170 0024 8A60     		str	r2, [r1, #8]
 202:../Middlewares/FreeRTOS//Source/list.c **** 	pxIterator->pxNext = pxNewListItem;
 171              		.loc 1 202 0
 172 0026 5160     		str	r1, [r2, #4]
 203:../Middlewares/FreeRTOS//Source/list.c **** 
 204:../Middlewares/FreeRTOS//Source/list.c **** 	/* Remember which list the item is in.  This allows fast removal of the
 205:../Middlewares/FreeRTOS//Source/list.c **** 	item later. */
 206:../Middlewares/FreeRTOS//Source/list.c **** 	pxNewListItem->pvContainer = ( void * ) pxList;
 173              		.loc 1 206 0
 174 0028 0861     		str	r0, [r1, #16]
 207:../Middlewares/FreeRTOS//Source/list.c **** 
 208:../Middlewares/FreeRTOS//Source/list.c **** 	( pxList->uxNumberOfItems )++;
 175              		.loc 1 208 0
 176 002a 0368     		ldr	r3, [r0]
 177 002c 0133     		adds	r3, r3, #1
 178 002e 0360     		str	r3, [r0]
 209:../Middlewares/FreeRTOS//Source/list.c **** }
 179              		.loc 1 209 0
 180 0030 30BC     		pop	{r4, r5}
 181              	.LCFI1:
 182              		.cfi_restore 5
 183              		.cfi_restore 4
 184              		.cfi_def_cfa_offset 0
 185              	.LVL11:
 186 0032 7047     		bx	lr
 187              		.cfi_endproc
 188              	.LFE131:
 190              		.section	.text.uxListRemove,"ax",%progbits
 191              		.align	1
 192              		.global	uxListRemove
 193              		.syntax unified
 194              		.thumb
 195              		.thumb_func
 196              		.fpu fpv4-sp-d16
 198              	uxListRemove:
ARM GAS  /var/folders/l3/4y5292px21b4835bsnjwqc7w009kq1/T//ccBN0DCT.s 			page 8


 199              	.LFB132:
 210:../Middlewares/FreeRTOS//Source/list.c **** /*-----------------------------------------------------------*/
 211:../Middlewares/FreeRTOS//Source/list.c **** 
 212:../Middlewares/FreeRTOS//Source/list.c **** UBaseType_t uxListRemove( ListItem_t * const pxItemToRemove )
 213:../Middlewares/FreeRTOS//Source/list.c **** {
 200              		.loc 1 213 0
 201              		.cfi_startproc
 202              		@ args = 0, pretend = 0, frame = 0
 203              		@ frame_needed = 0, uses_anonymous_args = 0
 204              		@ link register save eliminated.
 205              	.LVL12:
 214:../Middlewares/FreeRTOS//Source/list.c **** /* The list item knows which list it is in.  Obtain the list from the list
 215:../Middlewares/FreeRTOS//Source/list.c **** item. */
 216:../Middlewares/FreeRTOS//Source/list.c **** List_t * const pxList = ( List_t * ) pxItemToRemove->pvContainer;
 206              		.loc 1 216 0
 207 0000 0369     		ldr	r3, [r0, #16]
 208              	.LVL13:
 217:../Middlewares/FreeRTOS//Source/list.c **** 
 218:../Middlewares/FreeRTOS//Source/list.c **** 	pxItemToRemove->pxNext->pxPrevious = pxItemToRemove->pxPrevious;
 209              		.loc 1 218 0
 210 0002 4268     		ldr	r2, [r0, #4]
 211 0004 8168     		ldr	r1, [r0, #8]
 212 0006 9160     		str	r1, [r2, #8]
 219:../Middlewares/FreeRTOS//Source/list.c **** 	pxItemToRemove->pxPrevious->pxNext = pxItemToRemove->pxNext;
 213              		.loc 1 219 0
 214 0008 8268     		ldr	r2, [r0, #8]
 215 000a 4168     		ldr	r1, [r0, #4]
 216 000c 5160     		str	r1, [r2, #4]
 220:../Middlewares/FreeRTOS//Source/list.c **** 
 221:../Middlewares/FreeRTOS//Source/list.c **** 	/* Only used during decision coverage testing. */
 222:../Middlewares/FreeRTOS//Source/list.c **** 	mtCOVERAGE_TEST_DELAY();
 223:../Middlewares/FreeRTOS//Source/list.c **** 
 224:../Middlewares/FreeRTOS//Source/list.c **** 	/* Make sure the index is left pointing to a valid item. */
 225:../Middlewares/FreeRTOS//Source/list.c **** 	if( pxList->pxIndex == pxItemToRemove )
 217              		.loc 1 225 0
 218 000e 5A68     		ldr	r2, [r3, #4]
 219 0010 8242     		cmp	r2, r0
 220 0012 05D0     		beq	.L13
 221              	.L12:
 226:../Middlewares/FreeRTOS//Source/list.c **** 	{
 227:../Middlewares/FreeRTOS//Source/list.c **** 		pxList->pxIndex = pxItemToRemove->pxPrevious;
 228:../Middlewares/FreeRTOS//Source/list.c **** 	}
 229:../Middlewares/FreeRTOS//Source/list.c **** 	else
 230:../Middlewares/FreeRTOS//Source/list.c **** 	{
 231:../Middlewares/FreeRTOS//Source/list.c **** 		mtCOVERAGE_TEST_MARKER();
 232:../Middlewares/FreeRTOS//Source/list.c **** 	}
 233:../Middlewares/FreeRTOS//Source/list.c **** 
 234:../Middlewares/FreeRTOS//Source/list.c **** 	pxItemToRemove->pvContainer = NULL;
 222              		.loc 1 234 0
 223 0014 0022     		movs	r2, #0
 224 0016 0261     		str	r2, [r0, #16]
 235:../Middlewares/FreeRTOS//Source/list.c **** 	( pxList->uxNumberOfItems )--;
 225              		.loc 1 235 0
 226 0018 1868     		ldr	r0, [r3]
 227              	.LVL14:
 228 001a 0138     		subs	r0, r0, #1
 229 001c 1860     		str	r0, [r3]
ARM GAS  /var/folders/l3/4y5292px21b4835bsnjwqc7w009kq1/T//ccBN0DCT.s 			page 9


 236:../Middlewares/FreeRTOS//Source/list.c **** 
 237:../Middlewares/FreeRTOS//Source/list.c **** 	return pxList->uxNumberOfItems;
 238:../Middlewares/FreeRTOS//Source/list.c **** }
 230              		.loc 1 238 0
 231 001e 7047     		bx	lr
 232              	.LVL15:
 233              	.L13:
 227:../Middlewares/FreeRTOS//Source/list.c **** 	}
 234              		.loc 1 227 0
 235 0020 8268     		ldr	r2, [r0, #8]
 236 0022 5A60     		str	r2, [r3, #4]
 237 0024 F6E7     		b	.L12
 238              		.cfi_endproc
 239              	.LFE132:
 241              		.text
 242              	.Letext0:
 243              		.file 2 "/usr/local/Cellar/gcc-arm-none-eabi/20180627/arm-none-eabi/include/machine/_default_types
 244              		.file 3 "/usr/local/Cellar/gcc-arm-none-eabi/20180627/arm-none-eabi/include/sys/lock.h"
 245              		.file 4 "/usr/local/Cellar/gcc-arm-none-eabi/20180627/arm-none-eabi/include/sys/_types.h"
 246              		.file 5 "/usr/local/Cellar/gcc-arm-none-eabi/20180627/lib/gcc/arm-none-eabi/7.3.1/include/stddef.h
 247              		.file 6 "/usr/local/Cellar/gcc-arm-none-eabi/20180627/arm-none-eabi/include/sys/reent.h"
 248              		.file 7 "/usr/local/Cellar/gcc-arm-none-eabi/20180627/arm-none-eabi/include/stdlib.h"
 249              		.file 8 "/usr/local/Cellar/gcc-arm-none-eabi/20180627/arm-none-eabi/include/sys/_stdint.h"
 250              		.file 9 "../Libraries/CMSIS/CM4/CoreSupport/core_cm4.h"
 251              		.file 10 "../Libraries/CMSIS/CM4/DeviceSupport/system_at32f4xx.h"
 252              		.file 11 "Inc/FreeRTOSConfig.h"
 253              		.file 12 "../Middlewares/FreeRTOS//Source/portable/GCC/ARM_CM4F/portmacro.h"
 254              		.file 13 "../Middlewares/FreeRTOS//Source/include/list.h"
ARM GAS  /var/folders/l3/4y5292px21b4835bsnjwqc7w009kq1/T//ccBN0DCT.s 			page 10


DEFINED SYMBOLS
                            *ABS*:0000000000000000 list.c
/var/folders/l3/4y5292px21b4835bsnjwqc7w009kq1/T//ccBN0DCT.s:17     .text.vListInitialise:0000000000000000 $t
/var/folders/l3/4y5292px21b4835bsnjwqc7w009kq1/T//ccBN0DCT.s:24     .text.vListInitialise:0000000000000000 vListInitialise
/var/folders/l3/4y5292px21b4835bsnjwqc7w009kq1/T//ccBN0DCT.s:52     .text.vListInitialiseItem:0000000000000000 $t
/var/folders/l3/4y5292px21b4835bsnjwqc7w009kq1/T//ccBN0DCT.s:59     .text.vListInitialiseItem:0000000000000000 vListInitialiseItem
/var/folders/l3/4y5292px21b4835bsnjwqc7w009kq1/T//ccBN0DCT.s:76     .text.vListInsertEnd:0000000000000000 $t
/var/folders/l3/4y5292px21b4835bsnjwqc7w009kq1/T//ccBN0DCT.s:83     .text.vListInsertEnd:0000000000000000 vListInsertEnd
/var/folders/l3/4y5292px21b4835bsnjwqc7w009kq1/T//ccBN0DCT.s:117    .text.vListInsert:0000000000000000 $t
/var/folders/l3/4y5292px21b4835bsnjwqc7w009kq1/T//ccBN0DCT.s:124    .text.vListInsert:0000000000000000 vListInsert
/var/folders/l3/4y5292px21b4835bsnjwqc7w009kq1/T//ccBN0DCT.s:191    .text.uxListRemove:0000000000000000 $t
/var/folders/l3/4y5292px21b4835bsnjwqc7w009kq1/T//ccBN0DCT.s:198    .text.uxListRemove:0000000000000000 uxListRemove

NO UNDEFINED SYMBOLS
