ARM GAS  /var/folders/l3/4y5292px21b4835bsnjwqc7w009kq1/T//ccydUey9.s 			page 1


   1              		.cpu cortex-m4
   2              		.eabi_attribute 27, 1
   3              		.eabi_attribute 20, 1
   4              		.eabi_attribute 21, 1
   5              		.eabi_attribute 23, 3
   6              		.eabi_attribute 24, 1
   7              		.eabi_attribute 25, 1
   8              		.eabi_attribute 26, 1
   9              		.eabi_attribute 30, 1
  10              		.eabi_attribute 34, 1
  11              		.eabi_attribute 18, 4
  12              		.file	"misc.c"
  13              		.text
  14              	.Ltext0:
  15              		.cfi_sections	.debug_frame
  16              		.section	.text.NVIC_PriorityGroupConfig,"ax",%progbits
  17              		.align	1
  18              		.global	NVIC_PriorityGroupConfig
  19              		.syntax unified
  20              		.thumb
  21              		.thumb_func
  22              		.fpu fpv4-sp-d16
  24              	NVIC_PriorityGroupConfig:
  25              		.fnstart
  26              	.LFB123:
  27              		.file 1 "../Libraries/AT32F4xx_StdPeriph_Driver/src/misc.c"
   1:../Libraries/AT32F4xx_StdPeriph_Driver/src/misc.c **** /**
   2:../Libraries/AT32F4xx_StdPeriph_Driver/src/misc.c ****  **************************************************************************
   3:../Libraries/AT32F4xx_StdPeriph_Driver/src/misc.c ****  * File Name    : misc.c
   4:../Libraries/AT32F4xx_StdPeriph_Driver/src/misc.c ****  * Description  : at32f4xx MISC source file
   5:../Libraries/AT32F4xx_StdPeriph_Driver/src/misc.c ****  * Date         : 2018-10-08
   6:../Libraries/AT32F4xx_StdPeriph_Driver/src/misc.c ****  * Version      : V1.0.5
   7:../Libraries/AT32F4xx_StdPeriph_Driver/src/misc.c ****  **************************************************************************
   8:../Libraries/AT32F4xx_StdPeriph_Driver/src/misc.c ****  */
   9:../Libraries/AT32F4xx_StdPeriph_Driver/src/misc.c **** 
  10:../Libraries/AT32F4xx_StdPeriph_Driver/src/misc.c **** 
  11:../Libraries/AT32F4xx_StdPeriph_Driver/src/misc.c **** /* Includes ------------------------------------------------------------------*/
  12:../Libraries/AT32F4xx_StdPeriph_Driver/src/misc.c **** #include "misc.h"
  13:../Libraries/AT32F4xx_StdPeriph_Driver/src/misc.c **** 
  14:../Libraries/AT32F4xx_StdPeriph_Driver/src/misc.c **** /** @addtogroup at32f4xx_StdPeriph_Driver
  15:../Libraries/AT32F4xx_StdPeriph_Driver/src/misc.c ****   * @{
  16:../Libraries/AT32F4xx_StdPeriph_Driver/src/misc.c ****   */
  17:../Libraries/AT32F4xx_StdPeriph_Driver/src/misc.c **** 
  18:../Libraries/AT32F4xx_StdPeriph_Driver/src/misc.c **** /** @defgroup MISC
  19:../Libraries/AT32F4xx_StdPeriph_Driver/src/misc.c ****   * @brief MISC driver modules
  20:../Libraries/AT32F4xx_StdPeriph_Driver/src/misc.c ****   * @{
  21:../Libraries/AT32F4xx_StdPeriph_Driver/src/misc.c ****   */
  22:../Libraries/AT32F4xx_StdPeriph_Driver/src/misc.c **** 
  23:../Libraries/AT32F4xx_StdPeriph_Driver/src/misc.c **** /** @defgroup MISC_Private_TypesDefinitions
  24:../Libraries/AT32F4xx_StdPeriph_Driver/src/misc.c ****   * @{
  25:../Libraries/AT32F4xx_StdPeriph_Driver/src/misc.c ****   */
  26:../Libraries/AT32F4xx_StdPeriph_Driver/src/misc.c **** 
  27:../Libraries/AT32F4xx_StdPeriph_Driver/src/misc.c **** /**
  28:../Libraries/AT32F4xx_StdPeriph_Driver/src/misc.c ****   * @}
  29:../Libraries/AT32F4xx_StdPeriph_Driver/src/misc.c ****   */
  30:../Libraries/AT32F4xx_StdPeriph_Driver/src/misc.c **** 
  31:../Libraries/AT32F4xx_StdPeriph_Driver/src/misc.c **** /** @defgroup MISC_Private_Defines
ARM GAS  /var/folders/l3/4y5292px21b4835bsnjwqc7w009kq1/T//ccydUey9.s 			page 2


  32:../Libraries/AT32F4xx_StdPeriph_Driver/src/misc.c ****   * @{
  33:../Libraries/AT32F4xx_StdPeriph_Driver/src/misc.c ****   */
  34:../Libraries/AT32F4xx_StdPeriph_Driver/src/misc.c **** 
  35:../Libraries/AT32F4xx_StdPeriph_Driver/src/misc.c **** #define AIRCR_VECTKEY_MASK    ((uint32_t)0x05FA0000)
  36:../Libraries/AT32F4xx_StdPeriph_Driver/src/misc.c **** /**
  37:../Libraries/AT32F4xx_StdPeriph_Driver/src/misc.c ****   * @}
  38:../Libraries/AT32F4xx_StdPeriph_Driver/src/misc.c ****   */
  39:../Libraries/AT32F4xx_StdPeriph_Driver/src/misc.c **** 
  40:../Libraries/AT32F4xx_StdPeriph_Driver/src/misc.c **** /** @defgroup MISC_Private_Macros
  41:../Libraries/AT32F4xx_StdPeriph_Driver/src/misc.c ****   * @{
  42:../Libraries/AT32F4xx_StdPeriph_Driver/src/misc.c ****   */
  43:../Libraries/AT32F4xx_StdPeriph_Driver/src/misc.c **** 
  44:../Libraries/AT32F4xx_StdPeriph_Driver/src/misc.c **** /**
  45:../Libraries/AT32F4xx_StdPeriph_Driver/src/misc.c ****   * @}
  46:../Libraries/AT32F4xx_StdPeriph_Driver/src/misc.c ****   */
  47:../Libraries/AT32F4xx_StdPeriph_Driver/src/misc.c **** 
  48:../Libraries/AT32F4xx_StdPeriph_Driver/src/misc.c **** /** @defgroup MISC_Private_Variables
  49:../Libraries/AT32F4xx_StdPeriph_Driver/src/misc.c ****   * @{
  50:../Libraries/AT32F4xx_StdPeriph_Driver/src/misc.c ****   */
  51:../Libraries/AT32F4xx_StdPeriph_Driver/src/misc.c **** 
  52:../Libraries/AT32F4xx_StdPeriph_Driver/src/misc.c **** /**
  53:../Libraries/AT32F4xx_StdPeriph_Driver/src/misc.c ****   * @}
  54:../Libraries/AT32F4xx_StdPeriph_Driver/src/misc.c ****   */
  55:../Libraries/AT32F4xx_StdPeriph_Driver/src/misc.c **** 
  56:../Libraries/AT32F4xx_StdPeriph_Driver/src/misc.c **** /** @defgroup MISC_Private_FunctionPrototypes
  57:../Libraries/AT32F4xx_StdPeriph_Driver/src/misc.c ****   * @{
  58:../Libraries/AT32F4xx_StdPeriph_Driver/src/misc.c ****   */
  59:../Libraries/AT32F4xx_StdPeriph_Driver/src/misc.c **** 
  60:../Libraries/AT32F4xx_StdPeriph_Driver/src/misc.c **** /**
  61:../Libraries/AT32F4xx_StdPeriph_Driver/src/misc.c ****   * @}
  62:../Libraries/AT32F4xx_StdPeriph_Driver/src/misc.c ****   */
  63:../Libraries/AT32F4xx_StdPeriph_Driver/src/misc.c **** 
  64:../Libraries/AT32F4xx_StdPeriph_Driver/src/misc.c **** /** @defgroup MISC_Private_Functions
  65:../Libraries/AT32F4xx_StdPeriph_Driver/src/misc.c ****   * @{
  66:../Libraries/AT32F4xx_StdPeriph_Driver/src/misc.c ****   */
  67:../Libraries/AT32F4xx_StdPeriph_Driver/src/misc.c **** 
  68:../Libraries/AT32F4xx_StdPeriph_Driver/src/misc.c **** /**
  69:../Libraries/AT32F4xx_StdPeriph_Driver/src/misc.c ****   * @brief  Configures the priority grouping: pre-emption priority and subpriority.
  70:../Libraries/AT32F4xx_StdPeriph_Driver/src/misc.c ****   * @param  NVIC_PriorityGroup: specifies the priority grouping bits length.
  71:../Libraries/AT32F4xx_StdPeriph_Driver/src/misc.c ****   *   This parameter can be one of the following values:
  72:../Libraries/AT32F4xx_StdPeriph_Driver/src/misc.c ****   *     @arg NVIC_PriorityGroup_0: 0 bits for pre-emption priority
  73:../Libraries/AT32F4xx_StdPeriph_Driver/src/misc.c ****   *                                4 bits for subpriority
  74:../Libraries/AT32F4xx_StdPeriph_Driver/src/misc.c ****   *     @arg NVIC_PriorityGroup_1: 1 bits for pre-emption priority
  75:../Libraries/AT32F4xx_StdPeriph_Driver/src/misc.c ****   *                                3 bits for subpriority
  76:../Libraries/AT32F4xx_StdPeriph_Driver/src/misc.c ****   *     @arg NVIC_PriorityGroup_2: 2 bits for pre-emption priority
  77:../Libraries/AT32F4xx_StdPeriph_Driver/src/misc.c ****   *                                2 bits for subpriority
  78:../Libraries/AT32F4xx_StdPeriph_Driver/src/misc.c ****   *     @arg NVIC_PriorityGroup_3: 3 bits for pre-emption priority
  79:../Libraries/AT32F4xx_StdPeriph_Driver/src/misc.c ****   *                                1 bits for subpriority
  80:../Libraries/AT32F4xx_StdPeriph_Driver/src/misc.c ****   *     @arg NVIC_PriorityGroup_4: 4 bits for pre-emption priority
  81:../Libraries/AT32F4xx_StdPeriph_Driver/src/misc.c ****   *                                0 bits for subpriority
  82:../Libraries/AT32F4xx_StdPeriph_Driver/src/misc.c ****   * @retval None
  83:../Libraries/AT32F4xx_StdPeriph_Driver/src/misc.c ****   */
  84:../Libraries/AT32F4xx_StdPeriph_Driver/src/misc.c **** void NVIC_PriorityGroupConfig(uint32_t NVIC_PriorityGroup)
  85:../Libraries/AT32F4xx_StdPeriph_Driver/src/misc.c **** {
  28              		.loc 1 85 0
  29              		.cfi_startproc
  30              		@ args = 0, pretend = 0, frame = 0
ARM GAS  /var/folders/l3/4y5292px21b4835bsnjwqc7w009kq1/T//ccydUey9.s 			page 3


  31              		@ frame_needed = 0, uses_anonymous_args = 0
  32              		@ link register save eliminated.
  33              	.LVL0:
  86:../Libraries/AT32F4xx_StdPeriph_Driver/src/misc.c ****   /* Check the parameters */
  87:../Libraries/AT32F4xx_StdPeriph_Driver/src/misc.c ****   assert_param(IS_NVIC_PRIORITY_GROUP(NVIC_PriorityGroup));
  88:../Libraries/AT32F4xx_StdPeriph_Driver/src/misc.c **** 
  89:../Libraries/AT32F4xx_StdPeriph_Driver/src/misc.c ****   /* Set the PRIGROUP[10:8] bits according to NVIC_PriorityGroup value */
  90:../Libraries/AT32F4xx_StdPeriph_Driver/src/misc.c ****   SCB->AIRCR = AIRCR_VECTKEY_MASK | NVIC_PriorityGroup;
  34              		.loc 1 90 0
  35 0000 40F0BF60 		orr	r0, r0, #100139008
  36              	.LVL1:
  37 0004 40F40030 		orr	r0, r0, #131072
  38 0008 014B     		ldr	r3, .L2
  39 000a D860     		str	r0, [r3, #12]
  91:../Libraries/AT32F4xx_StdPeriph_Driver/src/misc.c **** }
  40              		.loc 1 91 0
  41 000c 7047     		bx	lr
  42              	.L3:
  43 000e 00BF     		.align	2
  44              	.L2:
  45 0010 00ED00E0 		.word	-536810240
  46              		.cfi_endproc
  47              	.LFE123:
  48              		.cantunwind
  49              		.fnend
  51              		.section	.text.NVIC_Init,"ax",%progbits
  52              		.align	1
  53              		.global	NVIC_Init
  54              		.syntax unified
  55              		.thumb
  56              		.thumb_func
  57              		.fpu fpv4-sp-d16
  59              	NVIC_Init:
  60              		.fnstart
  61              	.LFB124:
  92:../Libraries/AT32F4xx_StdPeriph_Driver/src/misc.c **** 
  93:../Libraries/AT32F4xx_StdPeriph_Driver/src/misc.c **** /**
  94:../Libraries/AT32F4xx_StdPeriph_Driver/src/misc.c ****   * @brief  Initializes the NVIC peripheral according to the specified
  95:../Libraries/AT32F4xx_StdPeriph_Driver/src/misc.c ****   *         parameters in the NVIC_InitStruct.
  96:../Libraries/AT32F4xx_StdPeriph_Driver/src/misc.c ****   * @param  NVIC_InitStruct: pointer to a NVIC_InitType structure that contains
  97:../Libraries/AT32F4xx_StdPeriph_Driver/src/misc.c ****   *         the configuration information for the specified NVIC peripheral.
  98:../Libraries/AT32F4xx_StdPeriph_Driver/src/misc.c ****   * @retval None
  99:../Libraries/AT32F4xx_StdPeriph_Driver/src/misc.c ****   */
 100:../Libraries/AT32F4xx_StdPeriph_Driver/src/misc.c **** void NVIC_Init(NVIC_InitType* NVIC_InitStruct)
 101:../Libraries/AT32F4xx_StdPeriph_Driver/src/misc.c **** {
  62              		.loc 1 101 0
  63              		.cfi_startproc
  64              		@ args = 0, pretend = 0, frame = 0
  65              		@ frame_needed = 0, uses_anonymous_args = 0
  66              		@ link register save eliminated.
  67              	.LVL2:
 102:../Libraries/AT32F4xx_StdPeriph_Driver/src/misc.c ****   uint32_t tmppriority = 0x00, tmppre = 0x00, tmpsub = 0x0F;
 103:../Libraries/AT32F4xx_StdPeriph_Driver/src/misc.c **** 
 104:../Libraries/AT32F4xx_StdPeriph_Driver/src/misc.c ****   /* Check the parameters */
 105:../Libraries/AT32F4xx_StdPeriph_Driver/src/misc.c ****   assert_param(IS_FUNCTIONAL_STATE(NVIC_InitStruct->NVIC_IRQChannelCmd));
 106:../Libraries/AT32F4xx_StdPeriph_Driver/src/misc.c ****   assert_param(IS_NVIC_PREEMPTION_PRIORITY(NVIC_InitStruct->NVIC_IRQChannelPreemptionPriority));
 107:../Libraries/AT32F4xx_StdPeriph_Driver/src/misc.c ****   assert_param(IS_NVIC_SUB_PRIORITY(NVIC_InitStruct->NVIC_IRQChannelSubPriority));
ARM GAS  /var/folders/l3/4y5292px21b4835bsnjwqc7w009kq1/T//ccydUey9.s 			page 4


 108:../Libraries/AT32F4xx_StdPeriph_Driver/src/misc.c **** 
 109:../Libraries/AT32F4xx_StdPeriph_Driver/src/misc.c ****   if (NVIC_InitStruct->NVIC_IRQChannelCmd != DISABLE)
  68              		.loc 1 109 0
  69 0000 C378     		ldrb	r3, [r0, #3]	@ zero_extendqisi2
  70 0002 53B9     		cbnz	r3, .L11
 110:../Libraries/AT32F4xx_StdPeriph_Driver/src/misc.c ****   {
 111:../Libraries/AT32F4xx_StdPeriph_Driver/src/misc.c ****     /* Compute the Corresponding IRQ Priority --------------------------------*/
 112:../Libraries/AT32F4xx_StdPeriph_Driver/src/misc.c ****     tmppriority = (0x700 - ((SCB->AIRCR) & (uint32_t)0x700)) >> 0x08;
 113:../Libraries/AT32F4xx_StdPeriph_Driver/src/misc.c ****     tmppre = (0x4 - tmppriority);
 114:../Libraries/AT32F4xx_StdPeriph_Driver/src/misc.c ****     tmpsub = tmpsub >> tmppriority;
 115:../Libraries/AT32F4xx_StdPeriph_Driver/src/misc.c **** 
 116:../Libraries/AT32F4xx_StdPeriph_Driver/src/misc.c ****     tmppriority = (uint32_t)NVIC_InitStruct->NVIC_IRQChannelPreemptionPriority << tmppre;
 117:../Libraries/AT32F4xx_StdPeriph_Driver/src/misc.c ****     tmppriority |=  NVIC_InitStruct->NVIC_IRQChannelSubPriority & tmpsub;
 118:../Libraries/AT32F4xx_StdPeriph_Driver/src/misc.c ****     tmppriority = tmppriority << 0x04;
 119:../Libraries/AT32F4xx_StdPeriph_Driver/src/misc.c **** 
 120:../Libraries/AT32F4xx_StdPeriph_Driver/src/misc.c ****     NVIC->IP[NVIC_InitStruct->NVIC_IRQChannel] = tmppriority;
 121:../Libraries/AT32F4xx_StdPeriph_Driver/src/misc.c **** 
 122:../Libraries/AT32F4xx_StdPeriph_Driver/src/misc.c ****     /* Enable the Selected IRQ Channels --------------------------------------*/
 123:../Libraries/AT32F4xx_StdPeriph_Driver/src/misc.c ****     NVIC->ISER[NVIC_InitStruct->NVIC_IRQChannel >> 0x05] =
 124:../Libraries/AT32F4xx_StdPeriph_Driver/src/misc.c ****       (uint32_t)0x01 << (NVIC_InitStruct->NVIC_IRQChannel & (uint8_t)0x1F);
 125:../Libraries/AT32F4xx_StdPeriph_Driver/src/misc.c ****   }
 126:../Libraries/AT32F4xx_StdPeriph_Driver/src/misc.c ****   else
 127:../Libraries/AT32F4xx_StdPeriph_Driver/src/misc.c ****   {
 128:../Libraries/AT32F4xx_StdPeriph_Driver/src/misc.c ****     /* Disable the Selected IRQ Channels -------------------------------------*/
 129:../Libraries/AT32F4xx_StdPeriph_Driver/src/misc.c ****     NVIC->ICER[NVIC_InitStruct->NVIC_IRQChannel >> 0x05] =
 130:../Libraries/AT32F4xx_StdPeriph_Driver/src/misc.c ****       (uint32_t)0x01 << (NVIC_InitStruct->NVIC_IRQChannel & (uint8_t)0x1F);
  71              		.loc 1 130 0
  72 0004 0378     		ldrb	r3, [r0]	@ zero_extendqisi2
  73 0006 03F01F01 		and	r1, r3, #31
 129:../Libraries/AT32F4xx_StdPeriph_Driver/src/misc.c ****       (uint32_t)0x01 << (NVIC_InitStruct->NVIC_IRQChannel & (uint8_t)0x1F);
  74              		.loc 1 129 0
  75 000a 5B11     		asrs	r3, r3, #5
  76              		.loc 1 130 0
  77 000c 0122     		movs	r2, #1
  78 000e 8A40     		lsls	r2, r2, r1
 129:../Libraries/AT32F4xx_StdPeriph_Driver/src/misc.c ****       (uint32_t)0x01 << (NVIC_InitStruct->NVIC_IRQChannel & (uint8_t)0x1F);
  79              		.loc 1 129 0
  80 0010 2033     		adds	r3, r3, #32
  81 0012 1349     		ldr	r1, .L12
  82 0014 41F82320 		str	r2, [r1, r3, lsl #2]
  83 0018 7047     		bx	lr
  84              	.L11:
 101:../Libraries/AT32F4xx_StdPeriph_Driver/src/misc.c ****   uint32_t tmppriority = 0x00, tmppre = 0x00, tmpsub = 0x0F;
  85              		.loc 1 101 0
  86 001a 10B4     		push	{r4}
  87              	.LCFI0:
  88              		.cfi_def_cfa_offset 4
  89              		.cfi_offset 4, -4
 112:../Libraries/AT32F4xx_StdPeriph_Driver/src/misc.c ****     tmppre = (0x4 - tmppriority);
  90              		.loc 1 112 0
  91 001c 114B     		ldr	r3, .L12+4
  92 001e DA68     		ldr	r2, [r3, #12]
  93 0020 D243     		mvns	r2, r2
  94 0022 C2F30222 		ubfx	r2, r2, #8, #3
  95              	.LVL3:
 113:../Libraries/AT32F4xx_StdPeriph_Driver/src/misc.c ****     tmpsub = tmpsub >> tmppriority;
  96              		.loc 1 113 0
ARM GAS  /var/folders/l3/4y5292px21b4835bsnjwqc7w009kq1/T//ccydUey9.s 			page 5


  97 0026 C2F10404 		rsb	r4, r2, #4
  98              	.LVL4:
 114:../Libraries/AT32F4xx_StdPeriph_Driver/src/misc.c **** 
  99              		.loc 1 114 0
 100 002a 0F23     		movs	r3, #15
 101 002c 23FA02F2 		lsr	r2, r3, r2
 102              	.LVL5:
 116:../Libraries/AT32F4xx_StdPeriph_Driver/src/misc.c ****     tmppriority |=  NVIC_InitStruct->NVIC_IRQChannelSubPriority & tmpsub;
 103              		.loc 1 116 0
 104 0030 4178     		ldrb	r1, [r0, #1]	@ zero_extendqisi2
 105 0032 A140     		lsls	r1, r1, r4
 106              	.LVL6:
 117:../Libraries/AT32F4xx_StdPeriph_Driver/src/misc.c ****     tmppriority = tmppriority << 0x04;
 107              		.loc 1 117 0
 108 0034 8378     		ldrb	r3, [r0, #2]	@ zero_extendqisi2
 109 0036 1340     		ands	r3, r3, r2
 110 0038 0B43     		orrs	r3, r3, r1
 111              	.LVL7:
 118:../Libraries/AT32F4xx_StdPeriph_Driver/src/misc.c **** 
 112              		.loc 1 118 0
 113 003a 1B01     		lsls	r3, r3, #4
 114              	.LVL8:
 120:../Libraries/AT32F4xx_StdPeriph_Driver/src/misc.c **** 
 115              		.loc 1 120 0
 116 003c 0278     		ldrb	r2, [r0]	@ zero_extendqisi2
 117              	.LVL9:
 118 003e DBB2     		uxtb	r3, r3
 119              	.LVL10:
 120 0040 0749     		ldr	r1, .L12
 121 0042 0A44     		add	r2, r2, r1
 122 0044 82F80033 		strb	r3, [r2, #768]
 124:../Libraries/AT32F4xx_StdPeriph_Driver/src/misc.c ****   }
 123              		.loc 1 124 0
 124 0048 0378     		ldrb	r3, [r0]	@ zero_extendqisi2
 125 004a 03F01F00 		and	r0, r3, #31
 126              	.LVL11:
 123:../Libraries/AT32F4xx_StdPeriph_Driver/src/misc.c ****       (uint32_t)0x01 << (NVIC_InitStruct->NVIC_IRQChannel & (uint8_t)0x1F);
 127              		.loc 1 123 0
 128 004e 5B11     		asrs	r3, r3, #5
 124:../Libraries/AT32F4xx_StdPeriph_Driver/src/misc.c ****   }
 129              		.loc 1 124 0
 130 0050 0122     		movs	r2, #1
 131 0052 8240     		lsls	r2, r2, r0
 123:../Libraries/AT32F4xx_StdPeriph_Driver/src/misc.c ****       (uint32_t)0x01 << (NVIC_InitStruct->NVIC_IRQChannel & (uint8_t)0x1F);
 132              		.loc 1 123 0
 133 0054 41F82320 		str	r2, [r1, r3, lsl #2]
 131:../Libraries/AT32F4xx_StdPeriph_Driver/src/misc.c ****   }
 132:../Libraries/AT32F4xx_StdPeriph_Driver/src/misc.c **** }
 134              		.loc 1 132 0
 135 0058 5DF8044B 		ldr	r4, [sp], #4
 136              	.LCFI1:
 137              		.cfi_restore 4
 138              		.cfi_def_cfa_offset 0
 139              	.LVL12:
 140 005c 7047     		bx	lr
 141              	.L13:
 142 005e 00BF     		.align	2
ARM GAS  /var/folders/l3/4y5292px21b4835bsnjwqc7w009kq1/T//ccydUey9.s 			page 6


 143              	.L12:
 144 0060 00E100E0 		.word	-536813312
 145 0064 00ED00E0 		.word	-536810240
 146              		.cfi_endproc
 147              	.LFE124:
 148              		.cantunwind
 149              		.fnend
 151              		.section	.text.NVIC_SetVectorTable,"ax",%progbits
 152              		.align	1
 153              		.global	NVIC_SetVectorTable
 154              		.syntax unified
 155              		.thumb
 156              		.thumb_func
 157              		.fpu fpv4-sp-d16
 159              	NVIC_SetVectorTable:
 160              		.fnstart
 161              	.LFB125:
 133:../Libraries/AT32F4xx_StdPeriph_Driver/src/misc.c **** 
 134:../Libraries/AT32F4xx_StdPeriph_Driver/src/misc.c **** /**
 135:../Libraries/AT32F4xx_StdPeriph_Driver/src/misc.c ****   * @brief  Sets the vector table location and Offset.
 136:../Libraries/AT32F4xx_StdPeriph_Driver/src/misc.c ****   * @param  NVIC_VectTab: specifies if the vector table is in RAM or FLASH memory.
 137:../Libraries/AT32F4xx_StdPeriph_Driver/src/misc.c ****   *   This parameter can be one of the following values:
 138:../Libraries/AT32F4xx_StdPeriph_Driver/src/misc.c ****   *     @arg NVIC_VectTab_RAM
 139:../Libraries/AT32F4xx_StdPeriph_Driver/src/misc.c ****   *     @arg NVIC_VectTab_FLASH
 140:../Libraries/AT32F4xx_StdPeriph_Driver/src/misc.c ****   * @param  Offset: Vector Table base offset field. This value must be a multiple
 141:../Libraries/AT32F4xx_StdPeriph_Driver/src/misc.c ****   *         of 0x200.
 142:../Libraries/AT32F4xx_StdPeriph_Driver/src/misc.c ****   * @retval None
 143:../Libraries/AT32F4xx_StdPeriph_Driver/src/misc.c ****   */
 144:../Libraries/AT32F4xx_StdPeriph_Driver/src/misc.c **** void NVIC_SetVectorTable(uint32_t NVIC_VectTab, uint32_t Offset)
 145:../Libraries/AT32F4xx_StdPeriph_Driver/src/misc.c **** {
 162              		.loc 1 145 0
 163              		.cfi_startproc
 164              		@ args = 0, pretend = 0, frame = 0
 165              		@ frame_needed = 0, uses_anonymous_args = 0
 166              		@ link register save eliminated.
 167              	.LVL13:
 146:../Libraries/AT32F4xx_StdPeriph_Driver/src/misc.c ****   /* Check the parameters */
 147:../Libraries/AT32F4xx_StdPeriph_Driver/src/misc.c ****   assert_param(IS_NVIC_VECTTAB(NVIC_VectTab));
 148:../Libraries/AT32F4xx_StdPeriph_Driver/src/misc.c ****   assert_param(IS_NVIC_OFFSET(Offset));
 149:../Libraries/AT32F4xx_StdPeriph_Driver/src/misc.c **** 
 150:../Libraries/AT32F4xx_StdPeriph_Driver/src/misc.c ****   SCB->VTOR = NVIC_VectTab | (Offset & (uint32_t)0x1FFFFF80);
 168              		.loc 1 150 0
 169 0000 21F06041 		bic	r1, r1, #-536870912
 170              	.LVL14:
 171 0004 21F07F01 		bic	r1, r1, #127
 172 0008 0143     		orrs	r1, r1, r0
 173 000a 014B     		ldr	r3, .L15
 174 000c 9960     		str	r1, [r3, #8]
 151:../Libraries/AT32F4xx_StdPeriph_Driver/src/misc.c **** }
 175              		.loc 1 151 0
 176 000e 7047     		bx	lr
 177              	.L16:
 178              		.align	2
 179              	.L15:
 180 0010 00ED00E0 		.word	-536810240
 181              		.cfi_endproc
 182              	.LFE125:
ARM GAS  /var/folders/l3/4y5292px21b4835bsnjwqc7w009kq1/T//ccydUey9.s 			page 7


 183              		.cantunwind
 184              		.fnend
 186              		.section	.text.NVIC_SystemLPConfig,"ax",%progbits
 187              		.align	1
 188              		.global	NVIC_SystemLPConfig
 189              		.syntax unified
 190              		.thumb
 191              		.thumb_func
 192              		.fpu fpv4-sp-d16
 194              	NVIC_SystemLPConfig:
 195              		.fnstart
 196              	.LFB126:
 152:../Libraries/AT32F4xx_StdPeriph_Driver/src/misc.c **** 
 153:../Libraries/AT32F4xx_StdPeriph_Driver/src/misc.c **** /**
 154:../Libraries/AT32F4xx_StdPeriph_Driver/src/misc.c ****   * @brief  Selects the condition for the system to enter low power mode.
 155:../Libraries/AT32F4xx_StdPeriph_Driver/src/misc.c ****   * @param  LowPowerMode: Specifies the new mode for the system to enter low power mode.
 156:../Libraries/AT32F4xx_StdPeriph_Driver/src/misc.c ****   *   This parameter can be one of the following values:
 157:../Libraries/AT32F4xx_StdPeriph_Driver/src/misc.c ****   *     @arg NVIC_LP_SEVONPEND
 158:../Libraries/AT32F4xx_StdPeriph_Driver/src/misc.c ****   *     @arg NVIC_LP_SLEEPDEEP
 159:../Libraries/AT32F4xx_StdPeriph_Driver/src/misc.c ****   *     @arg NVIC_LP_SLEEPONEXIT
 160:../Libraries/AT32F4xx_StdPeriph_Driver/src/misc.c ****   * @param  NewState: new state of LP condition. This parameter can be: ENABLE or DISABLE.
 161:../Libraries/AT32F4xx_StdPeriph_Driver/src/misc.c ****   * @retval None
 162:../Libraries/AT32F4xx_StdPeriph_Driver/src/misc.c ****   */
 163:../Libraries/AT32F4xx_StdPeriph_Driver/src/misc.c **** void NVIC_SystemLPConfig(uint8_t LowPowerMode, FunctionalState NewState)
 164:../Libraries/AT32F4xx_StdPeriph_Driver/src/misc.c **** {
 197              		.loc 1 164 0
 198              		.cfi_startproc
 199              		@ args = 0, pretend = 0, frame = 0
 200              		@ frame_needed = 0, uses_anonymous_args = 0
 201              		@ link register save eliminated.
 202              	.LVL15:
 165:../Libraries/AT32F4xx_StdPeriph_Driver/src/misc.c ****   /* Check the parameters */
 166:../Libraries/AT32F4xx_StdPeriph_Driver/src/misc.c ****   assert_param(IS_NVIC_LP(LowPowerMode));
 167:../Libraries/AT32F4xx_StdPeriph_Driver/src/misc.c ****   assert_param(IS_FUNCTIONAL_STATE(NewState));
 168:../Libraries/AT32F4xx_StdPeriph_Driver/src/misc.c **** 
 169:../Libraries/AT32F4xx_StdPeriph_Driver/src/misc.c ****   if (NewState != DISABLE)
 203              		.loc 1 169 0
 204 0000 29B9     		cbnz	r1, .L20
 170:../Libraries/AT32F4xx_StdPeriph_Driver/src/misc.c ****   {
 171:../Libraries/AT32F4xx_StdPeriph_Driver/src/misc.c ****     SCB->SCR |= LowPowerMode;
 172:../Libraries/AT32F4xx_StdPeriph_Driver/src/misc.c ****   }
 173:../Libraries/AT32F4xx_StdPeriph_Driver/src/misc.c ****   else
 174:../Libraries/AT32F4xx_StdPeriph_Driver/src/misc.c ****   {
 175:../Libraries/AT32F4xx_StdPeriph_Driver/src/misc.c ****     SCB->SCR &= (uint32_t)(~(uint32_t)LowPowerMode);
 205              		.loc 1 175 0
 206 0002 054A     		ldr	r2, .L21
 207 0004 1369     		ldr	r3, [r2, #16]
 208 0006 23EA0000 		bic	r0, r3, r0
 209              	.LVL16:
 210 000a 1061     		str	r0, [r2, #16]
 176:../Libraries/AT32F4xx_StdPeriph_Driver/src/misc.c ****   }
 177:../Libraries/AT32F4xx_StdPeriph_Driver/src/misc.c **** }
 211              		.loc 1 177 0
 212 000c 7047     		bx	lr
 213              	.LVL17:
 214              	.L20:
 171:../Libraries/AT32F4xx_StdPeriph_Driver/src/misc.c ****   }
ARM GAS  /var/folders/l3/4y5292px21b4835bsnjwqc7w009kq1/T//ccydUey9.s 			page 8


 215              		.loc 1 171 0
 216 000e 024B     		ldr	r3, .L21
 217 0010 1A69     		ldr	r2, [r3, #16]
 218 0012 1043     		orrs	r0, r0, r2
 219              	.LVL18:
 220 0014 1861     		str	r0, [r3, #16]
 221 0016 7047     		bx	lr
 222              	.L22:
 223              		.align	2
 224              	.L21:
 225 0018 00ED00E0 		.word	-536810240
 226              		.cfi_endproc
 227              	.LFE126:
 228              		.cantunwind
 229              		.fnend
 231              		.section	.text.SysTick_CLKSourceConfig,"ax",%progbits
 232              		.align	1
 233              		.global	SysTick_CLKSourceConfig
 234              		.syntax unified
 235              		.thumb
 236              		.thumb_func
 237              		.fpu fpv4-sp-d16
 239              	SysTick_CLKSourceConfig:
 240              		.fnstart
 241              	.LFB127:
 178:../Libraries/AT32F4xx_StdPeriph_Driver/src/misc.c **** 
 179:../Libraries/AT32F4xx_StdPeriph_Driver/src/misc.c **** /**
 180:../Libraries/AT32F4xx_StdPeriph_Driver/src/misc.c ****   * @brief  Configures the SysTick clock source.
 181:../Libraries/AT32F4xx_StdPeriph_Driver/src/misc.c ****   * @param  SysTick_CLKSource: specifies the SysTick clock source.
 182:../Libraries/AT32F4xx_StdPeriph_Driver/src/misc.c ****   *   This parameter can be one of the following values:
 183:../Libraries/AT32F4xx_StdPeriph_Driver/src/misc.c ****   *     @arg SysTick_CLKSource_HCLK_Div8: AHB clock divided by 8 selected as SysTick clock source.
 184:../Libraries/AT32F4xx_StdPeriph_Driver/src/misc.c ****   *     @arg SysTick_CLKSource_HCLK: AHB clock selected as SysTick clock source.
 185:../Libraries/AT32F4xx_StdPeriph_Driver/src/misc.c ****   * @retval None
 186:../Libraries/AT32F4xx_StdPeriph_Driver/src/misc.c ****   */
 187:../Libraries/AT32F4xx_StdPeriph_Driver/src/misc.c **** void SysTick_CLKSourceConfig(uint32_t SysTick_CLKSource)
 188:../Libraries/AT32F4xx_StdPeriph_Driver/src/misc.c **** {
 242              		.loc 1 188 0
 243              		.cfi_startproc
 244              		@ args = 0, pretend = 0, frame = 0
 245              		@ frame_needed = 0, uses_anonymous_args = 0
 246              		@ link register save eliminated.
 247              	.LVL19:
 189:../Libraries/AT32F4xx_StdPeriph_Driver/src/misc.c ****   /* Check the parameters */
 190:../Libraries/AT32F4xx_StdPeriph_Driver/src/misc.c ****   assert_param(IS_SYSTICK_CLK_SOURCE(SysTick_CLKSource));
 191:../Libraries/AT32F4xx_StdPeriph_Driver/src/misc.c **** 
 192:../Libraries/AT32F4xx_StdPeriph_Driver/src/misc.c ****   if (SysTick_CLKSource == SysTick_CLKSource_HCLK)
 248              		.loc 1 192 0
 249 0000 0428     		cmp	r0, #4
 250 0002 05D0     		beq	.L26
 193:../Libraries/AT32F4xx_StdPeriph_Driver/src/misc.c ****   {
 194:../Libraries/AT32F4xx_StdPeriph_Driver/src/misc.c ****     SysTick->CTRL |= SysTick_CLKSource_HCLK;
 195:../Libraries/AT32F4xx_StdPeriph_Driver/src/misc.c ****   }
 196:../Libraries/AT32F4xx_StdPeriph_Driver/src/misc.c ****   else
 197:../Libraries/AT32F4xx_StdPeriph_Driver/src/misc.c ****   {
 198:../Libraries/AT32F4xx_StdPeriph_Driver/src/misc.c ****     SysTick->CTRL &= SysTick_CLKSource_HCLK_Div8;
 251              		.loc 1 198 0
 252 0004 054A     		ldr	r2, .L27
ARM GAS  /var/folders/l3/4y5292px21b4835bsnjwqc7w009kq1/T//ccydUey9.s 			page 9


 253 0006 1368     		ldr	r3, [r2]
 254 0008 23F00403 		bic	r3, r3, #4
 255 000c 1360     		str	r3, [r2]
 199:../Libraries/AT32F4xx_StdPeriph_Driver/src/misc.c ****   }
 200:../Libraries/AT32F4xx_StdPeriph_Driver/src/misc.c **** }
 256              		.loc 1 200 0
 257 000e 7047     		bx	lr
 258              	.L26:
 194:../Libraries/AT32F4xx_StdPeriph_Driver/src/misc.c ****   }
 259              		.loc 1 194 0
 260 0010 024A     		ldr	r2, .L27
 261 0012 1368     		ldr	r3, [r2]
 262 0014 43F00403 		orr	r3, r3, #4
 263 0018 1360     		str	r3, [r2]
 264 001a 7047     		bx	lr
 265              	.L28:
 266              		.align	2
 267              	.L27:
 268 001c 10E000E0 		.word	-536813552
 269              		.cfi_endproc
 270              	.LFE127:
 271              		.cantunwind
 272              		.fnend
 274              		.text
 275              	.Letext0:
 276              		.file 2 "/usr/local/Cellar/gcc-arm-none-eabi/20180627/arm-none-eabi/include/machine/_default_types
 277              		.file 3 "/usr/local/Cellar/gcc-arm-none-eabi/20180627/arm-none-eabi/include/sys/_stdint.h"
 278              		.file 4 "../Libraries/CMSIS/CM4/CoreSupport/core_cm4.h"
 279              		.file 5 "../Libraries/CMSIS/CM4/DeviceSupport/system_at32f4xx.h"
 280              		.file 6 "../Libraries/CMSIS/CM4/DeviceSupport/at32f4xx.h"
 281              		.file 7 "../Libraries/AT32F4xx_StdPeriph_Driver/inc/misc.h"
ARM GAS  /var/folders/l3/4y5292px21b4835bsnjwqc7w009kq1/T//ccydUey9.s 			page 10


DEFINED SYMBOLS
                            *ABS*:0000000000000000 misc.c
/var/folders/l3/4y5292px21b4835bsnjwqc7w009kq1/T//ccydUey9.s:17     .text.NVIC_PriorityGroupConfig:0000000000000000 $t
/var/folders/l3/4y5292px21b4835bsnjwqc7w009kq1/T//ccydUey9.s:24     .text.NVIC_PriorityGroupConfig:0000000000000000 NVIC_PriorityGroupConfig
/var/folders/l3/4y5292px21b4835bsnjwqc7w009kq1/T//ccydUey9.s:45     .text.NVIC_PriorityGroupConfig:0000000000000010 $d
.ARM.exidx.text.NVIC_PriorityGroupConfig:0000000000000000 $d
/var/folders/l3/4y5292px21b4835bsnjwqc7w009kq1/T//ccydUey9.s:52     .text.NVIC_Init:0000000000000000 $t
/var/folders/l3/4y5292px21b4835bsnjwqc7w009kq1/T//ccydUey9.s:59     .text.NVIC_Init:0000000000000000 NVIC_Init
/var/folders/l3/4y5292px21b4835bsnjwqc7w009kq1/T//ccydUey9.s:144    .text.NVIC_Init:0000000000000060 $d
        .ARM.exidx.text.NVIC_Init:0000000000000000 $d
/var/folders/l3/4y5292px21b4835bsnjwqc7w009kq1/T//ccydUey9.s:152    .text.NVIC_SetVectorTable:0000000000000000 $t
/var/folders/l3/4y5292px21b4835bsnjwqc7w009kq1/T//ccydUey9.s:159    .text.NVIC_SetVectorTable:0000000000000000 NVIC_SetVectorTable
/var/folders/l3/4y5292px21b4835bsnjwqc7w009kq1/T//ccydUey9.s:180    .text.NVIC_SetVectorTable:0000000000000010 $d
.ARM.exidx.text.NVIC_SetVectorTable:0000000000000000 $d
/var/folders/l3/4y5292px21b4835bsnjwqc7w009kq1/T//ccydUey9.s:187    .text.NVIC_SystemLPConfig:0000000000000000 $t
/var/folders/l3/4y5292px21b4835bsnjwqc7w009kq1/T//ccydUey9.s:194    .text.NVIC_SystemLPConfig:0000000000000000 NVIC_SystemLPConfig
/var/folders/l3/4y5292px21b4835bsnjwqc7w009kq1/T//ccydUey9.s:225    .text.NVIC_SystemLPConfig:0000000000000018 $d
.ARM.exidx.text.NVIC_SystemLPConfig:0000000000000000 $d
/var/folders/l3/4y5292px21b4835bsnjwqc7w009kq1/T//ccydUey9.s:232    .text.SysTick_CLKSourceConfig:0000000000000000 $t
/var/folders/l3/4y5292px21b4835bsnjwqc7w009kq1/T//ccydUey9.s:239    .text.SysTick_CLKSourceConfig:0000000000000000 SysTick_CLKSourceConfig
/var/folders/l3/4y5292px21b4835bsnjwqc7w009kq1/T//ccydUey9.s:268    .text.SysTick_CLKSourceConfig:000000000000001c $d
.ARM.exidx.text.SysTick_CLKSourceConfig:0000000000000000 $d

NO UNDEFINED SYMBOLS
