ARM GAS  /var/folders/l3/4y5292px21b4835bsnjwqc7w009kq1/T//ccxuBQyj.s 			page 1


   1              		.cpu cortex-m4
   2              		.eabi_attribute 27, 1
   3              		.eabi_attribute 20, 1
   4              		.eabi_attribute 21, 1
   5              		.eabi_attribute 23, 3
   6              		.eabi_attribute 24, 1
   7              		.eabi_attribute 25, 1
   8              		.eabi_attribute 26, 1
   9              		.eabi_attribute 30, 1
  10              		.eabi_attribute 34, 1
  11              		.eabi_attribute 18, 4
  12              		.file	"main.c"
  13              		.text
  14              	.Ltext0:
  15              		.cfi_sections	.debug_frame
  16              		.section	.text.MX_GPIO_Init,"ax",%progbits
  17              		.align	1
  18              		.syntax unified
  19              		.thumb
  20              		.thumb_func
  21              		.fpu fpv4-sp-d16
  23              	MX_GPIO_Init:
  24              	.LFB131:
  25              		.file 1 "Src/main.c"
   1:Src/main.c    **** /* USER CODE BEGIN Header */
   2:Src/main.c    **** /**
   3:Src/main.c    ****   ******************************************************************************
   4:Src/main.c    ****   * @file           : main.c
   5:Src/main.c    ****   * @brief          : Main program body
   6:Src/main.c    ****   ******************************************************************************
   7:Src/main.c    ****   * @attention
   8:Src/main.c    ****   *
   9:Src/main.c    ****   * <h2><center>&copy; Copyright (c) 2019 STMicroelectronics.
  10:Src/main.c    ****   * All rights reserved.</center></h2>
  11:Src/main.c    ****   *
  12:Src/main.c    ****   * This software component is licensed by ST under BSD 3-Clause license,
  13:Src/main.c    ****   * the "License"; You may not use this file except in compliance with the
  14:Src/main.c    ****   * License. You may obtain a copy of the License at:
  15:Src/main.c    ****   *                        opensource.org/licenses/BSD-3-Clause
  16:Src/main.c    ****   *
  17:Src/main.c    ****   ******************************************************************************
  18:Src/main.c    ****   */
  19:Src/main.c    **** /* USER CODE END Header */
  20:Src/main.c    **** 
  21:Src/main.c    **** /* Includes ------------------------------------------------------------------*/
  22:Src/main.c    **** #include "main.h"
  23:Src/main.c    **** 
  24:Src/main.c    **** /* Private includes ----------------------------------------------------------*/
  25:Src/main.c    **** /* USER CODE BEGIN Includes */
  26:Src/main.c    **** 
  27:Src/main.c    **** /* USER CODE END Includes */
  28:Src/main.c    **** 
  29:Src/main.c    **** /* Private typedef -----------------------------------------------------------*/
  30:Src/main.c    **** /* USER CODE BEGIN PTD */
  31:Src/main.c    **** 
  32:Src/main.c    **** /* USER CODE END PTD */
  33:Src/main.c    **** 
ARM GAS  /var/folders/l3/4y5292px21b4835bsnjwqc7w009kq1/T//ccxuBQyj.s 			page 2


  34:Src/main.c    **** /* Private define ------------------------------------------------------------*/
  35:Src/main.c    **** /* USER CODE BEGIN PD */
  36:Src/main.c    **** 
  37:Src/main.c    **** /* USER CODE END PD */
  38:Src/main.c    **** 
  39:Src/main.c    **** /* Private macro -------------------------------------------------------------*/
  40:Src/main.c    **** /* USER CODE BEGIN PM */
  41:Src/main.c    **** 
  42:Src/main.c    **** /* USER CODE END PM */
  43:Src/main.c    **** 
  44:Src/main.c    **** /* Private variables ---------------------------------------------------------*/
  45:Src/main.c    **** UART_HandleTypeDef huart2;
  46:Src/main.c    **** 
  47:Src/main.c    **** /* USER CODE BEGIN PV */
  48:Src/main.c    **** uint8_t welcome[] = {'H','e','l','l','o'};
  49:Src/main.c    **** /* USER CODE END PV */
  50:Src/main.c    **** 
  51:Src/main.c    **** /* Private function prototypes -----------------------------------------------*/
  52:Src/main.c    **** void SystemClock_Config(void);
  53:Src/main.c    **** static void MX_GPIO_Init(void);
  54:Src/main.c    **** static void MX_USART2_UART_Init(void);
  55:Src/main.c    **** /* USER CODE BEGIN PFP */
  56:Src/main.c    **** void write(uint8_t* data, uint32_t length);
  57:Src/main.c    **** int read(void);
  58:Src/main.c    **** /* USER CODE END PFP */
  59:Src/main.c    **** 
  60:Src/main.c    **** /* Private user code ---------------------------------------------------------*/
  61:Src/main.c    **** /* USER CODE BEGIN 0 */
  62:Src/main.c    **** int read(void) {
  63:Src/main.c    ****   uint8_t readByte;
  64:Src/main.c    ****   int retval = HAL_UART_Receive(&huart2, &readByte, 1, 1000);
  65:Src/main.c    ****   if(retval == HAL_ERROR)
  66:Src/main.c    ****   {
  67:Src/main.c    ****     return -1;
  68:Src/main.c    ****   }
  69:Src/main.c    ****   else
  70:Src/main.c    ****   {
  71:Src/main.c    ****     return (int) readByte;
  72:Src/main.c    ****   }
  73:Src/main.c    ****   
  74:Src/main.c    **** }
  75:Src/main.c    **** 
  76:Src/main.c    **** void write(uint8_t* data, uint32_t length)
  77:Src/main.c    **** {
  78:Src/main.c    ****   HAL_UART_Transmit(&huart2, data, length, 1000);
  79:Src/main.c    **** }
  80:Src/main.c    **** /* USER CODE END 0 */
  81:Src/main.c    **** 
  82:Src/main.c    **** /**
  83:Src/main.c    ****   * @brief  The application entry point.
  84:Src/main.c    ****   * @retval int
  85:Src/main.c    ****   */
  86:Src/main.c    **** int main(void)
  87:Src/main.c    **** {
  88:Src/main.c    ****   /* USER CODE BEGIN 1 */
  89:Src/main.c    **** 
  90:Src/main.c    ****   /* USER CODE END 1 */
ARM GAS  /var/folders/l3/4y5292px21b4835bsnjwqc7w009kq1/T//ccxuBQyj.s 			page 3


  91:Src/main.c    ****   
  92:Src/main.c    **** 
  93:Src/main.c    ****   /* MCU Configuration--------------------------------------------------------*/
  94:Src/main.c    **** 
  95:Src/main.c    ****   /* Reset of all peripherals, Initializes the Flash interface and the Systick. */
  96:Src/main.c    ****   HAL_Init();
  97:Src/main.c    **** 
  98:Src/main.c    ****   /* USER CODE BEGIN Init */
  99:Src/main.c    **** 
 100:Src/main.c    ****   /* USER CODE END Init */
 101:Src/main.c    **** 
 102:Src/main.c    ****   /* Configure the system clock */
 103:Src/main.c    ****   SystemClock_Config();
 104:Src/main.c    **** 
 105:Src/main.c    ****   /* USER CODE BEGIN SysInit */
 106:Src/main.c    **** 
 107:Src/main.c    ****   /* USER CODE END SysInit */
 108:Src/main.c    **** 
 109:Src/main.c    ****   /* Initialize all configured peripherals */
 110:Src/main.c    ****   MX_GPIO_Init();
 111:Src/main.c    ****   MX_USART2_UART_Init();
 112:Src/main.c    ****   /* USER CODE BEGIN 2 */
 113:Src/main.c    ****     /* OFF_PIN needs to be high on hoverboard to get out of low power */
 114:Src/main.c    ****   #ifdef AT32F403Rx_HD
 115:Src/main.c    ****   HAL_GPIO_WritePin(OFF_GPIO_Port, OFF_Pin, 1);
 116:Src/main.c    ****   #endif
 117:Src/main.c    ****   write(welcome,5);
 118:Src/main.c    ****   /* USER CODE END 2 */
 119:Src/main.c    **** 
 120:Src/main.c    ****   /* Infinite loop */
 121:Src/main.c    ****   /* USER CODE BEGIN WHILE */
 122:Src/main.c    ****   while (1)
 123:Src/main.c    ****   {
 124:Src/main.c    ****     int readByte = read();
 125:Src/main.c    ****     welcome[0] = readByte;
 126:Src/main.c    ****     write(welcome,1);
 127:Src/main.c    ****     /* USER CODE END WHILE */
 128:Src/main.c    ****     
 129:Src/main.c    ****     /* USER CODE BEGIN 3 */
 130:Src/main.c    ****   }
 131:Src/main.c    ****   /* USER CODE END 3 */
 132:Src/main.c    **** }
 133:Src/main.c    **** 
 134:Src/main.c    **** /**
 135:Src/main.c    ****   * @brief System Clock Configuration
 136:Src/main.c    ****   * @retval None
 137:Src/main.c    ****   */
 138:Src/main.c    **** void SystemClock_Config(void)
 139:Src/main.c    **** {
 140:Src/main.c    ****   RCC_OscInitTypeDef RCC_OscInitStruct = {0};
 141:Src/main.c    ****   RCC_ClkInitTypeDef RCC_ClkInitStruct = {0};
 142:Src/main.c    **** 
 143:Src/main.c    ****   /** Initializes the CPU, AHB and APB busses clocks 
 144:Src/main.c    ****   */
 145:Src/main.c    ****   RCC_OscInitStruct.OscillatorType = RCC_OSCILLATORTYPE_HSI;
 146:Src/main.c    ****   RCC_OscInitStruct.HSIState = RCC_HSI_ON;
 147:Src/main.c    ****   RCC_OscInitStruct.HSICalibrationValue = RCC_HSICALIBRATION_DEFAULT;
ARM GAS  /var/folders/l3/4y5292px21b4835bsnjwqc7w009kq1/T//ccxuBQyj.s 			page 4


 148:Src/main.c    ****   RCC_OscInitStruct.PLL.PLLState = RCC_PLL_NONE;
 149:Src/main.c    ****   if (HAL_RCC_OscConfig(&RCC_OscInitStruct) != HAL_OK)
 150:Src/main.c    ****   {
 151:Src/main.c    ****     Error_Handler();
 152:Src/main.c    ****   }
 153:Src/main.c    ****   /** Initializes the CPU, AHB and APB busses clocks 
 154:Src/main.c    ****   */
 155:Src/main.c    ****   RCC_ClkInitStruct.ClockType = RCC_CLOCKTYPE_HCLK|RCC_CLOCKTYPE_SYSCLK
 156:Src/main.c    ****                               |RCC_CLOCKTYPE_PCLK1|RCC_CLOCKTYPE_PCLK2;
 157:Src/main.c    ****   RCC_ClkInitStruct.SYSCLKSource = RCC_SYSCLKSOURCE_HSI;
 158:Src/main.c    ****   RCC_ClkInitStruct.AHBCLKDivider = RCC_SYSCLK_DIV1;
 159:Src/main.c    ****   RCC_ClkInitStruct.APB1CLKDivider = RCC_HCLK_DIV1;
 160:Src/main.c    ****   RCC_ClkInitStruct.APB2CLKDivider = RCC_HCLK_DIV1;
 161:Src/main.c    **** 
 162:Src/main.c    ****   if (HAL_RCC_ClockConfig(&RCC_ClkInitStruct, FLASH_LATENCY_0) != HAL_OK)
 163:Src/main.c    ****   {
 164:Src/main.c    ****     Error_Handler();
 165:Src/main.c    ****   }
 166:Src/main.c    **** }
 167:Src/main.c    **** 
 168:Src/main.c    **** /**
 169:Src/main.c    ****   * @brief USART2 Initialization Function
 170:Src/main.c    ****   * @param None
 171:Src/main.c    ****   * @retval None
 172:Src/main.c    ****   */
 173:Src/main.c    **** static void MX_USART2_UART_Init(void)
 174:Src/main.c    **** {
 175:Src/main.c    **** 
 176:Src/main.c    ****   /* USER CODE BEGIN USART2_Init 0 */
 177:Src/main.c    **** 
 178:Src/main.c    ****   /* USER CODE END USART2_Init 0 */
 179:Src/main.c    **** 
 180:Src/main.c    ****   /* USER CODE BEGIN USART2_Init 1 */
 181:Src/main.c    **** 
 182:Src/main.c    ****   /* USER CODE END USART2_Init 1 */
 183:Src/main.c    ****   huart2.Instance = USART2;
 184:Src/main.c    ****   huart2.Init.BaudRate = 115200;
 185:Src/main.c    ****   huart2.Init.WordLength = UART_WORDLENGTH_8B;
 186:Src/main.c    ****   huart2.Init.StopBits = UART_STOPBITS_1;
 187:Src/main.c    ****   huart2.Init.Parity = UART_PARITY_NONE;
 188:Src/main.c    ****   huart2.Init.Mode = UART_MODE_TX_RX;
 189:Src/main.c    ****   huart2.Init.HwFlowCtl = UART_HWCONTROL_NONE;
 190:Src/main.c    ****   huart2.Init.OverSampling = UART_OVERSAMPLING_16;
 191:Src/main.c    ****   if (HAL_UART_Init(&huart2) != HAL_OK)
 192:Src/main.c    ****   {
 193:Src/main.c    ****     Error_Handler();
 194:Src/main.c    ****   }
 195:Src/main.c    ****   /* USER CODE BEGIN USART2_Init 2 */
 196:Src/main.c    **** 
 197:Src/main.c    ****   /* USER CODE END USART2_Init 2 */
 198:Src/main.c    **** 
 199:Src/main.c    **** }
 200:Src/main.c    **** 
 201:Src/main.c    **** /**
 202:Src/main.c    ****   * @brief GPIO Initialization Function
 203:Src/main.c    ****   * @param None
 204:Src/main.c    ****   * @retval None
ARM GAS  /var/folders/l3/4y5292px21b4835bsnjwqc7w009kq1/T//ccxuBQyj.s 			page 5


 205:Src/main.c    ****   */
 206:Src/main.c    **** static void MX_GPIO_Init(void)
 207:Src/main.c    **** {  
  26              		.loc 1 207 0
  27              		.cfi_startproc
  28              		@ args = 0, pretend = 0, frame = 24
  29              		@ frame_needed = 0, uses_anonymous_args = 0
  30 0000 00B5     		push	{lr}
  31              	.LCFI0:
  32              		.cfi_def_cfa_offset 4
  33              		.cfi_offset 14, -4
  34 0002 87B0     		sub	sp, sp, #28
  35              	.LCFI1:
  36              		.cfi_def_cfa_offset 32
  37              	.LBB2:
 208:Src/main.c    ****   /* GPIO Ports Clock Enable */
 209:Src/main.c    ****   __HAL_RCC_GPIOA_CLK_ENABLE();
  38              		.loc 1 209 0
  39 0004 0C4B     		ldr	r3, .L3
  40 0006 9A69     		ldr	r2, [r3, #24]
  41 0008 42F00402 		orr	r2, r2, #4
  42 000c 9A61     		str	r2, [r3, #24]
  43 000e 9B69     		ldr	r3, [r3, #24]
  44 0010 03F00403 		and	r3, r3, #4
  45 0014 0193     		str	r3, [sp, #4]
  46 0016 019B     		ldr	r3, [sp, #4]
  47              	.LBE2:
 210:Src/main.c    **** 
 211:Src/main.c    **** #ifdef AT32F403Rx_HD
 212:Src/main.c    ****   GPIO_InitTypeDef GPIO_InitStruct = {0};
  48              		.loc 1 212 0
  49 0018 0023     		movs	r3, #0
  50 001a 0493     		str	r3, [sp, #16]
 213:Src/main.c    **** 
 214:Src/main.c    ****   /*Configure GPIO pin : OFF_PIN */
 215:Src/main.c    ****   GPIO_InitStruct.Pin = OFF_Pin;
  51              		.loc 1 215 0
  52 001c 2023     		movs	r3, #32
  53 001e 0293     		str	r3, [sp, #8]
 216:Src/main.c    ****   GPIO_InitStruct.Mode  = GPIO_MODE_OUTPUT_PP;
  54              		.loc 1 216 0
  55 0020 0123     		movs	r3, #1
  56 0022 0393     		str	r3, [sp, #12]
 217:Src/main.c    ****   GPIO_InitStruct.Pull  = GPIO_NOPULL;
 218:Src/main.c    ****   GPIO_InitStruct.Speed = GPIO_SPEED_FREQ_LOW;
  57              		.loc 1 218 0
  58 0024 0223     		movs	r3, #2
  59 0026 0593     		str	r3, [sp, #20]
 219:Src/main.c    ****   HAL_GPIO_Init(OFF_GPIO_Port, &GPIO_InitStruct);
  60              		.loc 1 219 0
  61 0028 02A9     		add	r1, sp, #8
  62 002a 0448     		ldr	r0, .L3+4
  63 002c FFF7FEFF 		bl	HAL_GPIO_Init
  64              	.LVL0:
 220:Src/main.c    **** #endif
 221:Src/main.c    **** }
  65              		.loc 1 221 0
ARM GAS  /var/folders/l3/4y5292px21b4835bsnjwqc7w009kq1/T//ccxuBQyj.s 			page 6


  66 0030 07B0     		add	sp, sp, #28
  67              	.LCFI2:
  68              		.cfi_def_cfa_offset 4
  69              		@ sp needed
  70 0032 5DF804FB 		ldr	pc, [sp], #4
  71              	.L4:
  72 0036 00BF     		.align	2
  73              	.L3:
  74 0038 00100240 		.word	1073876992
  75 003c 00080140 		.word	1073809408
  76              		.cfi_endproc
  77              	.LFE131:
  79              		.section	.text.MX_USART2_UART_Init,"ax",%progbits
  80              		.align	1
  81              		.syntax unified
  82              		.thumb
  83              		.thumb_func
  84              		.fpu fpv4-sp-d16
  86              	MX_USART2_UART_Init:
  87              	.LFB130:
 174:Src/main.c    **** 
  88              		.loc 1 174 0
  89              		.cfi_startproc
  90              		@ args = 0, pretend = 0, frame = 0
  91              		@ frame_needed = 0, uses_anonymous_args = 0
  92 0000 08B5     		push	{r3, lr}
  93              	.LCFI3:
  94              		.cfi_def_cfa_offset 8
  95              		.cfi_offset 3, -8
  96              		.cfi_offset 14, -4
 183:Src/main.c    ****   huart2.Init.BaudRate = 115200;
  97              		.loc 1 183 0
  98 0002 0848     		ldr	r0, .L7
  99 0004 084B     		ldr	r3, .L7+4
 100 0006 0360     		str	r3, [r0]
 184:Src/main.c    ****   huart2.Init.WordLength = UART_WORDLENGTH_8B;
 101              		.loc 1 184 0
 102 0008 4FF4E133 		mov	r3, #115200
 103 000c 4360     		str	r3, [r0, #4]
 185:Src/main.c    ****   huart2.Init.StopBits = UART_STOPBITS_1;
 104              		.loc 1 185 0
 105 000e 0023     		movs	r3, #0
 106 0010 8360     		str	r3, [r0, #8]
 186:Src/main.c    ****   huart2.Init.Parity = UART_PARITY_NONE;
 107              		.loc 1 186 0
 108 0012 C360     		str	r3, [r0, #12]
 187:Src/main.c    ****   huart2.Init.Mode = UART_MODE_TX_RX;
 109              		.loc 1 187 0
 110 0014 0361     		str	r3, [r0, #16]
 188:Src/main.c    ****   huart2.Init.HwFlowCtl = UART_HWCONTROL_NONE;
 111              		.loc 1 188 0
 112 0016 0C22     		movs	r2, #12
 113 0018 4261     		str	r2, [r0, #20]
 189:Src/main.c    ****   huart2.Init.OverSampling = UART_OVERSAMPLING_16;
 114              		.loc 1 189 0
 115 001a 8361     		str	r3, [r0, #24]
 190:Src/main.c    ****   if (HAL_UART_Init(&huart2) != HAL_OK)
ARM GAS  /var/folders/l3/4y5292px21b4835bsnjwqc7w009kq1/T//ccxuBQyj.s 			page 7


 116              		.loc 1 190 0
 117 001c C361     		str	r3, [r0, #28]
 191:Src/main.c    ****   {
 118              		.loc 1 191 0
 119 001e FFF7FEFF 		bl	HAL_UART_Init
 120              	.LVL1:
 199:Src/main.c    **** 
 121              		.loc 1 199 0
 122 0022 08BD     		pop	{r3, pc}
 123              	.L8:
 124              		.align	2
 125              	.L7:
 126 0024 00000000 		.word	huart2
 127 0028 00440040 		.word	1073759232
 128              		.cfi_endproc
 129              	.LFE130:
 131              		.section	.text.read,"ax",%progbits
 132              		.align	1
 133              		.global	read
 134              		.syntax unified
 135              		.thumb
 136              		.thumb_func
 137              		.fpu fpv4-sp-d16
 139              	read:
 140              	.LFB126:
  62:Src/main.c    ****   uint8_t readByte;
 141              		.loc 1 62 0
 142              		.cfi_startproc
 143              		@ args = 0, pretend = 0, frame = 8
 144              		@ frame_needed = 0, uses_anonymous_args = 0
 145 0000 00B5     		push	{lr}
 146              	.LCFI4:
 147              		.cfi_def_cfa_offset 4
 148              		.cfi_offset 14, -4
 149 0002 83B0     		sub	sp, sp, #12
 150              	.LCFI5:
 151              		.cfi_def_cfa_offset 16
  64:Src/main.c    ****   if(retval == HAL_ERROR)
 152              		.loc 1 64 0
 153 0004 4FF47A73 		mov	r3, #1000
 154 0008 0122     		movs	r2, #1
 155 000a 0DF10701 		add	r1, sp, #7
 156 000e 0648     		ldr	r0, .L13
 157 0010 FFF7FEFF 		bl	HAL_UART_Receive
 158              	.LVL2:
  65:Src/main.c    ****   {
 159              		.loc 1 65 0
 160 0014 0128     		cmp	r0, #1
 161 0016 04D0     		beq	.L11
  71:Src/main.c    ****   }
 162              		.loc 1 71 0
 163 0018 9DF80700 		ldrb	r0, [sp, #7]	@ zero_extendqisi2
 164              	.LVL3:
 165              	.L9:
  74:Src/main.c    **** 
 166              		.loc 1 74 0
 167 001c 03B0     		add	sp, sp, #12
ARM GAS  /var/folders/l3/4y5292px21b4835bsnjwqc7w009kq1/T//ccxuBQyj.s 			page 8


 168              	.LCFI6:
 169              		.cfi_remember_state
 170              		.cfi_def_cfa_offset 4
 171              		@ sp needed
 172 001e 5DF804FB 		ldr	pc, [sp], #4
 173              	.LVL4:
 174              	.L11:
 175              	.LCFI7:
 176              		.cfi_restore_state
  67:Src/main.c    ****   }
 177              		.loc 1 67 0
 178 0022 4FF0FF30 		mov	r0, #-1
 179              	.LVL5:
 180 0026 F9E7     		b	.L9
 181              	.L14:
 182              		.align	2
 183              	.L13:
 184 0028 00000000 		.word	huart2
 185              		.cfi_endproc
 186              	.LFE126:
 188              		.section	.text.write,"ax",%progbits
 189              		.align	1
 190              		.global	write
 191              		.syntax unified
 192              		.thumb
 193              		.thumb_func
 194              		.fpu fpv4-sp-d16
 196              	write:
 197              	.LFB127:
  77:Src/main.c    ****   HAL_UART_Transmit(&huart2, data, length, 1000);
 198              		.loc 1 77 0
 199              		.cfi_startproc
 200              		@ args = 0, pretend = 0, frame = 0
 201              		@ frame_needed = 0, uses_anonymous_args = 0
 202              	.LVL6:
 203 0000 08B5     		push	{r3, lr}
 204              	.LCFI8:
 205              		.cfi_def_cfa_offset 8
 206              		.cfi_offset 3, -8
 207              		.cfi_offset 14, -4
  78:Src/main.c    **** }
 208              		.loc 1 78 0
 209 0002 4FF47A73 		mov	r3, #1000
 210 0006 8AB2     		uxth	r2, r1
 211 0008 0146     		mov	r1, r0
 212              	.LVL7:
 213 000a 0248     		ldr	r0, .L17
 214              	.LVL8:
 215 000c FFF7FEFF 		bl	HAL_UART_Transmit
 216              	.LVL9:
  79:Src/main.c    **** /* USER CODE END 0 */
 217              		.loc 1 79 0
 218 0010 08BD     		pop	{r3, pc}
 219              	.L18:
 220 0012 00BF     		.align	2
 221              	.L17:
 222 0014 00000000 		.word	huart2
ARM GAS  /var/folders/l3/4y5292px21b4835bsnjwqc7w009kq1/T//ccxuBQyj.s 			page 9


 223              		.cfi_endproc
 224              	.LFE127:
 226              		.section	.text.SystemClock_Config,"ax",%progbits
 227              		.align	1
 228              		.global	SystemClock_Config
 229              		.syntax unified
 230              		.thumb
 231              		.thumb_func
 232              		.fpu fpv4-sp-d16
 234              	SystemClock_Config:
 235              	.LFB129:
 139:Src/main.c    ****   RCC_OscInitTypeDef RCC_OscInitStruct = {0};
 236              		.loc 1 139 0
 237              		.cfi_startproc
 238              		@ args = 0, pretend = 0, frame = 64
 239              		@ frame_needed = 0, uses_anonymous_args = 0
 240 0000 10B5     		push	{r4, lr}
 241              	.LCFI9:
 242              		.cfi_def_cfa_offset 8
 243              		.cfi_offset 4, -8
 244              		.cfi_offset 14, -4
 245 0002 90B0     		sub	sp, sp, #64
 246              	.LCFI10:
 247              		.cfi_def_cfa_offset 72
 140:Src/main.c    ****   RCC_ClkInitTypeDef RCC_ClkInitStruct = {0};
 248              		.loc 1 140 0
 249 0004 2422     		movs	r2, #36
 250 0006 0021     		movs	r1, #0
 251 0008 07A8     		add	r0, sp, #28
 252 000a FFF7FEFF 		bl	memset
 253              	.LVL10:
 141:Src/main.c    **** 
 254              		.loc 1 141 0
 255 000e 0024     		movs	r4, #0
 256 0010 0194     		str	r4, [sp, #4]
 257 0012 0294     		str	r4, [sp, #8]
 258 0014 0394     		str	r4, [sp, #12]
 259 0016 0494     		str	r4, [sp, #16]
 260 0018 0594     		str	r4, [sp, #20]
 145:Src/main.c    ****   RCC_OscInitStruct.HSIState = RCC_HSI_ON;
 261              		.loc 1 145 0
 262 001a 0223     		movs	r3, #2
 263 001c 0693     		str	r3, [sp, #24]
 146:Src/main.c    ****   RCC_OscInitStruct.HSICalibrationValue = RCC_HSICALIBRATION_DEFAULT;
 264              		.loc 1 146 0
 265 001e 0123     		movs	r3, #1
 266 0020 0A93     		str	r3, [sp, #40]
 147:Src/main.c    ****   RCC_OscInitStruct.PLL.PLLState = RCC_PLL_NONE;
 267              		.loc 1 147 0
 268 0022 1023     		movs	r3, #16
 269 0024 0B93     		str	r3, [sp, #44]
 149:Src/main.c    ****   {
 270              		.loc 1 149 0
 271 0026 06A8     		add	r0, sp, #24
 272 0028 FFF7FEFF 		bl	HAL_RCC_OscConfig
 273              	.LVL11:
 155:Src/main.c    ****                               |RCC_CLOCKTYPE_PCLK1|RCC_CLOCKTYPE_PCLK2;
ARM GAS  /var/folders/l3/4y5292px21b4835bsnjwqc7w009kq1/T//ccxuBQyj.s 			page 10


 274              		.loc 1 155 0
 275 002c 0F23     		movs	r3, #15
 276 002e 0193     		str	r3, [sp, #4]
 157:Src/main.c    ****   RCC_ClkInitStruct.AHBCLKDivider = RCC_SYSCLK_DIV1;
 277              		.loc 1 157 0
 278 0030 0294     		str	r4, [sp, #8]
 158:Src/main.c    ****   RCC_ClkInitStruct.APB1CLKDivider = RCC_HCLK_DIV1;
 279              		.loc 1 158 0
 280 0032 0394     		str	r4, [sp, #12]
 159:Src/main.c    ****   RCC_ClkInitStruct.APB2CLKDivider = RCC_HCLK_DIV1;
 281              		.loc 1 159 0
 282 0034 0494     		str	r4, [sp, #16]
 160:Src/main.c    **** 
 283              		.loc 1 160 0
 284 0036 0594     		str	r4, [sp, #20]
 162:Src/main.c    ****   {
 285              		.loc 1 162 0
 286 0038 2146     		mov	r1, r4
 287 003a 01A8     		add	r0, sp, #4
 288 003c FFF7FEFF 		bl	HAL_RCC_ClockConfig
 289              	.LVL12:
 166:Src/main.c    **** 
 290              		.loc 1 166 0
 291 0040 10B0     		add	sp, sp, #64
 292              	.LCFI11:
 293              		.cfi_def_cfa_offset 8
 294              		@ sp needed
 295 0042 10BD     		pop	{r4, pc}
 296              		.cfi_endproc
 297              	.LFE129:
 299              		.section	.text.main,"ax",%progbits
 300              		.align	1
 301              		.global	main
 302              		.syntax unified
 303              		.thumb
 304              		.thumb_func
 305              		.fpu fpv4-sp-d16
 307              	main:
 308              	.LFB128:
  87:Src/main.c    ****   /* USER CODE BEGIN 1 */
 309              		.loc 1 87 0
 310              		.cfi_startproc
 311              		@ args = 0, pretend = 0, frame = 0
 312              		@ frame_needed = 0, uses_anonymous_args = 0
 313 0000 08B5     		push	{r3, lr}
 314              	.LCFI12:
 315              		.cfi_def_cfa_offset 8
 316              		.cfi_offset 3, -8
 317              		.cfi_offset 14, -4
  96:Src/main.c    **** 
 318              		.loc 1 96 0
 319 0002 FFF7FEFF 		bl	HAL_Init
 320              	.LVL13:
 103:Src/main.c    **** 
 321              		.loc 1 103 0
 322 0006 FFF7FEFF 		bl	SystemClock_Config
 323              	.LVL14:
ARM GAS  /var/folders/l3/4y5292px21b4835bsnjwqc7w009kq1/T//ccxuBQyj.s 			page 11


 110:Src/main.c    ****   MX_USART2_UART_Init();
 324              		.loc 1 110 0
 325 000a FFF7FEFF 		bl	MX_GPIO_Init
 326              	.LVL15:
 111:Src/main.c    ****   /* USER CODE BEGIN 2 */
 327              		.loc 1 111 0
 328 000e FFF7FEFF 		bl	MX_USART2_UART_Init
 329              	.LVL16:
 115:Src/main.c    ****   #endif
 330              		.loc 1 115 0
 331 0012 0122     		movs	r2, #1
 332 0014 2021     		movs	r1, #32
 333 0016 0848     		ldr	r0, .L24
 334 0018 FFF7FEFF 		bl	HAL_GPIO_WritePin
 335              	.LVL17:
 117:Src/main.c    ****   /* USER CODE END 2 */
 336              		.loc 1 117 0
 337 001c 0521     		movs	r1, #5
 338 001e 0748     		ldr	r0, .L24+4
 339 0020 FFF7FEFF 		bl	write
 340              	.LVL18:
 341              	.L22:
 342              	.LBB3:
 124:Src/main.c    ****     welcome[0] = readByte;
 343              		.loc 1 124 0 discriminator 1
 344 0024 FFF7FEFF 		bl	read
 345              	.LVL19:
 125:Src/main.c    ****     write(welcome,1);
 346              		.loc 1 125 0 discriminator 1
 347 0028 044B     		ldr	r3, .L24+4
 348 002a 1870     		strb	r0, [r3]
 126:Src/main.c    ****     /* USER CODE END WHILE */
 349              		.loc 1 126 0 discriminator 1
 350 002c 0121     		movs	r1, #1
 351 002e 1846     		mov	r0, r3
 352              	.LVL20:
 353 0030 FFF7FEFF 		bl	write
 354              	.LVL21:
 355 0034 F6E7     		b	.L22
 356              	.L25:
 357 0036 00BF     		.align	2
 358              	.L24:
 359 0038 00080140 		.word	1073809408
 360 003c 00000000 		.word	.LANCHOR0
 361              	.LBE3:
 362              		.cfi_endproc
 363              	.LFE128:
 365              		.section	.text.Error_Handler,"ax",%progbits
 366              		.align	1
 367              		.global	Error_Handler
 368              		.syntax unified
 369              		.thumb
 370              		.thumb_func
 371              		.fpu fpv4-sp-d16
 373              	Error_Handler:
 374              	.LFB132:
 222:Src/main.c    **** 
ARM GAS  /var/folders/l3/4y5292px21b4835bsnjwqc7w009kq1/T//ccxuBQyj.s 			page 12


 223:Src/main.c    **** /* USER CODE BEGIN 4 */
 224:Src/main.c    **** 
 225:Src/main.c    **** /* USER CODE END 4 */
 226:Src/main.c    **** 
 227:Src/main.c    **** /**
 228:Src/main.c    ****   * @brief  This function is executed in case of error occurrence.
 229:Src/main.c    ****   * @retval None
 230:Src/main.c    ****   */
 231:Src/main.c    **** void Error_Handler(void)
 232:Src/main.c    **** {
 375              		.loc 1 232 0
 376              		.cfi_startproc
 377              		@ args = 0, pretend = 0, frame = 0
 378              		@ frame_needed = 0, uses_anonymous_args = 0
 379              		@ link register save eliminated.
 233:Src/main.c    ****   /* USER CODE BEGIN Error_Handler_Debug */
 234:Src/main.c    ****   /* User can add his own implementation to report the HAL error return state */
 235:Src/main.c    **** 
 236:Src/main.c    ****   /* USER CODE END Error_Handler_Debug */
 237:Src/main.c    **** }
 380              		.loc 1 237 0
 381 0000 7047     		bx	lr
 382              		.cfi_endproc
 383              	.LFE132:
 385              		.global	welcome
 386              		.comm	huart2,64,4
 387              		.section	.data.welcome,"aw",%progbits
 388              		.align	2
 389              		.set	.LANCHOR0,. + 0
 392              	welcome:
 393 0000 48       		.byte	72
 394 0001 65       		.byte	101
 395 0002 6C       		.byte	108
 396 0003 6C       		.byte	108
 397 0004 6F       		.byte	111
 398              		.text
 399              	.Letext0:
 400              		.file 2 "/usr/local/Cellar/gcc-arm-none-eabi/20180627/arm-none-eabi/include/machine/_default_types
 401              		.file 3 "/usr/local/Cellar/gcc-arm-none-eabi/20180627/arm-none-eabi/include/sys/_stdint.h"
 402              		.file 4 "Drivers/CMSIS/CM4/CoreSupport/core_cm4.h"
 403              		.file 5 "Inc/system_at32f4xx.h"
 404              		.file 6 "Drivers/CMSIS/CM4/DeviceSupport/at32f4xx.h"
 405              		.file 7 "/usr/local/Cellar/gcc-arm-none-eabi/20180627/arm-none-eabi/include/sys/lock.h"
 406              		.file 8 "/usr/local/Cellar/gcc-arm-none-eabi/20180627/arm-none-eabi/include/sys/_types.h"
 407              		.file 9 "/usr/local/Cellar/gcc-arm-none-eabi/20180627/lib/gcc/arm-none-eabi/7.3.1/include/stddef.h
 408              		.file 10 "/usr/local/Cellar/gcc-arm-none-eabi/20180627/arm-none-eabi/include/sys/reent.h"
 409              		.file 11 "Drivers/Modified_HAL_Driver/Inc/stm32f1xx_hal_def.h"
 410              		.file 12 "Drivers/Modified_HAL_Driver/Inc/stm32f1xx_hal_rcc.h"
 411              		.file 13 "Drivers/Modified_HAL_Driver/Inc/stm32f1xx_hal_rcc_ex.h"
 412              		.file 14 "Drivers/Modified_HAL_Driver/Inc/stm32f1xx_hal_gpio.h"
 413              		.file 15 "Drivers/Modified_HAL_Driver/Inc/stm32f1xx_hal_dma.h"
 414              		.file 16 "Drivers/Modified_HAL_Driver/Inc/stm32f1xx_hal_uart.h"
 415              		.file 17 "Drivers/Modified_HAL_Driver/Inc/stm32f1xx_hal.h"
 416              		.file 18 "<built-in>"
ARM GAS  /var/folders/l3/4y5292px21b4835bsnjwqc7w009kq1/T//ccxuBQyj.s 			page 13


DEFINED SYMBOLS
                            *ABS*:0000000000000000 main.c
/var/folders/l3/4y5292px21b4835bsnjwqc7w009kq1/T//ccxuBQyj.s:17     .text.MX_GPIO_Init:0000000000000000 $t
/var/folders/l3/4y5292px21b4835bsnjwqc7w009kq1/T//ccxuBQyj.s:23     .text.MX_GPIO_Init:0000000000000000 MX_GPIO_Init
/var/folders/l3/4y5292px21b4835bsnjwqc7w009kq1/T//ccxuBQyj.s:74     .text.MX_GPIO_Init:0000000000000038 $d
/var/folders/l3/4y5292px21b4835bsnjwqc7w009kq1/T//ccxuBQyj.s:80     .text.MX_USART2_UART_Init:0000000000000000 $t
/var/folders/l3/4y5292px21b4835bsnjwqc7w009kq1/T//ccxuBQyj.s:86     .text.MX_USART2_UART_Init:0000000000000000 MX_USART2_UART_Init
/var/folders/l3/4y5292px21b4835bsnjwqc7w009kq1/T//ccxuBQyj.s:126    .text.MX_USART2_UART_Init:0000000000000024 $d
                            *COM*:0000000000000040 huart2
/var/folders/l3/4y5292px21b4835bsnjwqc7w009kq1/T//ccxuBQyj.s:132    .text.read:0000000000000000 $t
/var/folders/l3/4y5292px21b4835bsnjwqc7w009kq1/T//ccxuBQyj.s:139    .text.read:0000000000000000 read
/var/folders/l3/4y5292px21b4835bsnjwqc7w009kq1/T//ccxuBQyj.s:184    .text.read:0000000000000028 $d
/var/folders/l3/4y5292px21b4835bsnjwqc7w009kq1/T//ccxuBQyj.s:189    .text.write:0000000000000000 $t
/var/folders/l3/4y5292px21b4835bsnjwqc7w009kq1/T//ccxuBQyj.s:196    .text.write:0000000000000000 write
/var/folders/l3/4y5292px21b4835bsnjwqc7w009kq1/T//ccxuBQyj.s:222    .text.write:0000000000000014 $d
/var/folders/l3/4y5292px21b4835bsnjwqc7w009kq1/T//ccxuBQyj.s:227    .text.SystemClock_Config:0000000000000000 $t
/var/folders/l3/4y5292px21b4835bsnjwqc7w009kq1/T//ccxuBQyj.s:234    .text.SystemClock_Config:0000000000000000 SystemClock_Config
/var/folders/l3/4y5292px21b4835bsnjwqc7w009kq1/T//ccxuBQyj.s:300    .text.main:0000000000000000 $t
/var/folders/l3/4y5292px21b4835bsnjwqc7w009kq1/T//ccxuBQyj.s:307    .text.main:0000000000000000 main
/var/folders/l3/4y5292px21b4835bsnjwqc7w009kq1/T//ccxuBQyj.s:359    .text.main:0000000000000038 $d
/var/folders/l3/4y5292px21b4835bsnjwqc7w009kq1/T//ccxuBQyj.s:366    .text.Error_Handler:0000000000000000 $t
/var/folders/l3/4y5292px21b4835bsnjwqc7w009kq1/T//ccxuBQyj.s:373    .text.Error_Handler:0000000000000000 Error_Handler
/var/folders/l3/4y5292px21b4835bsnjwqc7w009kq1/T//ccxuBQyj.s:392    .data.welcome:0000000000000000 welcome
/var/folders/l3/4y5292px21b4835bsnjwqc7w009kq1/T//ccxuBQyj.s:388    .data.welcome:0000000000000000 $d

UNDEFINED SYMBOLS
HAL_GPIO_Init
HAL_UART_Init
HAL_UART_Receive
HAL_UART_Transmit
memset
HAL_RCC_OscConfig
HAL_RCC_ClockConfig
HAL_Init
HAL_GPIO_WritePin
