ARM GAS  /var/folders/l3/4y5292px21b4835bsnjwqc7w009kq1/T//ccb554Kx.s 			page 1


   1              		.cpu cortex-m4
   2              		.eabi_attribute 27, 1
   3              		.eabi_attribute 20, 1
   4              		.eabi_attribute 21, 1
   5              		.eabi_attribute 23, 3
   6              		.eabi_attribute 24, 1
   7              		.eabi_attribute 25, 1
   8              		.eabi_attribute 26, 1
   9              		.eabi_attribute 30, 1
  10              		.eabi_attribute 34, 1
  11              		.eabi_attribute 18, 4
  12              		.file	"stm32f1xx_hal_msp.c"
  13              		.text
  14              	.Ltext0:
  15              		.cfi_sections	.debug_frame
  16              		.section	.text.HAL_MspInit,"ax",%progbits
  17              		.align	1
  18              		.global	HAL_MspInit
  19              		.syntax unified
  20              		.thumb
  21              		.thumb_func
  22              		.fpu fpv4-sp-d16
  24              	HAL_MspInit:
  25              	.LFB126:
  26              		.file 1 "Src/stm32f1xx_hal_msp.c"
   1:Src/stm32f1xx_hal_msp.c **** /* USER CODE BEGIN Header */
   2:Src/stm32f1xx_hal_msp.c **** /**
   3:Src/stm32f1xx_hal_msp.c ****   ******************************************************************************
   4:Src/stm32f1xx_hal_msp.c ****   * File Name          : stm32f1xx_hal_msp.c
   5:Src/stm32f1xx_hal_msp.c ****   * Description        : This file provides code for the MSP Initialization 
   6:Src/stm32f1xx_hal_msp.c ****   *                      and de-Initialization codes.
   7:Src/stm32f1xx_hal_msp.c ****   ******************************************************************************
   8:Src/stm32f1xx_hal_msp.c ****   * @attention
   9:Src/stm32f1xx_hal_msp.c ****   *
  10:Src/stm32f1xx_hal_msp.c ****   * <h2><center>&copy; Copyright (c) 2019 STMicroelectronics.
  11:Src/stm32f1xx_hal_msp.c ****   * All rights reserved.</center></h2>
  12:Src/stm32f1xx_hal_msp.c ****   *
  13:Src/stm32f1xx_hal_msp.c ****   * This software component is licensed by ST under BSD 3-Clause license,
  14:Src/stm32f1xx_hal_msp.c ****   * the "License"; You may not use this file except in compliance with the
  15:Src/stm32f1xx_hal_msp.c ****   * License. You may obtain a copy of the License at:
  16:Src/stm32f1xx_hal_msp.c ****   *                        opensource.org/licenses/BSD-3-Clause
  17:Src/stm32f1xx_hal_msp.c ****   *
  18:Src/stm32f1xx_hal_msp.c ****   ******************************************************************************
  19:Src/stm32f1xx_hal_msp.c ****   */
  20:Src/stm32f1xx_hal_msp.c **** /* USER CODE END Header */
  21:Src/stm32f1xx_hal_msp.c **** 
  22:Src/stm32f1xx_hal_msp.c **** /* Includes ------------------------------------------------------------------*/
  23:Src/stm32f1xx_hal_msp.c **** #include "main.h"
  24:Src/stm32f1xx_hal_msp.c **** /* USER CODE BEGIN Includes */
  25:Src/stm32f1xx_hal_msp.c **** 
  26:Src/stm32f1xx_hal_msp.c **** /* USER CODE END Includes */
  27:Src/stm32f1xx_hal_msp.c **** 
  28:Src/stm32f1xx_hal_msp.c **** /* Private typedef -----------------------------------------------------------*/
  29:Src/stm32f1xx_hal_msp.c **** /* USER CODE BEGIN TD */
  30:Src/stm32f1xx_hal_msp.c **** 
  31:Src/stm32f1xx_hal_msp.c **** /* USER CODE END TD */
  32:Src/stm32f1xx_hal_msp.c **** 
ARM GAS  /var/folders/l3/4y5292px21b4835bsnjwqc7w009kq1/T//ccb554Kx.s 			page 2


  33:Src/stm32f1xx_hal_msp.c **** /* Private define ------------------------------------------------------------*/
  34:Src/stm32f1xx_hal_msp.c **** /* USER CODE BEGIN Define */
  35:Src/stm32f1xx_hal_msp.c ****  
  36:Src/stm32f1xx_hal_msp.c **** /* USER CODE END Define */
  37:Src/stm32f1xx_hal_msp.c **** 
  38:Src/stm32f1xx_hal_msp.c **** /* Private macro -------------------------------------------------------------*/
  39:Src/stm32f1xx_hal_msp.c **** /* USER CODE BEGIN Macro */
  40:Src/stm32f1xx_hal_msp.c **** 
  41:Src/stm32f1xx_hal_msp.c **** /* USER CODE END Macro */
  42:Src/stm32f1xx_hal_msp.c **** 
  43:Src/stm32f1xx_hal_msp.c **** /* Private variables ---------------------------------------------------------*/
  44:Src/stm32f1xx_hal_msp.c **** /* USER CODE BEGIN PV */
  45:Src/stm32f1xx_hal_msp.c **** 
  46:Src/stm32f1xx_hal_msp.c **** /* USER CODE END PV */
  47:Src/stm32f1xx_hal_msp.c **** 
  48:Src/stm32f1xx_hal_msp.c **** /* Private function prototypes -----------------------------------------------*/
  49:Src/stm32f1xx_hal_msp.c **** /* USER CODE BEGIN PFP */
  50:Src/stm32f1xx_hal_msp.c **** 
  51:Src/stm32f1xx_hal_msp.c **** /* USER CODE END PFP */
  52:Src/stm32f1xx_hal_msp.c **** 
  53:Src/stm32f1xx_hal_msp.c **** /* External functions --------------------------------------------------------*/
  54:Src/stm32f1xx_hal_msp.c **** /* USER CODE BEGIN ExternalFunctions */
  55:Src/stm32f1xx_hal_msp.c **** 
  56:Src/stm32f1xx_hal_msp.c **** /* USER CODE END ExternalFunctions */
  57:Src/stm32f1xx_hal_msp.c **** 
  58:Src/stm32f1xx_hal_msp.c **** /* USER CODE BEGIN 0 */
  59:Src/stm32f1xx_hal_msp.c **** 
  60:Src/stm32f1xx_hal_msp.c **** /* USER CODE END 0 */
  61:Src/stm32f1xx_hal_msp.c **** /**
  62:Src/stm32f1xx_hal_msp.c ****   * Initializes the Global MSP.
  63:Src/stm32f1xx_hal_msp.c ****   */
  64:Src/stm32f1xx_hal_msp.c **** void HAL_MspInit(void)
  65:Src/stm32f1xx_hal_msp.c **** {
  27              		.loc 1 65 0
  28              		.cfi_startproc
  29              		@ args = 0, pretend = 0, frame = 8
  30              		@ frame_needed = 0, uses_anonymous_args = 0
  31              		@ link register save eliminated.
  32 0000 82B0     		sub	sp, sp, #8
  33              	.LCFI0:
  34              		.cfi_def_cfa_offset 8
  35              	.LBB2:
  66:Src/stm32f1xx_hal_msp.c ****   /* USER CODE BEGIN MspInit 0 */
  67:Src/stm32f1xx_hal_msp.c **** 
  68:Src/stm32f1xx_hal_msp.c ****   /* USER CODE END MspInit 0 */
  69:Src/stm32f1xx_hal_msp.c **** 
  70:Src/stm32f1xx_hal_msp.c ****   __HAL_RCC_AFIO_CLK_ENABLE();
  36              		.loc 1 70 0
  37 0002 0A4B     		ldr	r3, .L3
  38 0004 9A69     		ldr	r2, [r3, #24]
  39 0006 42F00102 		orr	r2, r2, #1
  40 000a 9A61     		str	r2, [r3, #24]
  41 000c 9A69     		ldr	r2, [r3, #24]
  42 000e 02F00102 		and	r2, r2, #1
  43 0012 0092     		str	r2, [sp]
  44 0014 009A     		ldr	r2, [sp]
  45              	.LBE2:
ARM GAS  /var/folders/l3/4y5292px21b4835bsnjwqc7w009kq1/T//ccb554Kx.s 			page 3


  46              	.LBB3:
  71:Src/stm32f1xx_hal_msp.c ****   __HAL_RCC_PWR_CLK_ENABLE();
  47              		.loc 1 71 0
  48 0016 DA69     		ldr	r2, [r3, #28]
  49 0018 42F08052 		orr	r2, r2, #268435456
  50 001c DA61     		str	r2, [r3, #28]
  51 001e DB69     		ldr	r3, [r3, #28]
  52 0020 03F08053 		and	r3, r3, #268435456
  53 0024 0193     		str	r3, [sp, #4]
  54 0026 019B     		ldr	r3, [sp, #4]
  55              	.LBE3:
  72:Src/stm32f1xx_hal_msp.c **** 
  73:Src/stm32f1xx_hal_msp.c ****   /* System interrupt init*/
  74:Src/stm32f1xx_hal_msp.c **** 
  75:Src/stm32f1xx_hal_msp.c ****   /** NOJTAG: JTAG-DP Disabled and SW-DP Enabled 
  76:Src/stm32f1xx_hal_msp.c ****   */
  77:Src/stm32f1xx_hal_msp.c **** #ifndef AT32F403Rx_HD
  78:Src/stm32f1xx_hal_msp.c ****   __HAL_AFIO_REMAP_SWJ_NOJTAG();
  79:Src/stm32f1xx_hal_msp.c **** #endif
  80:Src/stm32f1xx_hal_msp.c ****   /* USER CODE BEGIN MspInit 1 */
  81:Src/stm32f1xx_hal_msp.c **** 
  82:Src/stm32f1xx_hal_msp.c ****   /* USER CODE END MspInit 1 */
  83:Src/stm32f1xx_hal_msp.c **** }
  56              		.loc 1 83 0
  57 0028 02B0     		add	sp, sp, #8
  58              	.LCFI1:
  59              		.cfi_def_cfa_offset 0
  60              		@ sp needed
  61 002a 7047     		bx	lr
  62              	.L4:
  63              		.align	2
  64              	.L3:
  65 002c 00100240 		.word	1073876992
  66              		.cfi_endproc
  67              	.LFE126:
  69              		.section	.text.HAL_UART_MspInit,"ax",%progbits
  70              		.align	1
  71              		.global	HAL_UART_MspInit
  72              		.syntax unified
  73              		.thumb
  74              		.thumb_func
  75              		.fpu fpv4-sp-d16
  77              	HAL_UART_MspInit:
  78              	.LFB127:
  84:Src/stm32f1xx_hal_msp.c **** 
  85:Src/stm32f1xx_hal_msp.c **** /**
  86:Src/stm32f1xx_hal_msp.c **** * @brief UART MSP Initialization
  87:Src/stm32f1xx_hal_msp.c **** * This function configures the hardware resources used in this example
  88:Src/stm32f1xx_hal_msp.c **** * @param huart: UART handle pointer
  89:Src/stm32f1xx_hal_msp.c **** * @retval None
  90:Src/stm32f1xx_hal_msp.c **** */
  91:Src/stm32f1xx_hal_msp.c **** void HAL_UART_MspInit(UART_HandleTypeDef* huart)
  92:Src/stm32f1xx_hal_msp.c **** {
  79              		.loc 1 92 0
  80              		.cfi_startproc
  81              		@ args = 0, pretend = 0, frame = 24
  82              		@ frame_needed = 0, uses_anonymous_args = 0
ARM GAS  /var/folders/l3/4y5292px21b4835bsnjwqc7w009kq1/T//ccb554Kx.s 			page 4


  83              	.LVL0:
  84 0000 10B5     		push	{r4, lr}
  85              	.LCFI2:
  86              		.cfi_def_cfa_offset 8
  87              		.cfi_offset 4, -8
  88              		.cfi_offset 14, -4
  89 0002 86B0     		sub	sp, sp, #24
  90              	.LCFI3:
  91              		.cfi_def_cfa_offset 32
  93:Src/stm32f1xx_hal_msp.c ****   GPIO_InitTypeDef GPIO_InitStruct = {0};
  92              		.loc 1 93 0
  93 0004 0023     		movs	r3, #0
  94 0006 0293     		str	r3, [sp, #8]
  95 0008 0393     		str	r3, [sp, #12]
  96 000a 0493     		str	r3, [sp, #16]
  97 000c 0593     		str	r3, [sp, #20]
  94:Src/stm32f1xx_hal_msp.c ****   if(huart->Instance==USART2)
  98              		.loc 1 94 0
  99 000e 0268     		ldr	r2, [r0]
 100 0010 164B     		ldr	r3, .L9
 101 0012 9A42     		cmp	r2, r3
 102 0014 01D0     		beq	.L8
 103              	.LVL1:
 104              	.L5:
  95:Src/stm32f1xx_hal_msp.c ****   {
  96:Src/stm32f1xx_hal_msp.c ****   /* USER CODE BEGIN USART2_MspInit 0 */
  97:Src/stm32f1xx_hal_msp.c **** 
  98:Src/stm32f1xx_hal_msp.c ****   /* USER CODE END USART2_MspInit 0 */
  99:Src/stm32f1xx_hal_msp.c ****     /* Peripheral clock enable */
 100:Src/stm32f1xx_hal_msp.c ****     __HAL_RCC_USART2_CLK_ENABLE();
 101:Src/stm32f1xx_hal_msp.c ****   
 102:Src/stm32f1xx_hal_msp.c ****     __HAL_RCC_GPIOA_CLK_ENABLE();
 103:Src/stm32f1xx_hal_msp.c ****     /**USART2 GPIO Configuration    
 104:Src/stm32f1xx_hal_msp.c ****     PA2     ------> USART2_TX
 105:Src/stm32f1xx_hal_msp.c ****     PA3     ------> USART2_RX 
 106:Src/stm32f1xx_hal_msp.c ****     */
 107:Src/stm32f1xx_hal_msp.c ****     GPIO_InitStruct.Pin = GPIO_PIN_2;
 108:Src/stm32f1xx_hal_msp.c ****     GPIO_InitStruct.Mode = GPIO_MODE_AF_PP;
 109:Src/stm32f1xx_hal_msp.c ****     GPIO_InitStruct.Speed = GPIO_SPEED_FREQ_HIGH;
 110:Src/stm32f1xx_hal_msp.c ****     HAL_GPIO_Init(GPIOA, &GPIO_InitStruct);
 111:Src/stm32f1xx_hal_msp.c **** 
 112:Src/stm32f1xx_hal_msp.c ****     GPIO_InitStruct.Pin = GPIO_PIN_3;
 113:Src/stm32f1xx_hal_msp.c ****     GPIO_InitStruct.Mode = GPIO_MODE_INPUT;
 114:Src/stm32f1xx_hal_msp.c ****     GPIO_InitStruct.Pull = GPIO_NOPULL;
 115:Src/stm32f1xx_hal_msp.c ****     HAL_GPIO_Init(GPIOA, &GPIO_InitStruct);
 116:Src/stm32f1xx_hal_msp.c **** 
 117:Src/stm32f1xx_hal_msp.c ****   /* USER CODE BEGIN USART2_MspInit 1 */
 118:Src/stm32f1xx_hal_msp.c **** 
 119:Src/stm32f1xx_hal_msp.c ****   /* USER CODE END USART2_MspInit 1 */
 120:Src/stm32f1xx_hal_msp.c ****   }
 121:Src/stm32f1xx_hal_msp.c **** 
 122:Src/stm32f1xx_hal_msp.c **** }
 105              		.loc 1 122 0
 106 0016 06B0     		add	sp, sp, #24
 107              	.LCFI4:
 108              		.cfi_remember_state
 109              		.cfi_def_cfa_offset 8
ARM GAS  /var/folders/l3/4y5292px21b4835bsnjwqc7w009kq1/T//ccb554Kx.s 			page 5


 110              		@ sp needed
 111 0018 10BD     		pop	{r4, pc}
 112              	.LVL2:
 113              	.L8:
 114              	.LCFI5:
 115              		.cfi_restore_state
 116              	.LBB4:
 100:Src/stm32f1xx_hal_msp.c ****   
 117              		.loc 1 100 0
 118 001a 03F5E633 		add	r3, r3, #117760
 119 001e DA69     		ldr	r2, [r3, #28]
 120 0020 42F40032 		orr	r2, r2, #131072
 121 0024 DA61     		str	r2, [r3, #28]
 122 0026 DA69     		ldr	r2, [r3, #28]
 123 0028 02F40032 		and	r2, r2, #131072
 124 002c 0092     		str	r2, [sp]
 125 002e 009A     		ldr	r2, [sp]
 126              	.LBE4:
 127              	.LBB5:
 102:Src/stm32f1xx_hal_msp.c ****     /**USART2 GPIO Configuration    
 128              		.loc 1 102 0
 129 0030 9A69     		ldr	r2, [r3, #24]
 130 0032 42F00402 		orr	r2, r2, #4
 131 0036 9A61     		str	r2, [r3, #24]
 132 0038 9B69     		ldr	r3, [r3, #24]
 133 003a 03F00403 		and	r3, r3, #4
 134 003e 0193     		str	r3, [sp, #4]
 135 0040 019B     		ldr	r3, [sp, #4]
 136              	.LBE5:
 107:Src/stm32f1xx_hal_msp.c ****     GPIO_InitStruct.Mode = GPIO_MODE_AF_PP;
 137              		.loc 1 107 0
 138 0042 0423     		movs	r3, #4
 139 0044 0293     		str	r3, [sp, #8]
 108:Src/stm32f1xx_hal_msp.c ****     GPIO_InitStruct.Speed = GPIO_SPEED_FREQ_HIGH;
 140              		.loc 1 108 0
 141 0046 0223     		movs	r3, #2
 142 0048 0393     		str	r3, [sp, #12]
 109:Src/stm32f1xx_hal_msp.c ****     HAL_GPIO_Init(GPIOA, &GPIO_InitStruct);
 143              		.loc 1 109 0
 144 004a 0323     		movs	r3, #3
 145 004c 0593     		str	r3, [sp, #20]
 110:Src/stm32f1xx_hal_msp.c **** 
 146              		.loc 1 110 0
 147 004e 084C     		ldr	r4, .L9+4
 148 0050 02A9     		add	r1, sp, #8
 149 0052 2046     		mov	r0, r4
 150              	.LVL3:
 151 0054 FFF7FEFF 		bl	HAL_GPIO_Init
 152              	.LVL4:
 112:Src/stm32f1xx_hal_msp.c ****     GPIO_InitStruct.Mode = GPIO_MODE_INPUT;
 153              		.loc 1 112 0
 154 0058 0823     		movs	r3, #8
 155 005a 0293     		str	r3, [sp, #8]
 113:Src/stm32f1xx_hal_msp.c ****     GPIO_InitStruct.Pull = GPIO_NOPULL;
 156              		.loc 1 113 0
 157 005c 0023     		movs	r3, #0
 158 005e 0393     		str	r3, [sp, #12]
ARM GAS  /var/folders/l3/4y5292px21b4835bsnjwqc7w009kq1/T//ccb554Kx.s 			page 6


 114:Src/stm32f1xx_hal_msp.c ****     HAL_GPIO_Init(GPIOA, &GPIO_InitStruct);
 159              		.loc 1 114 0
 160 0060 0493     		str	r3, [sp, #16]
 115:Src/stm32f1xx_hal_msp.c **** 
 161              		.loc 1 115 0
 162 0062 02A9     		add	r1, sp, #8
 163 0064 2046     		mov	r0, r4
 164 0066 FFF7FEFF 		bl	HAL_GPIO_Init
 165              	.LVL5:
 166              		.loc 1 122 0
 167 006a D4E7     		b	.L5
 168              	.L10:
 169              		.align	2
 170              	.L9:
 171 006c 00440040 		.word	1073759232
 172 0070 00080140 		.word	1073809408
 173              		.cfi_endproc
 174              	.LFE127:
 176              		.section	.text.HAL_UART_MspDeInit,"ax",%progbits
 177              		.align	1
 178              		.global	HAL_UART_MspDeInit
 179              		.syntax unified
 180              		.thumb
 181              		.thumb_func
 182              		.fpu fpv4-sp-d16
 184              	HAL_UART_MspDeInit:
 185              	.LFB128:
 123:Src/stm32f1xx_hal_msp.c **** 
 124:Src/stm32f1xx_hal_msp.c **** /**
 125:Src/stm32f1xx_hal_msp.c **** * @brief UART MSP De-Initialization
 126:Src/stm32f1xx_hal_msp.c **** * This function freeze the hardware resources used in this example
 127:Src/stm32f1xx_hal_msp.c **** * @param huart: UART handle pointer
 128:Src/stm32f1xx_hal_msp.c **** * @retval None
 129:Src/stm32f1xx_hal_msp.c **** */
 130:Src/stm32f1xx_hal_msp.c **** void HAL_UART_MspDeInit(UART_HandleTypeDef* huart)
 131:Src/stm32f1xx_hal_msp.c **** {
 186              		.loc 1 131 0
 187              		.cfi_startproc
 188              		@ args = 0, pretend = 0, frame = 0
 189              		@ frame_needed = 0, uses_anonymous_args = 0
 190              	.LVL6:
 191 0000 08B5     		push	{r3, lr}
 192              	.LCFI6:
 193              		.cfi_def_cfa_offset 8
 194              		.cfi_offset 3, -8
 195              		.cfi_offset 14, -4
 132:Src/stm32f1xx_hal_msp.c ****   if(huart->Instance==USART2)
 196              		.loc 1 132 0
 197 0002 0268     		ldr	r2, [r0]
 198 0004 064B     		ldr	r3, .L15
 199 0006 9A42     		cmp	r2, r3
 200 0008 00D0     		beq	.L14
 201              	.LVL7:
 202              	.L11:
 133:Src/stm32f1xx_hal_msp.c ****   {
 134:Src/stm32f1xx_hal_msp.c ****   /* USER CODE BEGIN USART2_MspDeInit 0 */
 135:Src/stm32f1xx_hal_msp.c **** 
ARM GAS  /var/folders/l3/4y5292px21b4835bsnjwqc7w009kq1/T//ccb554Kx.s 			page 7


 136:Src/stm32f1xx_hal_msp.c ****   /* USER CODE END USART2_MspDeInit 0 */
 137:Src/stm32f1xx_hal_msp.c ****     /* Peripheral clock disable */
 138:Src/stm32f1xx_hal_msp.c ****     __HAL_RCC_USART2_CLK_DISABLE();
 139:Src/stm32f1xx_hal_msp.c ****   
 140:Src/stm32f1xx_hal_msp.c ****     /**USART2 GPIO Configuration    
 141:Src/stm32f1xx_hal_msp.c ****     PA2     ------> USART2_TX
 142:Src/stm32f1xx_hal_msp.c ****     PA3     ------> USART2_RX 
 143:Src/stm32f1xx_hal_msp.c ****     */
 144:Src/stm32f1xx_hal_msp.c ****     HAL_GPIO_DeInit(GPIOA, GPIO_PIN_2|GPIO_PIN_3);
 145:Src/stm32f1xx_hal_msp.c **** 
 146:Src/stm32f1xx_hal_msp.c ****   /* USER CODE BEGIN USART2_MspDeInit 1 */
 147:Src/stm32f1xx_hal_msp.c **** 
 148:Src/stm32f1xx_hal_msp.c ****   /* USER CODE END USART2_MspDeInit 1 */
 149:Src/stm32f1xx_hal_msp.c ****   }
 150:Src/stm32f1xx_hal_msp.c **** 
 151:Src/stm32f1xx_hal_msp.c **** }
 203              		.loc 1 151 0
 204 000a 08BD     		pop	{r3, pc}
 205              	.LVL8:
 206              	.L14:
 138:Src/stm32f1xx_hal_msp.c ****   
 207              		.loc 1 138 0
 208 000c 054A     		ldr	r2, .L15+4
 209 000e D369     		ldr	r3, [r2, #28]
 210 0010 23F40033 		bic	r3, r3, #131072
 211 0014 D361     		str	r3, [r2, #28]
 144:Src/stm32f1xx_hal_msp.c **** 
 212              		.loc 1 144 0
 213 0016 0C21     		movs	r1, #12
 214 0018 0348     		ldr	r0, .L15+8
 215              	.LVL9:
 216 001a FFF7FEFF 		bl	HAL_GPIO_DeInit
 217              	.LVL10:
 218              		.loc 1 151 0
 219 001e F4E7     		b	.L11
 220              	.L16:
 221              		.align	2
 222              	.L15:
 223 0020 00440040 		.word	1073759232
 224 0024 00100240 		.word	1073876992
 225 0028 00080140 		.word	1073809408
 226              		.cfi_endproc
 227              	.LFE128:
 229              		.text
 230              	.Letext0:
 231              		.file 2 "/usr/local/Cellar/gcc-arm-none-eabi/20180627/arm-none-eabi/include/machine/_default_types
 232              		.file 3 "/usr/local/Cellar/gcc-arm-none-eabi/20180627/arm-none-eabi/include/sys/_stdint.h"
 233              		.file 4 "Drivers/CMSIS/CM4/CoreSupport/core_cm4.h"
 234              		.file 5 "Inc/system_at32f4xx.h"
 235              		.file 6 "Drivers/CMSIS/CM4/DeviceSupport/at32f4xx.h"
 236              		.file 7 "/usr/local/Cellar/gcc-arm-none-eabi/20180627/arm-none-eabi/include/sys/lock.h"
 237              		.file 8 "/usr/local/Cellar/gcc-arm-none-eabi/20180627/arm-none-eabi/include/sys/_types.h"
 238              		.file 9 "/usr/local/Cellar/gcc-arm-none-eabi/20180627/lib/gcc/arm-none-eabi/7.3.1/include/stddef.h
 239              		.file 10 "/usr/local/Cellar/gcc-arm-none-eabi/20180627/arm-none-eabi/include/sys/reent.h"
 240              		.file 11 "Drivers/Modified_HAL_Driver/Inc/stm32f1xx_hal_def.h"
 241              		.file 12 "Drivers/Modified_HAL_Driver/Inc/stm32f1xx_hal_gpio.h"
 242              		.file 13 "Drivers/Modified_HAL_Driver/Inc/stm32f1xx_hal_dma.h"
ARM GAS  /var/folders/l3/4y5292px21b4835bsnjwqc7w009kq1/T//ccb554Kx.s 			page 8


 243              		.file 14 "Drivers/Modified_HAL_Driver/Inc/stm32f1xx_hal_uart.h"
ARM GAS  /var/folders/l3/4y5292px21b4835bsnjwqc7w009kq1/T//ccb554Kx.s 			page 9


DEFINED SYMBOLS
                            *ABS*:0000000000000000 stm32f1xx_hal_msp.c
/var/folders/l3/4y5292px21b4835bsnjwqc7w009kq1/T//ccb554Kx.s:17     .text.HAL_MspInit:0000000000000000 $t
/var/folders/l3/4y5292px21b4835bsnjwqc7w009kq1/T//ccb554Kx.s:24     .text.HAL_MspInit:0000000000000000 HAL_MspInit
/var/folders/l3/4y5292px21b4835bsnjwqc7w009kq1/T//ccb554Kx.s:65     .text.HAL_MspInit:000000000000002c $d
/var/folders/l3/4y5292px21b4835bsnjwqc7w009kq1/T//ccb554Kx.s:70     .text.HAL_UART_MspInit:0000000000000000 $t
/var/folders/l3/4y5292px21b4835bsnjwqc7w009kq1/T//ccb554Kx.s:77     .text.HAL_UART_MspInit:0000000000000000 HAL_UART_MspInit
/var/folders/l3/4y5292px21b4835bsnjwqc7w009kq1/T//ccb554Kx.s:171    .text.HAL_UART_MspInit:000000000000006c $d
/var/folders/l3/4y5292px21b4835bsnjwqc7w009kq1/T//ccb554Kx.s:177    .text.HAL_UART_MspDeInit:0000000000000000 $t
/var/folders/l3/4y5292px21b4835bsnjwqc7w009kq1/T//ccb554Kx.s:184    .text.HAL_UART_MspDeInit:0000000000000000 HAL_UART_MspDeInit
/var/folders/l3/4y5292px21b4835bsnjwqc7w009kq1/T//ccb554Kx.s:223    .text.HAL_UART_MspDeInit:0000000000000020 $d

UNDEFINED SYMBOLS
HAL_GPIO_Init
HAL_GPIO_DeInit
