ARM GAS  /var/folders/l3/4y5292px21b4835bsnjwqc7w009kq1/T//ccRXTIPq.s 			page 1


   1              		.cpu cortex-m4
   2              		.eabi_attribute 27, 1
   3              		.eabi_attribute 20, 1
   4              		.eabi_attribute 21, 1
   5              		.eabi_attribute 23, 3
   6              		.eabi_attribute 24, 1
   7              		.eabi_attribute 25, 1
   8              		.eabi_attribute 26, 1
   9              		.eabi_attribute 30, 1
  10              		.eabi_attribute 34, 1
  11              		.eabi_attribute 18, 4
  12              		.file	"croutine.c"
  13              		.text
  14              	.Ltext0:
  15              		.cfi_sections	.debug_frame
  16              	.Letext0:
  17              		.file 1 "/usr/local/Cellar/gcc-arm-none-eabi/20180627/arm-none-eabi/include/machine/_default_types
  18              		.file 2 "/usr/local/Cellar/gcc-arm-none-eabi/20180627/arm-none-eabi/include/sys/_stdint.h"
  19              		.file 3 "../Libraries/CMSIS/CM4/CoreSupport/core_cm4.h"
  20              		.file 4 "../Libraries/CMSIS/CM4/DeviceSupport/system_at32f4xx.h"
  21              		.file 5 "Inc/FreeRTOSConfig.h"
ARM GAS  /var/folders/l3/4y5292px21b4835bsnjwqc7w009kq1/T//ccRXTIPq.s 			page 2


DEFINED SYMBOLS
                            *ABS*:0000000000000000 croutine.c

NO UNDEFINED SYMBOLS
