ARM GAS  /var/folders/l3/4y5292px21b4835bsnjwqc7w009kq1/T//cc9CpP81.s 			page 1


   1              		.cpu cortex-m4
   2              		.eabi_attribute 27, 1
   3              		.eabi_attribute 20, 1
   4              		.eabi_attribute 21, 1
   5              		.eabi_attribute 23, 3
   6              		.eabi_attribute 24, 1
   7              		.eabi_attribute 25, 1
   8              		.eabi_attribute 26, 1
   9              		.eabi_attribute 30, 1
  10              		.eabi_attribute 34, 1
  11              		.eabi_attribute 18, 4
  12              		.file	"heartbeat_task.cpp"
  13              		.text
  14              	.Ltext0:
  15              		.cfi_sections	.debug_frame
  16              		.section	.text._Z21Heartbeat_TaskHandlerPKv,"ax",%progbits
  17              		.align	1
  18              		.global	_Z21Heartbeat_TaskHandlerPKv
  19              		.syntax unified
  20              		.thumb
  21              		.thumb_func
  22              		.fpu fpv4-sp-d16
  24              	_Z21Heartbeat_TaskHandlerPKv:
  25              		.fnstart
  26              	.LFB129:
  27              		.file 1 "ROSTasks/Src/heartbeat_task.cpp"
   1:ROSTasks/Src/heartbeat_task.cpp **** /*
   2:ROSTasks/Src/heartbeat_task.cpp ****  * hearbeat_task.cpp
   3:ROSTasks/Src/heartbeat_task.cpp ****  *
   4:ROSTasks/Src/heartbeat_task.cpp ****  *  Created on: Mar 18, 2019
   5:ROSTasks/Src/heartbeat_task.cpp ****  *      Author:
   6:ROSTasks/Src/heartbeat_task.cpp ****  */
   7:ROSTasks/Src/heartbeat_task.cpp **** 
   8:ROSTasks/Src/heartbeat_task.cpp **** #include "heartbeat_task.h"
   9:ROSTasks/Src/heartbeat_task.cpp **** 
  10:ROSTasks/Src/heartbeat_task.cpp **** void Heartbeat_TaskHandler(void const * argument)
  11:ROSTasks/Src/heartbeat_task.cpp **** {
  28              		.loc 1 11 0
  29              		.cfi_startproc
  30              		@ args = 0, pretend = 0, frame = 0
  31              		@ frame_needed = 0, uses_anonymous_args = 0
  32              	.LVL0:
  33 0000 08B5     		push	{r3, lr}
  34              		.save {r3, lr}
  35              	.LCFI0:
  36              		.cfi_def_cfa_offset 8
  37              		.cfi_offset 3, -8
  38              		.cfi_offset 14, -4
  39              	.LVL1:
  40              	.L2:
  12:ROSTasks/Src/heartbeat_task.cpp ****   /* USER CODE BEGIN Heartbeat_TaskHandler */
  13:ROSTasks/Src/heartbeat_task.cpp ****   /* This task shows that CPU works */
  14:ROSTasks/Src/heartbeat_task.cpp **** 
  15:ROSTasks/Src/heartbeat_task.cpp ****   /* Infinite loop */
  16:ROSTasks/Src/heartbeat_task.cpp ****   for(;;)
  17:ROSTasks/Src/heartbeat_task.cpp ****   {
  18:ROSTasks/Src/heartbeat_task.cpp **** 	  //bsp_LedToggle(2);
ARM GAS  /var/folders/l3/4y5292px21b4835bsnjwqc7w009kq1/T//cc9CpP81.s 			page 2


  19:ROSTasks/Src/heartbeat_task.cpp **** 	  //printf("This is Heartbeat Task\r\n");
  20:ROSTasks/Src/heartbeat_task.cpp **** 	  osDelay(1000);
  41              		.loc 1 20 0 discriminator 1
  42 0002 4FF47A70 		mov	r0, #1000
  43 0006 FFF7FEFF 		bl	osDelay
  44              	.LVL2:
  45 000a FAE7     		b	.L2
  46              		.cfi_endproc
  47              	.LFE129:
  48              		.fnend
  50              		.section	.text._Z17heartbeatInitTaskv,"ax",%progbits
  51              		.align	1
  52              		.global	_Z17heartbeatInitTaskv
  53              		.syntax unified
  54              		.thumb
  55              		.thumb_func
  56              		.fpu fpv4-sp-d16
  58              	_Z17heartbeatInitTaskv:
  59              		.fnstart
  60              	.LFB130:
  21:ROSTasks/Src/heartbeat_task.cpp ****   }
  22:ROSTasks/Src/heartbeat_task.cpp **** 
  23:ROSTasks/Src/heartbeat_task.cpp ****   /* USER CODE END Heartbeat_TaskHandler */
  24:ROSTasks/Src/heartbeat_task.cpp **** }
  25:ROSTasks/Src/heartbeat_task.cpp **** 
  26:ROSTasks/Src/heartbeat_task.cpp **** 
  27:ROSTasks/Src/heartbeat_task.cpp **** uint32_t heartbeatInitTask(void)
  28:ROSTasks/Src/heartbeat_task.cpp **** {
  61              		.loc 1 28 0
  62              		.cfi_startproc
  63              		@ args = 0, pretend = 0, frame = 24
  64              		@ frame_needed = 0, uses_anonymous_args = 0
  65 0000 30B5     		push	{r4, r5, lr}
  66              		.save {r4, r5, lr}
  67              	.LCFI1:
  68              		.cfi_def_cfa_offset 12
  69              		.cfi_offset 4, -12
  70              		.cfi_offset 5, -8
  71              		.cfi_offset 14, -4
  72              		.pad #28
  73 0002 87B0     		sub	sp, sp, #28
  74              	.LCFI2:
  75              		.cfi_def_cfa_offset 40
  29:ROSTasks/Src/heartbeat_task.cpp **** 	osThreadId Heartbeat_TaskHandle;
  30:ROSTasks/Src/heartbeat_task.cpp **** 
  31:ROSTasks/Src/heartbeat_task.cpp **** 	osThreadDef(Heartbeat_Task, Heartbeat_TaskHandler, osPriorityIdle, 0, 128);
  76              		.loc 1 31 0
  77 0004 01AC     		add	r4, sp, #4
  78 0006 074D     		ldr	r5, .L9
  79 0008 0FCD     		ldmia	r5!, {r0, r1, r2, r3}
  80 000a 0FC4     		stmia	r4!, {r0, r1, r2, r3}
  81 000c 2B68     		ldr	r3, [r5]
  82 000e 2360     		str	r3, [r4]
  32:ROSTasks/Src/heartbeat_task.cpp **** 	Heartbeat_TaskHandle = osThreadCreate(osThread(Heartbeat_Task), NULL);
  83              		.loc 1 32 0
  84 0010 0021     		movs	r1, #0
  85 0012 01A8     		add	r0, sp, #4
ARM GAS  /var/folders/l3/4y5292px21b4835bsnjwqc7w009kq1/T//cc9CpP81.s 			page 3


  86 0014 FFF7FEFF 		bl	osThreadCreate
  87              	.LVL3:
  33:ROSTasks/Src/heartbeat_task.cpp **** 	if (NULL == Heartbeat_TaskHandle)
  88              		.loc 1 33 0
  89 0018 10B1     		cbz	r0, .L8
  34:ROSTasks/Src/heartbeat_task.cpp **** 	{
  35:ROSTasks/Src/heartbeat_task.cpp **** 		return 1;
  36:ROSTasks/Src/heartbeat_task.cpp **** 	}
  37:ROSTasks/Src/heartbeat_task.cpp **** 	return 0;
  90              		.loc 1 37 0
  91 001a 0020     		movs	r0, #0
  92              	.LVL4:
  93              	.L4:
  38:ROSTasks/Src/heartbeat_task.cpp **** }
  94              		.loc 1 38 0
  95 001c 07B0     		add	sp, sp, #28
  96              	.LCFI3:
  97              		.cfi_remember_state
  98              		.cfi_def_cfa_offset 12
  99              		@ sp needed
 100 001e 30BD     		pop	{r4, r5, pc}
 101              	.LVL5:
 102              	.L8:
 103              	.LCFI4:
 104              		.cfi_restore_state
  35:ROSTasks/Src/heartbeat_task.cpp **** 	}
 105              		.loc 1 35 0
 106 0020 0120     		movs	r0, #1
 107              	.LVL6:
 108 0022 FBE7     		b	.L4
 109              	.L10:
 110              		.align	2
 111              	.L9:
 112 0024 00000000 		.word	.LANCHOR0
 113              		.cfi_endproc
 114              	.LFE130:
 115              		.fnend
 117              		.section	.rodata
 118              		.align	2
 119              		.set	.LANCHOR0,. + 0
 120              	.LC2:
 121 0000 00000000 		.word	.LC0
 122 0004 00000000 		.word	_Z21Heartbeat_TaskHandlerPKv
 123 0008 FDFF     		.short	-3
 124 000a 0000     		.space	2
 125 000c 00000000 		.word	0
 126 0010 80000000 		.word	128
 127              		.section	.rodata.str1.4,"aMS",%progbits,1
 128              		.align	2
 129              	.LC0:
 130 0000 48656172 		.ascii	"Heartbeat_Task\000"
 130      74626561 
 130      745F5461 
 130      736B00
 131              		.text
 132              	.Letext0:
 133              		.file 2 "/usr/local/Cellar/gcc-arm-none-eabi/20180627/arm-none-eabi/include/machine/_default_types
ARM GAS  /var/folders/l3/4y5292px21b4835bsnjwqc7w009kq1/T//cc9CpP81.s 			page 4


 134              		.file 3 "/usr/local/Cellar/gcc-arm-none-eabi/20180627/arm-none-eabi/include/sys/lock.h"
 135              		.file 4 "/usr/local/Cellar/gcc-arm-none-eabi/20180627/arm-none-eabi/include/sys/_types.h"
 136              		.file 5 "/usr/local/Cellar/gcc-arm-none-eabi/20180627/lib/gcc/arm-none-eabi/7.3.1/include/stddef.h
 137              		.file 6 "/usr/local/Cellar/gcc-arm-none-eabi/20180627/arm-none-eabi/include/sys/reent.h"
 138              		.file 7 "/usr/local/Cellar/gcc-arm-none-eabi/20180627/arm-none-eabi/include/sys/_stdint.h"
 139              		.file 8 "../Libraries/CMSIS/CM4/CoreSupport/core_cm4.h"
 140              		.file 9 "../Libraries/CMSIS/CM4/DeviceSupport/system_at32f4xx.h"
 141              		.file 10 "Inc/FreeRTOSConfig.h"
 142              		.file 11 "../Middlewares/FreeRTOS//Source/include/task.h"
 143              		.file 12 "../Middlewares/FreeRTOS//Source/CMSIS_RTOS/cmsis_os.h"
ARM GAS  /var/folders/l3/4y5292px21b4835bsnjwqc7w009kq1/T//cc9CpP81.s 			page 5


DEFINED SYMBOLS
                            *ABS*:0000000000000000 heartbeat_task.cpp
/var/folders/l3/4y5292px21b4835bsnjwqc7w009kq1/T//cc9CpP81.s:17     .text._Z21Heartbeat_TaskHandlerPKv:0000000000000000 $t
/var/folders/l3/4y5292px21b4835bsnjwqc7w009kq1/T//cc9CpP81.s:24     .text._Z21Heartbeat_TaskHandlerPKv:0000000000000000 _Z21Heartbeat_TaskHandlerPKv
.ARM.extab.text._Z21Heartbeat_TaskHandlerPKv:0000000000000000 $d
.ARM.exidx.text._Z21Heartbeat_TaskHandlerPKv:0000000000000000 $d
/var/folders/l3/4y5292px21b4835bsnjwqc7w009kq1/T//cc9CpP81.s:51     .text._Z17heartbeatInitTaskv:0000000000000000 $t
/var/folders/l3/4y5292px21b4835bsnjwqc7w009kq1/T//cc9CpP81.s:58     .text._Z17heartbeatInitTaskv:0000000000000000 _Z17heartbeatInitTaskv
/var/folders/l3/4y5292px21b4835bsnjwqc7w009kq1/T//cc9CpP81.s:112    .text._Z17heartbeatInitTaskv:0000000000000024 $d
.ARM.exidx.text._Z17heartbeatInitTaskv:0000000000000000 $d
/var/folders/l3/4y5292px21b4835bsnjwqc7w009kq1/T//cc9CpP81.s:118    .rodata:0000000000000000 $d
/var/folders/l3/4y5292px21b4835bsnjwqc7w009kq1/T//cc9CpP81.s:128    .rodata.str1.4:0000000000000000 $d

UNDEFINED SYMBOLS
osDelay
__aeabi_unwind_cpp_pr1
osThreadCreate
__aeabi_unwind_cpp_pr0
