ARM GAS  /var/folders/l3/4y5292px21b4835bsnjwqc7w009kq1/T//ccaceOvD.s 			page 1


   1              		.cpu cortex-m4
   2              		.eabi_attribute 27, 1
   3              		.eabi_attribute 20, 1
   4              		.eabi_attribute 21, 1
   5              		.eabi_attribute 23, 3
   6              		.eabi_attribute 24, 1
   7              		.eabi_attribute 25, 1
   8              		.eabi_attribute 26, 1
   9              		.eabi_attribute 30, 1
  10              		.eabi_attribute 34, 1
  11              		.eabi_attribute 18, 4
  12              		.file	"main.c"
  13              		.text
  14              	.Ltext0:
  15              		.cfi_sections	.debug_frame
  16              		.section	.text.main,"ax",%progbits
  17              		.align	1
  18              		.global	main
  19              		.syntax unified
  20              		.thumb
  21              		.thumb_func
  22              		.fpu fpv4-sp-d16
  24              	main:
  25              	.LFB126:
  26              		.file 1 "Src/main.c"
   1:Src/main.c    **** /**
   2:Src/main.c    ****   ******************************************************************************
   3:Src/main.c    ****   * @file    USART/Printf/main.c 
   4:Src/main.c    ****   * @author  Artery Technology 
   5:Src/main.c    ****   * @version V1.1.2
   6:Src/main.c    ****   * @date    2019-01-04
   7:Src/main.c    ****   * @brief   Main program body
   8:Src/main.c    ****   ******************************************************************************
   9:Src/main.c    ****   * @attention
  10:Src/main.c    ****   *
  11:Src/main.c    ****   * THE PRESENT FIRMWARE WHICH IS FOR GUIDANCE ONLY AIMS AT PROVIDING CUSTOMERS
  12:Src/main.c    ****   * WITH CODING INFORMATION REGARDING THEIR PRODUCTS IN ORDER FOR THEM TO SAVE
  13:Src/main.c    ****   * TIME. AS A RESULT, ARTERYTEK SHALL NOT BE HELD LIABLE FOR ANY
  14:Src/main.c    ****   * DIRECT, INDIRECT OR CONSEQUENTIAL DAMAGES WITH RESPECT TO ANY CLAIMS ARISING
  15:Src/main.c    ****   * FROM THE CONTENT OF SUCH FIRMWARE AND/OR THE USE MADE BY CUSTOMERS OF THE
  16:Src/main.c    ****   * CODING INFORMATION CONTAINED HEREIN IN CONNECTION WITH THEIR PRODUCTS.
  17:Src/main.c    ****   *
  18:Src/main.c    ****   * <h2><center>&copy; COPYRIGHT 2018 ArteryTek</center></h2>
  19:Src/main.c    ****   ******************************************************************************
  20:Src/main.c    ****   */ 
  21:Src/main.c    **** 
  22:Src/main.c    **** /* Includes ------------------------------------------------------------------*/
  23:Src/main.c    **** #include "at32f4xx.h"
  24:Src/main.c    **** #include "at32_hoverboard.h"
  25:Src/main.c    **** #include <stdio.h>
  26:Src/main.c    **** 
  27:Src/main.c    **** /** @addtogroup AT32F403_StdPeriph_Examples
  28:Src/main.c    ****   * @{
  29:Src/main.c    ****   */
  30:Src/main.c    **** 
  31:Src/main.c    **** /** @addtogroup USART_Printf
  32:Src/main.c    ****   * @{
ARM GAS  /var/folders/l3/4y5292px21b4835bsnjwqc7w009kq1/T//ccaceOvD.s 			page 2


  33:Src/main.c    ****   */ 
  34:Src/main.c    **** /**
  35:Src/main.c    ****   * @brief  Main program
  36:Src/main.c    ****   * @param  None
  37:Src/main.c    ****   * @retval None
  38:Src/main.c    ****   */
  39:Src/main.c    **** int main(void)
  40:Src/main.c    **** {     
  27              		.loc 1 40 0
  28              		.cfi_startproc
  29              		@ args = 0, pretend = 0, frame = 0
  30              		@ frame_needed = 0, uses_anonymous_args = 0
  31 0000 10B5     		push	{r4, lr}
  32              	.LCFI0:
  33              		.cfi_def_cfa_offset 8
  34              		.cfi_offset 4, -8
  35              		.cfi_offset 14, -4
  41:Src/main.c    ****   /* USART1 configured as follow:
  42:Src/main.c    ****         - BaudRate = 115200 baud  
  43:Src/main.c    ****         - Word Length = 8 Bits
  44:Src/main.c    ****         - One Stop Bit
  45:Src/main.c    ****         - No parity
  46:Src/main.c    ****         - Hardware flow control disabled (RTS and CTS signals)
  47:Src/main.c    ****         - Receive and transmit enabled
  48:Src/main.c    ****   */
  49:Src/main.c    ****   UART_Print_Init(115200);
  36              		.loc 1 49 0
  37 0002 4FF4E130 		mov	r0, #115200
  38 0006 FFF7FEFF 		bl	UART_Print_Init
  39              	.LVL0:
  40              	.LBB2:
  50:Src/main.c    **** 
  51:Src/main.c    ****   for (int i=97; i<107; i++) {
  41              		.loc 1 51 0
  42 000a 6124     		movs	r4, #97
  43 000c 09E0     		b	.L2
  44              	.LVL1:
  45              	.L4:
  46              	.LBB3:
  52:Src/main.c    ****     __io_putchar(i); //Works
  47              		.loc 1 52 0
  48 000e 2046     		mov	r0, r4
  49 0010 FFF7FEFF 		bl	__io_putchar
  50              	.LVL2:
  51              	.L3:
  53:Src/main.c    ****       while ( USART_GetFlagStatus(AT32_PRINT_UART, USART_FLAG_TRAC) == RESET ) ;
  52              		.loc 1 53 0 discriminator 1
  53 0014 4021     		movs	r1, #64
  54 0016 0D48     		ldr	r0, .L10
  55 0018 FFF7FEFF 		bl	USART_GetFlagStatus
  56              	.LVL3:
  57 001c 0028     		cmp	r0, #0
  58 001e F9D0     		beq	.L3
  59              	.LBE3:
  51:Src/main.c    ****     __io_putchar(i); //Works
  60              		.loc 1 51 0 discriminator 2
  61 0020 0134     		adds	r4, r4, #1
ARM GAS  /var/folders/l3/4y5292px21b4835bsnjwqc7w009kq1/T//ccaceOvD.s 			page 3


  62              	.LVL4:
  63              	.L2:
  51:Src/main.c    ****     __io_putchar(i); //Works
  64              		.loc 1 51 0 is_stmt 0 discriminator 1
  65 0022 6A2C     		cmp	r4, #106
  66 0024 F3DD     		ble	.L4
  67              	.LBE2:
  54:Src/main.c    ****   }
  55:Src/main.c    ****   /* Output a message on Hyperterminal using printf function */
  56:Src/main.c    ****   printf("\n\rUSART Printf Example: retarget the C library printf function to the USART\n\r"); //Wo
  68              		.loc 1 56 0 is_stmt 1
  69 0026 0A48     		ldr	r0, .L10+4
  70 0028 FFF7FEFF 		bl	printf
  71              	.LVL5:
  72              	.LBB4:
  57:Src/main.c    **** 
  58:Src/main.c    ****   for (int i=32; i<117; i++) {
  73              		.loc 1 58 0
  74 002c 2024     		movs	r4, #32
  75              	.LVL6:
  76 002e 0AE0     		b	.L5
  77              	.LVL7:
  78              	.L7:
  59:Src/main.c    ****     USART_SendData(AT32_PRINT_UART, i);
  79              		.loc 1 59 0
  80 0030 A1B2     		uxth	r1, r4
  81 0032 0648     		ldr	r0, .L10
  82 0034 FFF7FEFF 		bl	USART_SendData
  83              	.LVL8:
  84              	.L6:
  60:Src/main.c    ****       while ( USART_GetFlagStatus(AT32_PRINT_UART, USART_FLAG_TRAC) == RESET ) ; //Works
  85              		.loc 1 60 0 discriminator 1
  86 0038 4021     		movs	r1, #64
  87 003a 0448     		ldr	r0, .L10
  88 003c FFF7FEFF 		bl	USART_GetFlagStatus
  89              	.LVL9:
  90 0040 0028     		cmp	r0, #0
  91 0042 F9D0     		beq	.L6
  58:Src/main.c    ****     USART_SendData(AT32_PRINT_UART, i);
  92              		.loc 1 58 0 discriminator 2
  93 0044 0134     		adds	r4, r4, #1
  94              	.LVL10:
  95              	.L5:
  58:Src/main.c    ****     USART_SendData(AT32_PRINT_UART, i);
  96              		.loc 1 58 0 is_stmt 0 discriminator 1
  97 0046 742C     		cmp	r4, #116
  98 0048 F2DD     		ble	.L7
  99              	.L8:
 100 004a FEE7     		b	.L8
 101              	.L11:
 102              		.align	2
 103              	.L10:
 104 004c 00440040 		.word	1073759232
 105 0050 00000000 		.word	.LC0
 106              	.LBE4:
 107              		.cfi_endproc
 108              	.LFE126:
ARM GAS  /var/folders/l3/4y5292px21b4835bsnjwqc7w009kq1/T//ccaceOvD.s 			page 4


 110              		.section	.rodata.main.str1.4,"aMS",%progbits,1
 111              		.align	2
 112              	.LC0:
 113 0000 0A0D5553 		.ascii	"\012\015USART Printf Example: retarget the C librar"
 113      41525420 
 113      5072696E 
 113      74662045 
 113      78616D70 
 114 002d 79207072 		.ascii	"y printf function to the USART\012\015\000"
 114      696E7466 
 114      2066756E 
 114      6374696F 
 114      6E20746F 
 115              		.text
 116              	.Letext0:
 117              		.file 2 "/usr/local/Cellar/gcc-arm-none-eabi/20180627/arm-none-eabi/include/machine/_default_types
 118              		.file 3 "/usr/local/Cellar/gcc-arm-none-eabi/20180627/arm-none-eabi/include/sys/_stdint.h"
 119              		.file 4 "../Libraries/CMSIS/CM4/CoreSupport/core_cm4.h"
 120              		.file 5 "../Libraries/CMSIS/CM4/DeviceSupport/system_at32f4xx.h"
 121              		.file 6 "../Libraries/CMSIS/CM4/DeviceSupport/at32f4xx.h"
 122              		.file 7 "/usr/local/Cellar/gcc-arm-none-eabi/20180627/arm-none-eabi/include/sys/lock.h"
 123              		.file 8 "/usr/local/Cellar/gcc-arm-none-eabi/20180627/arm-none-eabi/include/sys/_types.h"
 124              		.file 9 "/usr/local/Cellar/gcc-arm-none-eabi/20180627/lib/gcc/arm-none-eabi/7.3.1/include/stddef.h
 125              		.file 10 "/usr/local/Cellar/gcc-arm-none-eabi/20180627/arm-none-eabi/include/sys/reent.h"
 126              		.file 11 "../Libraries/AT32F4xx_StdPeriph_Driver/inc/at32f4xx_usart.h"
 127              		.file 12 "../hoverboard/at32_hoverboard.h"
 128              		.file 13 "/usr/local/Cellar/gcc-arm-none-eabi/20180627/arm-none-eabi/include/stdio.h"
ARM GAS  /var/folders/l3/4y5292px21b4835bsnjwqc7w009kq1/T//ccaceOvD.s 			page 5


DEFINED SYMBOLS
                            *ABS*:0000000000000000 main.c
/var/folders/l3/4y5292px21b4835bsnjwqc7w009kq1/T//ccaceOvD.s:17     .text.main:0000000000000000 $t
/var/folders/l3/4y5292px21b4835bsnjwqc7w009kq1/T//ccaceOvD.s:24     .text.main:0000000000000000 main
/var/folders/l3/4y5292px21b4835bsnjwqc7w009kq1/T//ccaceOvD.s:104    .text.main:000000000000004c $d
/var/folders/l3/4y5292px21b4835bsnjwqc7w009kq1/T//ccaceOvD.s:111    .rodata.main.str1.4:0000000000000000 $d

UNDEFINED SYMBOLS
UART_Print_Init
__io_putchar
USART_GetFlagStatus
printf
USART_SendData
