ARM GAS  /var/folders/l3/4y5292px21b4835bsnjwqc7w009kq1/T//ccdnbU9l.s 			page 1


   1              		.cpu cortex-m4
   2              		.eabi_attribute 27, 1
   3              		.eabi_attribute 20, 1
   4              		.eabi_attribute 21, 1
   5              		.eabi_attribute 23, 3
   6              		.eabi_attribute 24, 1
   7              		.eabi_attribute 25, 1
   8              		.eabi_attribute 26, 1
   9              		.eabi_attribute 30, 1
  10              		.eabi_attribute 34, 1
  11              		.eabi_attribute 18, 4
  12              		.file	"main.c"
  13              		.text
  14              	.Ltext0:
  15              		.cfi_sections	.debug_frame
  16              		.section	.text.MX_GPIO_Init,"ax",%progbits
  17              		.align	1
  18              		.syntax unified
  19              		.thumb
  20              		.thumb_func
  21              		.fpu fpv4-sp-d16
  23              	MX_GPIO_Init:
  24              	.LFB128:
  25              		.file 1 "Src/main.c"
   1:Src/main.c    **** /* USER CODE BEGIN Header */
   2:Src/main.c    **** /**
   3:Src/main.c    ****   ******************************************************************************
   4:Src/main.c    ****   * @file           : main.c
   5:Src/main.c    ****   * @brief          : Main program body
   6:Src/main.c    ****   ******************************************************************************
   7:Src/main.c    ****   * @attention
   8:Src/main.c    ****   *
   9:Src/main.c    ****   * <h2><center>&copy; Copyright (c) 2019 STMicroelectronics.
  10:Src/main.c    ****   * All rights reserved.</center></h2>
  11:Src/main.c    ****   *
  12:Src/main.c    ****   * This software component is licensed by ST under BSD 3-Clause license,
  13:Src/main.c    ****   * the "License"; You may not use this file except in compliance with the
  14:Src/main.c    ****   * License. You may obtain a copy of the License at:
  15:Src/main.c    ****   *                        opensource.org/licenses/BSD-3-Clause
  16:Src/main.c    ****   *
  17:Src/main.c    ****   ******************************************************************************
  18:Src/main.c    ****   */
  19:Src/main.c    **** /* USER CODE END Header */
  20:Src/main.c    **** 
  21:Src/main.c    **** /* Includes ------------------------------------------------------------------*/
  22:Src/main.c    **** #include "main.h"
  23:Src/main.c    **** 
  24:Src/main.c    **** /* Private includes ----------------------------------------------------------*/
  25:Src/main.c    **** /* USER CODE BEGIN Includes */
  26:Src/main.c    **** 
  27:Src/main.c    **** /* USER CODE END Includes */
  28:Src/main.c    **** 
  29:Src/main.c    **** /* Private typedef -----------------------------------------------------------*/
  30:Src/main.c    **** /* USER CODE BEGIN PTD */
  31:Src/main.c    **** 
  32:Src/main.c    **** /* USER CODE END PTD */
  33:Src/main.c    **** 
ARM GAS  /var/folders/l3/4y5292px21b4835bsnjwqc7w009kq1/T//ccdnbU9l.s 			page 2


  34:Src/main.c    **** /* Private define ------------------------------------------------------------*/
  35:Src/main.c    **** /* USER CODE BEGIN PD */
  36:Src/main.c    **** 
  37:Src/main.c    **** /* USER CODE END PD */
  38:Src/main.c    **** 
  39:Src/main.c    **** /* Private macro -------------------------------------------------------------*/
  40:Src/main.c    **** /* USER CODE BEGIN PM */
  41:Src/main.c    **** 
  42:Src/main.c    **** /* USER CODE END PM */
  43:Src/main.c    **** 
  44:Src/main.c    **** /* Private variables ---------------------------------------------------------*/
  45:Src/main.c    **** 
  46:Src/main.c    **** /* USER CODE BEGIN PV */
  47:Src/main.c    **** 
  48:Src/main.c    **** /* USER CODE END PV */
  49:Src/main.c    **** 
  50:Src/main.c    **** /* Private function prototypes -----------------------------------------------*/
  51:Src/main.c    **** void SystemClock_Config(void);
  52:Src/main.c    **** static void MX_GPIO_Init(void);
  53:Src/main.c    **** /* USER CODE BEGIN PFP */
  54:Src/main.c    **** 
  55:Src/main.c    **** /* USER CODE END PFP */
  56:Src/main.c    **** 
  57:Src/main.c    **** /* Private user code ---------------------------------------------------------*/
  58:Src/main.c    **** /* USER CODE BEGIN 0 */
  59:Src/main.c    **** 
  60:Src/main.c    **** /* USER CODE END 0 */
  61:Src/main.c    **** 
  62:Src/main.c    **** /**
  63:Src/main.c    ****   * @brief  The application entry point.
  64:Src/main.c    ****   * @retval int
  65:Src/main.c    ****   */
  66:Src/main.c    **** int main(void)
  67:Src/main.c    **** {
  68:Src/main.c    ****   /* USER CODE BEGIN 1 */
  69:Src/main.c    **** 
  70:Src/main.c    ****   /* USER CODE END 1 */
  71:Src/main.c    ****   
  72:Src/main.c    **** 
  73:Src/main.c    ****   /* MCU Configuration--------------------------------------------------------*/
  74:Src/main.c    **** 
  75:Src/main.c    ****   /* Reset of all peripherals, Initializes the Flash interface and the Systick. */
  76:Src/main.c    ****   HAL_Init();
  77:Src/main.c    **** 
  78:Src/main.c    ****   /* USER CODE BEGIN Init */
  79:Src/main.c    **** 
  80:Src/main.c    ****   /* USER CODE END Init */
  81:Src/main.c    **** 
  82:Src/main.c    ****   /* Configure the system clock */
  83:Src/main.c    ****   SystemClock_Config();
  84:Src/main.c    **** 
  85:Src/main.c    ****   /* USER CODE BEGIN SysInit */
  86:Src/main.c    **** 
  87:Src/main.c    ****   /* USER CODE END SysInit */
  88:Src/main.c    **** 
  89:Src/main.c    ****   /* Initialize all configured peripherals */
  90:Src/main.c    ****   MX_GPIO_Init();
ARM GAS  /var/folders/l3/4y5292px21b4835bsnjwqc7w009kq1/T//ccdnbU9l.s 			page 3


  91:Src/main.c    ****   /* USER CODE BEGIN 2 */
  92:Src/main.c    ****   /* OFF_PIN needs to be high on hoverboard to get out of low power */
  93:Src/main.c    ****   #ifdef AT32F403Rx_HD
  94:Src/main.c    ****   HAL_GPIO_WritePin(OFF_GPIO_Port, OFF_Pin, 1);
  95:Src/main.c    ****   #endif
  96:Src/main.c    ****   /* USER CODE END 2 */
  97:Src/main.c    **** 
  98:Src/main.c    ****   /* Infinite loop */
  99:Src/main.c    ****   /* USER CODE BEGIN WHILE */
 100:Src/main.c    ****   while (1)
 101:Src/main.c    ****   {
 102:Src/main.c    ****     /* USER CODE END WHILE */
 103:Src/main.c    ****     HAL_GPIO_TogglePin(LED_GPIO_Port,LED_Pin);
 104:Src/main.c    ****     HAL_Delay(2000);
 105:Src/main.c    ****     /* USER CODE BEGIN 3 */
 106:Src/main.c    ****   }
 107:Src/main.c    ****   /* USER CODE END 3 */
 108:Src/main.c    **** }
 109:Src/main.c    **** 
 110:Src/main.c    **** /**
 111:Src/main.c    ****   * @brief System Clock Configuration
 112:Src/main.c    ****   * @retval None
 113:Src/main.c    ****   */
 114:Src/main.c    **** void SystemClock_Config(void)
 115:Src/main.c    **** {
 116:Src/main.c    ****   RCC_OscInitTypeDef RCC_OscInitStruct = {0};
 117:Src/main.c    ****   RCC_ClkInitTypeDef RCC_ClkInitStruct = {0};
 118:Src/main.c    **** 
 119:Src/main.c    ****   /** Initializes the CPU, AHB and APB busses clocks 
 120:Src/main.c    ****   */
 121:Src/main.c    ****   RCC_OscInitStruct.OscillatorType = RCC_OSCILLATORTYPE_HSI;
 122:Src/main.c    ****   RCC_OscInitStruct.HSIState = RCC_HSI_ON;
 123:Src/main.c    ****   RCC_OscInitStruct.HSICalibrationValue = RCC_HSICALIBRATION_DEFAULT;
 124:Src/main.c    ****   RCC_OscInitStruct.PLL.PLLState = RCC_PLL_NONE;
 125:Src/main.c    ****   if (HAL_RCC_OscConfig(&RCC_OscInitStruct) != HAL_OK)
 126:Src/main.c    ****   {
 127:Src/main.c    ****     Error_Handler();
 128:Src/main.c    ****   }
 129:Src/main.c    ****   /** Initializes the CPU, AHB and APB busses clocks 
 130:Src/main.c    ****   */
 131:Src/main.c    ****   RCC_ClkInitStruct.ClockType = RCC_CLOCKTYPE_HCLK|RCC_CLOCKTYPE_SYSCLK
 132:Src/main.c    ****                               |RCC_CLOCKTYPE_PCLK1|RCC_CLOCKTYPE_PCLK2;
 133:Src/main.c    ****   RCC_ClkInitStruct.SYSCLKSource = RCC_SYSCLKSOURCE_HSI;
 134:Src/main.c    ****   RCC_ClkInitStruct.AHBCLKDivider = RCC_SYSCLK_DIV1;
 135:Src/main.c    ****   RCC_ClkInitStruct.APB1CLKDivider = RCC_HCLK_DIV1;
 136:Src/main.c    ****   RCC_ClkInitStruct.APB2CLKDivider = RCC_HCLK_DIV1;
 137:Src/main.c    **** 
 138:Src/main.c    ****   if (HAL_RCC_ClockConfig(&RCC_ClkInitStruct, FLASH_LATENCY_0) != HAL_OK)
 139:Src/main.c    ****   {
 140:Src/main.c    ****     Error_Handler();
 141:Src/main.c    ****   }
 142:Src/main.c    **** }
 143:Src/main.c    **** 
 144:Src/main.c    **** /**
 145:Src/main.c    ****   * @brief GPIO Initialization Function
 146:Src/main.c    ****   * @param None
 147:Src/main.c    ****   * @retval None
ARM GAS  /var/folders/l3/4y5292px21b4835bsnjwqc7w009kq1/T//ccdnbU9l.s 			page 4


 148:Src/main.c    ****   */
 149:Src/main.c    **** static void MX_GPIO_Init(void)
 150:Src/main.c    **** {
  26              		.loc 1 150 0
  27              		.cfi_startproc
  28              		@ args = 0, pretend = 0, frame = 32
  29              		@ frame_needed = 0, uses_anonymous_args = 0
  30 0000 F0B5     		push	{r4, r5, r6, r7, lr}
  31              	.LCFI0:
  32              		.cfi_def_cfa_offset 20
  33              		.cfi_offset 4, -20
  34              		.cfi_offset 5, -16
  35              		.cfi_offset 6, -12
  36              		.cfi_offset 7, -8
  37              		.cfi_offset 14, -4
  38 0002 89B0     		sub	sp, sp, #36
  39              	.LCFI1:
  40              		.cfi_def_cfa_offset 56
 151:Src/main.c    ****   GPIO_InitTypeDef GPIO_InitStruct = {0};
  41              		.loc 1 151 0
  42 0004 0024     		movs	r4, #0
  43 0006 0494     		str	r4, [sp, #16]
  44 0008 0594     		str	r4, [sp, #20]
  45 000a 0694     		str	r4, [sp, #24]
  46 000c 0794     		str	r4, [sp, #28]
  47              	.LBB2:
 152:Src/main.c    **** 
 153:Src/main.c    ****   /* GPIO Ports Clock Enable */
 154:Src/main.c    ****   __HAL_RCC_GPIOA_CLK_ENABLE();
  48              		.loc 1 154 0
  49 000e 1D4B     		ldr	r3, .L3
  50 0010 9A69     		ldr	r2, [r3, #24]
  51 0012 42F00402 		orr	r2, r2, #4
  52 0016 9A61     		str	r2, [r3, #24]
  53 0018 9A69     		ldr	r2, [r3, #24]
  54 001a 02F00402 		and	r2, r2, #4
  55 001e 0192     		str	r2, [sp, #4]
  56 0020 019A     		ldr	r2, [sp, #4]
  57              	.LBE2:
  58              	.LBB3:
 155:Src/main.c    ****   __HAL_RCC_GPIOB_CLK_ENABLE();
  59              		.loc 1 155 0
  60 0022 9A69     		ldr	r2, [r3, #24]
  61 0024 42F00802 		orr	r2, r2, #8
  62 0028 9A61     		str	r2, [r3, #24]
  63 002a 9A69     		ldr	r2, [r3, #24]
  64 002c 02F00802 		and	r2, r2, #8
  65 0030 0292     		str	r2, [sp, #8]
  66 0032 029A     		ldr	r2, [sp, #8]
  67              	.LBE3:
  68              	.LBB4:
 156:Src/main.c    ****   __HAL_RCC_GPIOC_CLK_ENABLE();
  69              		.loc 1 156 0
  70 0034 9A69     		ldr	r2, [r3, #24]
  71 0036 42F01002 		orr	r2, r2, #16
  72 003a 9A61     		str	r2, [r3, #24]
  73 003c 9B69     		ldr	r3, [r3, #24]
ARM GAS  /var/folders/l3/4y5292px21b4835bsnjwqc7w009kq1/T//ccdnbU9l.s 			page 5


  74 003e 03F01003 		and	r3, r3, #16
  75 0042 0393     		str	r3, [sp, #12]
  76 0044 039B     		ldr	r3, [sp, #12]
  77              	.LBE4:
 157:Src/main.c    **** 
 158:Src/main.c    ****   /*Configure GPIO pin Output Level */
 159:Src/main.c    ****   HAL_GPIO_WritePin(LED_GPIO_Port, LED_Pin, GPIO_PIN_RESET);
  78              		.loc 1 159 0
  79 0046 104F     		ldr	r7, .L3+4
  80 0048 2246     		mov	r2, r4
  81 004a 4FF40051 		mov	r1, #8192
  82 004e 3846     		mov	r0, r7
  83 0050 FFF7FEFF 		bl	HAL_GPIO_WritePin
  84              	.LVL0:
 160:Src/main.c    **** 
 161:Src/main.c    ****   /*Configure GPIO pin : LED_Pin */
 162:Src/main.c    ****   GPIO_InitStruct.Pin = LED_Pin;
  85              		.loc 1 162 0
  86 0054 4FF40053 		mov	r3, #8192
  87 0058 0493     		str	r3, [sp, #16]
 163:Src/main.c    ****   GPIO_InitStruct.Mode = GPIO_MODE_OUTPUT_PP;
  88              		.loc 1 163 0
  89 005a 0126     		movs	r6, #1
  90 005c 0596     		str	r6, [sp, #20]
 164:Src/main.c    ****   GPIO_InitStruct.Pull = GPIO_NOPULL;
  91              		.loc 1 164 0
  92 005e 0694     		str	r4, [sp, #24]
 165:Src/main.c    ****   GPIO_InitStruct.Speed = GPIO_SPEED_FREQ_LOW;
  93              		.loc 1 165 0
  94 0060 0225     		movs	r5, #2
  95 0062 0795     		str	r5, [sp, #28]
 166:Src/main.c    ****   HAL_GPIO_Init(LED_GPIO_Port, &GPIO_InitStruct);
  96              		.loc 1 166 0
  97 0064 04A9     		add	r1, sp, #16
  98 0066 3846     		mov	r0, r7
  99 0068 FFF7FEFF 		bl	HAL_GPIO_Init
 100              	.LVL1:
 167:Src/main.c    **** 
 168:Src/main.c    **** #ifdef AT32F403Rx_HD
 169:Src/main.c    ****   /*Configure GPIO pin : OFF_PIN */
 170:Src/main.c    ****   GPIO_InitStruct.Pin = OFF_Pin;
 101              		.loc 1 170 0
 102 006c 2023     		movs	r3, #32
 103 006e 0493     		str	r3, [sp, #16]
 171:Src/main.c    ****  GPIO_InitStruct.Mode  = GPIO_MODE_OUTPUT_PP;
 104              		.loc 1 171 0
 105 0070 0596     		str	r6, [sp, #20]
 172:Src/main.c    ****   GPIO_InitStruct.Pull  = GPIO_NOPULL;
 106              		.loc 1 172 0
 107 0072 0694     		str	r4, [sp, #24]
 173:Src/main.c    ****   GPIO_InitStruct.Speed = GPIO_SPEED_FREQ_LOW;
 108              		.loc 1 173 0
 109 0074 0795     		str	r5, [sp, #28]
 174:Src/main.c    ****   HAL_GPIO_Init(OFF_GPIO_Port, &GPIO_InitStruct);
 110              		.loc 1 174 0
 111 0076 04A9     		add	r1, sp, #16
 112 0078 0448     		ldr	r0, .L3+8
ARM GAS  /var/folders/l3/4y5292px21b4835bsnjwqc7w009kq1/T//ccdnbU9l.s 			page 6


 113 007a FFF7FEFF 		bl	HAL_GPIO_Init
 114              	.LVL2:
 175:Src/main.c    **** #endif
 176:Src/main.c    **** }
 115              		.loc 1 176 0
 116 007e 09B0     		add	sp, sp, #36
 117              	.LCFI2:
 118              		.cfi_def_cfa_offset 20
 119              		@ sp needed
 120 0080 F0BD     		pop	{r4, r5, r6, r7, pc}
 121              	.L4:
 122 0082 00BF     		.align	2
 123              	.L3:
 124 0084 00100240 		.word	1073876992
 125 0088 00100140 		.word	1073811456
 126 008c 00080140 		.word	1073809408
 127              		.cfi_endproc
 128              	.LFE128:
 130              		.section	.text.SystemClock_Config,"ax",%progbits
 131              		.align	1
 132              		.global	SystemClock_Config
 133              		.syntax unified
 134              		.thumb
 135              		.thumb_func
 136              		.fpu fpv4-sp-d16
 138              	SystemClock_Config:
 139              	.LFB127:
 115:Src/main.c    ****   RCC_OscInitTypeDef RCC_OscInitStruct = {0};
 140              		.loc 1 115 0
 141              		.cfi_startproc
 142              		@ args = 0, pretend = 0, frame = 64
 143              		@ frame_needed = 0, uses_anonymous_args = 0
 144 0000 10B5     		push	{r4, lr}
 145              	.LCFI3:
 146              		.cfi_def_cfa_offset 8
 147              		.cfi_offset 4, -8
 148              		.cfi_offset 14, -4
 149 0002 90B0     		sub	sp, sp, #64
 150              	.LCFI4:
 151              		.cfi_def_cfa_offset 72
 116:Src/main.c    ****   RCC_ClkInitTypeDef RCC_ClkInitStruct = {0};
 152              		.loc 1 116 0
 153 0004 2422     		movs	r2, #36
 154 0006 0021     		movs	r1, #0
 155 0008 07A8     		add	r0, sp, #28
 156 000a FFF7FEFF 		bl	memset
 157              	.LVL3:
 117:Src/main.c    **** 
 158              		.loc 1 117 0
 159 000e 0024     		movs	r4, #0
 160 0010 0194     		str	r4, [sp, #4]
 161 0012 0294     		str	r4, [sp, #8]
 162 0014 0394     		str	r4, [sp, #12]
 163 0016 0494     		str	r4, [sp, #16]
 164 0018 0594     		str	r4, [sp, #20]
 121:Src/main.c    ****   RCC_OscInitStruct.HSIState = RCC_HSI_ON;
 165              		.loc 1 121 0
ARM GAS  /var/folders/l3/4y5292px21b4835bsnjwqc7w009kq1/T//ccdnbU9l.s 			page 7


 166 001a 0223     		movs	r3, #2
 167 001c 0693     		str	r3, [sp, #24]
 122:Src/main.c    ****   RCC_OscInitStruct.HSICalibrationValue = RCC_HSICALIBRATION_DEFAULT;
 168              		.loc 1 122 0
 169 001e 0123     		movs	r3, #1
 170 0020 0A93     		str	r3, [sp, #40]
 123:Src/main.c    ****   RCC_OscInitStruct.PLL.PLLState = RCC_PLL_NONE;
 171              		.loc 1 123 0
 172 0022 1023     		movs	r3, #16
 173 0024 0B93     		str	r3, [sp, #44]
 125:Src/main.c    ****   {
 174              		.loc 1 125 0
 175 0026 06A8     		add	r0, sp, #24
 176 0028 FFF7FEFF 		bl	HAL_RCC_OscConfig
 177              	.LVL4:
 131:Src/main.c    ****                               |RCC_CLOCKTYPE_PCLK1|RCC_CLOCKTYPE_PCLK2;
 178              		.loc 1 131 0
 179 002c 0F23     		movs	r3, #15
 180 002e 0193     		str	r3, [sp, #4]
 133:Src/main.c    ****   RCC_ClkInitStruct.AHBCLKDivider = RCC_SYSCLK_DIV1;
 181              		.loc 1 133 0
 182 0030 0294     		str	r4, [sp, #8]
 134:Src/main.c    ****   RCC_ClkInitStruct.APB1CLKDivider = RCC_HCLK_DIV1;
 183              		.loc 1 134 0
 184 0032 0394     		str	r4, [sp, #12]
 135:Src/main.c    ****   RCC_ClkInitStruct.APB2CLKDivider = RCC_HCLK_DIV1;
 185              		.loc 1 135 0
 186 0034 0494     		str	r4, [sp, #16]
 136:Src/main.c    **** 
 187              		.loc 1 136 0
 188 0036 0594     		str	r4, [sp, #20]
 138:Src/main.c    ****   {
 189              		.loc 1 138 0
 190 0038 2146     		mov	r1, r4
 191 003a 01A8     		add	r0, sp, #4
 192 003c FFF7FEFF 		bl	HAL_RCC_ClockConfig
 193              	.LVL5:
 142:Src/main.c    **** 
 194              		.loc 1 142 0
 195 0040 10B0     		add	sp, sp, #64
 196              	.LCFI5:
 197              		.cfi_def_cfa_offset 8
 198              		@ sp needed
 199 0042 10BD     		pop	{r4, pc}
 200              		.cfi_endproc
 201              	.LFE127:
 203              		.section	.text.main,"ax",%progbits
 204              		.align	1
 205              		.global	main
 206              		.syntax unified
 207              		.thumb
 208              		.thumb_func
 209              		.fpu fpv4-sp-d16
 211              	main:
 212              	.LFB126:
  67:Src/main.c    ****   /* USER CODE BEGIN 1 */
 213              		.loc 1 67 0
ARM GAS  /var/folders/l3/4y5292px21b4835bsnjwqc7w009kq1/T//ccdnbU9l.s 			page 8


 214              		.cfi_startproc
 215              		@ Volatile: function does not return.
 216              		@ args = 0, pretend = 0, frame = 0
 217              		@ frame_needed = 0, uses_anonymous_args = 0
 218 0000 08B5     		push	{r3, lr}
 219              	.LCFI6:
 220              		.cfi_def_cfa_offset 8
 221              		.cfi_offset 3, -8
 222              		.cfi_offset 14, -4
  76:Src/main.c    **** 
 223              		.loc 1 76 0
 224 0002 FFF7FEFF 		bl	HAL_Init
 225              	.LVL6:
  83:Src/main.c    **** 
 226              		.loc 1 83 0
 227 0006 FFF7FEFF 		bl	SystemClock_Config
 228              	.LVL7:
  90:Src/main.c    ****   /* USER CODE BEGIN 2 */
 229              		.loc 1 90 0
 230 000a FFF7FEFF 		bl	MX_GPIO_Init
 231              	.LVL8:
  94:Src/main.c    ****   #endif
 232              		.loc 1 94 0
 233 000e 0122     		movs	r2, #1
 234 0010 2021     		movs	r1, #32
 235 0012 0648     		ldr	r0, .L10
 236 0014 FFF7FEFF 		bl	HAL_GPIO_WritePin
 237              	.LVL9:
 238              	.L8:
 103:Src/main.c    ****     HAL_Delay(2000);
 239              		.loc 1 103 0 discriminator 1
 240 0018 4FF40051 		mov	r1, #8192
 241 001c 0448     		ldr	r0, .L10+4
 242 001e FFF7FEFF 		bl	HAL_GPIO_TogglePin
 243              	.LVL10:
 104:Src/main.c    ****     /* USER CODE BEGIN 3 */
 244              		.loc 1 104 0 discriminator 1
 245 0022 4FF4FA60 		mov	r0, #2000
 246 0026 FFF7FEFF 		bl	HAL_Delay
 247              	.LVL11:
 248 002a F5E7     		b	.L8
 249              	.L11:
 250              		.align	2
 251              	.L10:
 252 002c 00080140 		.word	1073809408
 253 0030 00100140 		.word	1073811456
 254              		.cfi_endproc
 255              	.LFE126:
 257              		.section	.text.Error_Handler,"ax",%progbits
 258              		.align	1
 259              		.global	Error_Handler
 260              		.syntax unified
 261              		.thumb
 262              		.thumb_func
 263              		.fpu fpv4-sp-d16
 265              	Error_Handler:
 266              	.LFB129:
ARM GAS  /var/folders/l3/4y5292px21b4835bsnjwqc7w009kq1/T//ccdnbU9l.s 			page 9


 177:Src/main.c    **** 
 178:Src/main.c    **** /* USER CODE BEGIN 4 */
 179:Src/main.c    **** 
 180:Src/main.c    **** /* USER CODE END 4 */
 181:Src/main.c    **** 
 182:Src/main.c    **** /**
 183:Src/main.c    ****   * @brief  This function is executed in case of error occurrence.
 184:Src/main.c    ****   * @retval None
 185:Src/main.c    ****   */
 186:Src/main.c    **** void Error_Handler(void)
 187:Src/main.c    **** {
 267              		.loc 1 187 0
 268              		.cfi_startproc
 269              		@ args = 0, pretend = 0, frame = 0
 270              		@ frame_needed = 0, uses_anonymous_args = 0
 271              		@ link register save eliminated.
 188:Src/main.c    ****   /* USER CODE BEGIN Error_Handler_Debug */
 189:Src/main.c    ****   /* User can add his own implementation to report the HAL error return state */
 190:Src/main.c    **** 
 191:Src/main.c    ****   /* USER CODE END Error_Handler_Debug */
 192:Src/main.c    **** }
 272              		.loc 1 192 0
 273 0000 7047     		bx	lr
 274              		.cfi_endproc
 275              	.LFE129:
 277              		.text
 278              	.Letext0:
 279              		.file 2 "/usr/local/Cellar/gcc-arm-none-eabi/20180627/arm-none-eabi/include/machine/_default_types
 280              		.file 3 "/usr/local/Cellar/gcc-arm-none-eabi/20180627/arm-none-eabi/include/sys/_stdint.h"
 281              		.file 4 "Drivers/CMSIS/CM4/CoreSupport/core_cm4.h"
 282              		.file 5 "Inc/system_at32f4xx.h"
 283              		.file 6 "Drivers/CMSIS/CM4/DeviceSupport/at32f4xx.h"
 284              		.file 7 "/usr/local/Cellar/gcc-arm-none-eabi/20180627/arm-none-eabi/include/sys/lock.h"
 285              		.file 8 "/usr/local/Cellar/gcc-arm-none-eabi/20180627/arm-none-eabi/include/sys/_types.h"
 286              		.file 9 "/usr/local/Cellar/gcc-arm-none-eabi/20180627/lib/gcc/arm-none-eabi/7.3.1/include/stddef.h
 287              		.file 10 "/usr/local/Cellar/gcc-arm-none-eabi/20180627/arm-none-eabi/include/sys/reent.h"
 288              		.file 11 "Drivers/Modified_HAL_Driver/Inc/stm32f1xx_hal_rcc.h"
 289              		.file 12 "Drivers/Modified_HAL_Driver/Inc/stm32f1xx_hal_rcc_ex.h"
 290              		.file 13 "Drivers/Modified_HAL_Driver/Inc/stm32f1xx_hal_gpio.h"
 291              		.file 14 "Drivers/Modified_HAL_Driver/Inc/stm32f1xx_hal_def.h"
 292              		.file 15 "Drivers/Modified_HAL_Driver/Inc/stm32f1xx_hal.h"
 293              		.file 16 "<built-in>"
ARM GAS  /var/folders/l3/4y5292px21b4835bsnjwqc7w009kq1/T//ccdnbU9l.s 			page 10


DEFINED SYMBOLS
                            *ABS*:0000000000000000 main.c
/var/folders/l3/4y5292px21b4835bsnjwqc7w009kq1/T//ccdnbU9l.s:17     .text.MX_GPIO_Init:0000000000000000 $t
/var/folders/l3/4y5292px21b4835bsnjwqc7w009kq1/T//ccdnbU9l.s:23     .text.MX_GPIO_Init:0000000000000000 MX_GPIO_Init
/var/folders/l3/4y5292px21b4835bsnjwqc7w009kq1/T//ccdnbU9l.s:124    .text.MX_GPIO_Init:0000000000000084 $d
/var/folders/l3/4y5292px21b4835bsnjwqc7w009kq1/T//ccdnbU9l.s:131    .text.SystemClock_Config:0000000000000000 $t
/var/folders/l3/4y5292px21b4835bsnjwqc7w009kq1/T//ccdnbU9l.s:138    .text.SystemClock_Config:0000000000000000 SystemClock_Config
/var/folders/l3/4y5292px21b4835bsnjwqc7w009kq1/T//ccdnbU9l.s:204    .text.main:0000000000000000 $t
/var/folders/l3/4y5292px21b4835bsnjwqc7w009kq1/T//ccdnbU9l.s:211    .text.main:0000000000000000 main
/var/folders/l3/4y5292px21b4835bsnjwqc7w009kq1/T//ccdnbU9l.s:252    .text.main:000000000000002c $d
/var/folders/l3/4y5292px21b4835bsnjwqc7w009kq1/T//ccdnbU9l.s:258    .text.Error_Handler:0000000000000000 $t
/var/folders/l3/4y5292px21b4835bsnjwqc7w009kq1/T//ccdnbU9l.s:265    .text.Error_Handler:0000000000000000 Error_Handler

UNDEFINED SYMBOLS
HAL_GPIO_WritePin
HAL_GPIO_Init
memset
HAL_RCC_OscConfig
HAL_RCC_ClockConfig
HAL_Init
HAL_GPIO_TogglePin
HAL_Delay
