ARM GAS  /var/folders/l3/4y5292px21b4835bsnjwqc7w009kq1/T//ccPKHk7z.s 			page 1


   1              		.cpu cortex-m4
   2              		.eabi_attribute 27, 1
   3              		.eabi_attribute 20, 1
   4              		.eabi_attribute 21, 1
   5              		.eabi_attribute 23, 3
   6              		.eabi_attribute 24, 1
   7              		.eabi_attribute 25, 1
   8              		.eabi_attribute 26, 1
   9              		.eabi_attribute 30, 1
  10              		.eabi_attribute 34, 1
  11              		.eabi_attribute 18, 4
  12              		.file	"at32f4xx_it.c"
  13              		.text
  14              	.Ltext0:
  15              		.cfi_sections	.debug_frame
  16              		.section	.text.NMI_Handler,"ax",%progbits
  17              		.align	1
  18              		.global	NMI_Handler
  19              		.syntax unified
  20              		.thumb
  21              		.thumb_func
  22              		.fpu fpv4-sp-d16
  24              	NMI_Handler:
  25              	.LFB123:
  26              		.file 1 "Src/at32f4xx_it.c"
   1:Src/at32f4xx_it.c **** /**
   2:Src/at32f4xx_it.c ****   ******************************************************************************
   3:Src/at32f4xx_it.c ****   * @file    USART/Interrupt/at32f4xx_it.c
   4:Src/at32f4xx_it.c ****   * @author  Artery Technology
   5:Src/at32f4xx_it.c ****   * @version V1.1.2
   6:Src/at32f4xx_it.c ****   * @date    2019-01-04
   7:Src/at32f4xx_it.c ****   * @brief   Main Interrupt Service Routines.
   8:Src/at32f4xx_it.c ****   *          This file provides template for all exceptions handler and peripherals
   9:Src/at32f4xx_it.c ****   *          interrupt service routine.
  10:Src/at32f4xx_it.c ****   ******************************************************************************
  11:Src/at32f4xx_it.c ****   * @attention
  12:Src/at32f4xx_it.c ****   *
  13:Src/at32f4xx_it.c ****   * THE PRESENT FIRMWARE WHICH IS FOR GUIDANCE ONLY AIMS AT PROVIDING CUSTOMERS
  14:Src/at32f4xx_it.c ****   * WITH CODING INFORMATION REGARDING THEIR PRODUCTS IN ORDER FOR THEM TO SAVE
  15:Src/at32f4xx_it.c ****   * TIME. AS A RESULT, ARTERYTEK SHALL NOT BE HELD LIABLE FOR ANY
  16:Src/at32f4xx_it.c ****   * DIRECT, INDIRECT OR CONSEQUENTIAL DAMAGES WITH RESPECT TO ANY CLAIMS ARISING
  17:Src/at32f4xx_it.c ****   * FROM THE CONTENT OF SUCH FIRMWARE AND/OR THE USE MADE BY CUSTOMERS OF THE
  18:Src/at32f4xx_it.c ****   * CODING INFORMATION CONTAINED HEREIN IN CONNECTION WITH THEIR PRODUCTS.
  19:Src/at32f4xx_it.c ****   *
  20:Src/at32f4xx_it.c ****   * <h2><center>&copy; COPYRIGHT 2018 ArteryTek</center></h2>
  21:Src/at32f4xx_it.c ****   ******************************************************************************
  22:Src/at32f4xx_it.c ****   */ 
  23:Src/at32f4xx_it.c **** 
  24:Src/at32f4xx_it.c **** /* Includes ------------------------------------------------------------------*/
  25:Src/at32f4xx_it.c **** #include "at32f4xx_it.h"
  26:Src/at32f4xx_it.c **** 
  27:Src/at32f4xx_it.c **** /** @addtogroup AT32F403_StdPeriph_Examples
  28:Src/at32f4xx_it.c ****   * @{
  29:Src/at32f4xx_it.c ****   */
  30:Src/at32f4xx_it.c **** 
  31:Src/at32f4xx_it.c **** 
  32:Src/at32f4xx_it.c **** /** @addtogroup USART_Interrupt
ARM GAS  /var/folders/l3/4y5292px21b4835bsnjwqc7w009kq1/T//ccPKHk7z.s 			page 2


  33:Src/at32f4xx_it.c ****   * @{
  34:Src/at32f4xx_it.c ****   */ 
  35:Src/at32f4xx_it.c **** 
  36:Src/at32f4xx_it.c **** /* Private typedef -----------------------------------------------------------*/
  37:Src/at32f4xx_it.c **** /* Private define ------------------------------------------------------------*/
  38:Src/at32f4xx_it.c **** /* Private macro -------------------------------------------------------------*/
  39:Src/at32f4xx_it.c **** /* Private variables ---------------------------------------------------------*/
  40:Src/at32f4xx_it.c **** extern uint8_t TxBuffer1[]; 
  41:Src/at32f4xx_it.c **** extern uint8_t TxBuffer2[]; 
  42:Src/at32f4xx_it.c **** extern uint8_t RxBuffer1[];
  43:Src/at32f4xx_it.c **** extern uint8_t RxBuffer2[];
  44:Src/at32f4xx_it.c **** extern __IO uint8_t TxCounter1;
  45:Src/at32f4xx_it.c **** extern __IO uint8_t TxCounter2;
  46:Src/at32f4xx_it.c **** extern __IO uint8_t RxCounter1; 
  47:Src/at32f4xx_it.c **** extern __IO uint8_t RxCounter2;
  48:Src/at32f4xx_it.c **** extern uint8_t NbrOfDataToTransfer1;
  49:Src/at32f4xx_it.c **** extern uint8_t NbrOfDataToTransfer2;
  50:Src/at32f4xx_it.c **** extern uint8_t NbrOfDataToRead1;
  51:Src/at32f4xx_it.c **** extern uint8_t NbrOfDataToRead2;
  52:Src/at32f4xx_it.c **** 
  53:Src/at32f4xx_it.c **** /* Private function prototypes -----------------------------------------------*/
  54:Src/at32f4xx_it.c **** /* Private functions ---------------------------------------------------------*/
  55:Src/at32f4xx_it.c **** 
  56:Src/at32f4xx_it.c **** /**
  57:Src/at32f4xx_it.c ****   * @brief  This function handles NMI exception.
  58:Src/at32f4xx_it.c ****   * @param  None
  59:Src/at32f4xx_it.c ****   * @retval None
  60:Src/at32f4xx_it.c ****   */
  61:Src/at32f4xx_it.c **** void NMI_Handler(void)
  62:Src/at32f4xx_it.c **** {
  27              		.loc 1 62 0
  28              		.cfi_startproc
  29              		@ args = 0, pretend = 0, frame = 0
  30              		@ frame_needed = 0, uses_anonymous_args = 0
  31              		@ link register save eliminated.
  63:Src/at32f4xx_it.c **** }
  32              		.loc 1 63 0
  33 0000 7047     		bx	lr
  34              		.cfi_endproc
  35              	.LFE123:
  37              		.section	.text.HardFault_Handler,"ax",%progbits
  38              		.align	1
  39              		.global	HardFault_Handler
  40              		.syntax unified
  41              		.thumb
  42              		.thumb_func
  43              		.fpu fpv4-sp-d16
  45              	HardFault_Handler:
  46              	.LFB124:
  64:Src/at32f4xx_it.c **** 
  65:Src/at32f4xx_it.c **** /**
  66:Src/at32f4xx_it.c ****   * @brief  This function handles Hard Fault exception.
  67:Src/at32f4xx_it.c ****   * @param  None
  68:Src/at32f4xx_it.c ****   * @retval None
  69:Src/at32f4xx_it.c ****   */
  70:Src/at32f4xx_it.c **** void HardFault_Handler(void)
  71:Src/at32f4xx_it.c **** {
ARM GAS  /var/folders/l3/4y5292px21b4835bsnjwqc7w009kq1/T//ccPKHk7z.s 			page 3


  47              		.loc 1 71 0
  48              		.cfi_startproc
  49              		@ Volatile: function does not return.
  50              		@ args = 0, pretend = 0, frame = 0
  51              		@ frame_needed = 0, uses_anonymous_args = 0
  52              		@ link register save eliminated.
  53              	.L3:
  54 0000 FEE7     		b	.L3
  55              		.cfi_endproc
  56              	.LFE124:
  58              		.section	.text.MemManage_Handler,"ax",%progbits
  59              		.align	1
  60              		.global	MemManage_Handler
  61              		.syntax unified
  62              		.thumb
  63              		.thumb_func
  64              		.fpu fpv4-sp-d16
  66              	MemManage_Handler:
  67              	.LFB125:
  72:Src/at32f4xx_it.c ****   /* Go to infinite loop when Hard Fault exception occurs */
  73:Src/at32f4xx_it.c ****   while (1)
  74:Src/at32f4xx_it.c ****   {
  75:Src/at32f4xx_it.c ****   }
  76:Src/at32f4xx_it.c **** }
  77:Src/at32f4xx_it.c **** 
  78:Src/at32f4xx_it.c **** /**
  79:Src/at32f4xx_it.c ****   * @brief  This function handles Memory Manage exception.
  80:Src/at32f4xx_it.c ****   * @param  None
  81:Src/at32f4xx_it.c ****   * @retval None
  82:Src/at32f4xx_it.c ****   */
  83:Src/at32f4xx_it.c **** void MemManage_Handler(void)
  84:Src/at32f4xx_it.c **** {
  68              		.loc 1 84 0
  69              		.cfi_startproc
  70              		@ Volatile: function does not return.
  71              		@ args = 0, pretend = 0, frame = 0
  72              		@ frame_needed = 0, uses_anonymous_args = 0
  73              		@ link register save eliminated.
  74              	.L5:
  75 0000 FEE7     		b	.L5
  76              		.cfi_endproc
  77              	.LFE125:
  79              		.section	.text.BusFault_Handler,"ax",%progbits
  80              		.align	1
  81              		.global	BusFault_Handler
  82              		.syntax unified
  83              		.thumb
  84              		.thumb_func
  85              		.fpu fpv4-sp-d16
  87              	BusFault_Handler:
  88              	.LFB126:
  85:Src/at32f4xx_it.c ****   /* Go to infinite loop when Memory Manage exception occurs */
  86:Src/at32f4xx_it.c ****   while (1)
  87:Src/at32f4xx_it.c ****   {
  88:Src/at32f4xx_it.c ****   }
  89:Src/at32f4xx_it.c **** }
  90:Src/at32f4xx_it.c **** 
ARM GAS  /var/folders/l3/4y5292px21b4835bsnjwqc7w009kq1/T//ccPKHk7z.s 			page 4


  91:Src/at32f4xx_it.c **** /**
  92:Src/at32f4xx_it.c ****   * @brief  This function handles Bus Fault exception.
  93:Src/at32f4xx_it.c ****   * @param  None
  94:Src/at32f4xx_it.c ****   * @retval None
  95:Src/at32f4xx_it.c ****   */
  96:Src/at32f4xx_it.c **** void BusFault_Handler(void)
  97:Src/at32f4xx_it.c **** {
  89              		.loc 1 97 0
  90              		.cfi_startproc
  91              		@ Volatile: function does not return.
  92              		@ args = 0, pretend = 0, frame = 0
  93              		@ frame_needed = 0, uses_anonymous_args = 0
  94              		@ link register save eliminated.
  95              	.L7:
  96 0000 FEE7     		b	.L7
  97              		.cfi_endproc
  98              	.LFE126:
 100              		.section	.text.UsageFault_Handler,"ax",%progbits
 101              		.align	1
 102              		.global	UsageFault_Handler
 103              		.syntax unified
 104              		.thumb
 105              		.thumb_func
 106              		.fpu fpv4-sp-d16
 108              	UsageFault_Handler:
 109              	.LFB127:
  98:Src/at32f4xx_it.c ****   /* Go to infinite loop when Bus Fault exception occurs */
  99:Src/at32f4xx_it.c ****   while (1)
 100:Src/at32f4xx_it.c ****   {
 101:Src/at32f4xx_it.c ****   }
 102:Src/at32f4xx_it.c **** }
 103:Src/at32f4xx_it.c **** 
 104:Src/at32f4xx_it.c **** /**
 105:Src/at32f4xx_it.c ****   * @brief  This function handles Usage Fault exception.
 106:Src/at32f4xx_it.c ****   * @param  None
 107:Src/at32f4xx_it.c ****   * @retval None
 108:Src/at32f4xx_it.c ****   */
 109:Src/at32f4xx_it.c **** void UsageFault_Handler(void)
 110:Src/at32f4xx_it.c **** {
 110              		.loc 1 110 0
 111              		.cfi_startproc
 112              		@ Volatile: function does not return.
 113              		@ args = 0, pretend = 0, frame = 0
 114              		@ frame_needed = 0, uses_anonymous_args = 0
 115              		@ link register save eliminated.
 116              	.L9:
 117 0000 FEE7     		b	.L9
 118              		.cfi_endproc
 119              	.LFE127:
 121              		.section	.text.SVC_Handler,"ax",%progbits
 122              		.align	1
 123              		.global	SVC_Handler
 124              		.syntax unified
 125              		.thumb
 126              		.thumb_func
 127              		.fpu fpv4-sp-d16
 129              	SVC_Handler:
ARM GAS  /var/folders/l3/4y5292px21b4835bsnjwqc7w009kq1/T//ccPKHk7z.s 			page 5


 130              	.LFB128:
 111:Src/at32f4xx_it.c ****   /* Go to infinite loop when Usage Fault exception occurs */
 112:Src/at32f4xx_it.c ****   while (1)
 113:Src/at32f4xx_it.c ****   {
 114:Src/at32f4xx_it.c ****   }
 115:Src/at32f4xx_it.c **** }
 116:Src/at32f4xx_it.c **** 
 117:Src/at32f4xx_it.c **** /**
 118:Src/at32f4xx_it.c ****   * @brief  This function handles SVCall exception.
 119:Src/at32f4xx_it.c ****   * @param  None
 120:Src/at32f4xx_it.c ****   * @retval None
 121:Src/at32f4xx_it.c ****   */
 122:Src/at32f4xx_it.c **** void SVC_Handler(void)
 123:Src/at32f4xx_it.c **** {
 131              		.loc 1 123 0
 132              		.cfi_startproc
 133              		@ args = 0, pretend = 0, frame = 0
 134              		@ frame_needed = 0, uses_anonymous_args = 0
 135              		@ link register save eliminated.
 124:Src/at32f4xx_it.c **** }
 136              		.loc 1 124 0
 137 0000 7047     		bx	lr
 138              		.cfi_endproc
 139              	.LFE128:
 141              		.section	.text.DebugMon_Handler,"ax",%progbits
 142              		.align	1
 143              		.global	DebugMon_Handler
 144              		.syntax unified
 145              		.thumb
 146              		.thumb_func
 147              		.fpu fpv4-sp-d16
 149              	DebugMon_Handler:
 150              	.LFB129:
 125:Src/at32f4xx_it.c **** 
 126:Src/at32f4xx_it.c **** /**
 127:Src/at32f4xx_it.c ****   * @brief  This function handles Debug Monitor exception.
 128:Src/at32f4xx_it.c ****   * @param  None
 129:Src/at32f4xx_it.c ****   * @retval None
 130:Src/at32f4xx_it.c ****   */
 131:Src/at32f4xx_it.c **** void DebugMon_Handler(void)
 132:Src/at32f4xx_it.c **** {
 151              		.loc 1 132 0
 152              		.cfi_startproc
 153              		@ args = 0, pretend = 0, frame = 0
 154              		@ frame_needed = 0, uses_anonymous_args = 0
 155              		@ link register save eliminated.
 133:Src/at32f4xx_it.c **** }
 156              		.loc 1 133 0
 157 0000 7047     		bx	lr
 158              		.cfi_endproc
 159              	.LFE129:
 161              		.section	.text.PendSV_Handler,"ax",%progbits
 162              		.align	1
 163              		.global	PendSV_Handler
 164              		.syntax unified
 165              		.thumb
 166              		.thumb_func
ARM GAS  /var/folders/l3/4y5292px21b4835bsnjwqc7w009kq1/T//ccPKHk7z.s 			page 6


 167              		.fpu fpv4-sp-d16
 169              	PendSV_Handler:
 170              	.LFB130:
 134:Src/at32f4xx_it.c **** 
 135:Src/at32f4xx_it.c **** /**
 136:Src/at32f4xx_it.c ****   * @brief  This function handles PendSV_Handler exception.
 137:Src/at32f4xx_it.c ****   * @param  None
 138:Src/at32f4xx_it.c ****   * @retval None
 139:Src/at32f4xx_it.c ****   */
 140:Src/at32f4xx_it.c **** void PendSV_Handler(void)
 141:Src/at32f4xx_it.c **** {
 171              		.loc 1 141 0
 172              		.cfi_startproc
 173              		@ args = 0, pretend = 0, frame = 0
 174              		@ frame_needed = 0, uses_anonymous_args = 0
 175              		@ link register save eliminated.
 142:Src/at32f4xx_it.c **** }
 176              		.loc 1 142 0
 177 0000 7047     		bx	lr
 178              		.cfi_endproc
 179              	.LFE130:
 181              		.section	.text.SysTick_Handler,"ax",%progbits
 182              		.align	1
 183              		.global	SysTick_Handler
 184              		.syntax unified
 185              		.thumb
 186              		.thumb_func
 187              		.fpu fpv4-sp-d16
 189              	SysTick_Handler:
 190              	.LFB131:
 143:Src/at32f4xx_it.c **** 
 144:Src/at32f4xx_it.c **** /**
 145:Src/at32f4xx_it.c ****   * @brief  This function handles SysTick Handler.
 146:Src/at32f4xx_it.c ****   * @param  None
 147:Src/at32f4xx_it.c ****   * @retval None
 148:Src/at32f4xx_it.c ****   */
 149:Src/at32f4xx_it.c **** void SysTick_Handler(void)
 150:Src/at32f4xx_it.c **** {
 191              		.loc 1 150 0
 192              		.cfi_startproc
 193              		@ args = 0, pretend = 0, frame = 0
 194              		@ frame_needed = 0, uses_anonymous_args = 0
 195              		@ link register save eliminated.
 151:Src/at32f4xx_it.c **** }
 196              		.loc 1 151 0
 197 0000 7047     		bx	lr
 198              		.cfi_endproc
 199              	.LFE131:
 201              		.text
 202              	.Letext0:
 203              		.file 2 "/usr/local/Cellar/gcc-arm-none-eabi/20180627/arm-none-eabi/include/machine/_default_types
 204              		.file 3 "/usr/local/Cellar/gcc-arm-none-eabi/20180627/arm-none-eabi/include/sys/_stdint.h"
 205              		.file 4 "../Libraries/CMSIS/CM4/CoreSupport/core_cm4.h"
 206              		.file 5 "../Libraries/CMSIS/CM4/DeviceSupport/system_at32f4xx.h"
ARM GAS  /var/folders/l3/4y5292px21b4835bsnjwqc7w009kq1/T//ccPKHk7z.s 			page 7


DEFINED SYMBOLS
                            *ABS*:0000000000000000 at32f4xx_it.c
/var/folders/l3/4y5292px21b4835bsnjwqc7w009kq1/T//ccPKHk7z.s:17     .text.NMI_Handler:0000000000000000 $t
/var/folders/l3/4y5292px21b4835bsnjwqc7w009kq1/T//ccPKHk7z.s:24     .text.NMI_Handler:0000000000000000 NMI_Handler
/var/folders/l3/4y5292px21b4835bsnjwqc7w009kq1/T//ccPKHk7z.s:38     .text.HardFault_Handler:0000000000000000 $t
/var/folders/l3/4y5292px21b4835bsnjwqc7w009kq1/T//ccPKHk7z.s:45     .text.HardFault_Handler:0000000000000000 HardFault_Handler
/var/folders/l3/4y5292px21b4835bsnjwqc7w009kq1/T//ccPKHk7z.s:59     .text.MemManage_Handler:0000000000000000 $t
/var/folders/l3/4y5292px21b4835bsnjwqc7w009kq1/T//ccPKHk7z.s:66     .text.MemManage_Handler:0000000000000000 MemManage_Handler
/var/folders/l3/4y5292px21b4835bsnjwqc7w009kq1/T//ccPKHk7z.s:80     .text.BusFault_Handler:0000000000000000 $t
/var/folders/l3/4y5292px21b4835bsnjwqc7w009kq1/T//ccPKHk7z.s:87     .text.BusFault_Handler:0000000000000000 BusFault_Handler
/var/folders/l3/4y5292px21b4835bsnjwqc7w009kq1/T//ccPKHk7z.s:101    .text.UsageFault_Handler:0000000000000000 $t
/var/folders/l3/4y5292px21b4835bsnjwqc7w009kq1/T//ccPKHk7z.s:108    .text.UsageFault_Handler:0000000000000000 UsageFault_Handler
/var/folders/l3/4y5292px21b4835bsnjwqc7w009kq1/T//ccPKHk7z.s:122    .text.SVC_Handler:0000000000000000 $t
/var/folders/l3/4y5292px21b4835bsnjwqc7w009kq1/T//ccPKHk7z.s:129    .text.SVC_Handler:0000000000000000 SVC_Handler
/var/folders/l3/4y5292px21b4835bsnjwqc7w009kq1/T//ccPKHk7z.s:142    .text.DebugMon_Handler:0000000000000000 $t
/var/folders/l3/4y5292px21b4835bsnjwqc7w009kq1/T//ccPKHk7z.s:149    .text.DebugMon_Handler:0000000000000000 DebugMon_Handler
/var/folders/l3/4y5292px21b4835bsnjwqc7w009kq1/T//ccPKHk7z.s:162    .text.PendSV_Handler:0000000000000000 $t
/var/folders/l3/4y5292px21b4835bsnjwqc7w009kq1/T//ccPKHk7z.s:169    .text.PendSV_Handler:0000000000000000 PendSV_Handler
/var/folders/l3/4y5292px21b4835bsnjwqc7w009kq1/T//ccPKHk7z.s:182    .text.SysTick_Handler:0000000000000000 $t
/var/folders/l3/4y5292px21b4835bsnjwqc7w009kq1/T//ccPKHk7z.s:189    .text.SysTick_Handler:0000000000000000 SysTick_Handler

NO UNDEFINED SYMBOLS
