ARM GAS  /var/folders/l3/4y5292px21b4835bsnjwqc7w009kq1/T//ccodU7m4.s 			page 1


   1              		.cpu cortex-m4
   2              		.eabi_attribute 27, 1
   3              		.eabi_attribute 20, 1
   4              		.eabi_attribute 21, 1
   5              		.eabi_attribute 23, 3
   6              		.eabi_attribute 24, 1
   7              		.eabi_attribute 25, 1
   8              		.eabi_attribute 26, 1
   9              		.eabi_attribute 30, 1
  10              		.eabi_attribute 34, 1
  11              		.eabi_attribute 18, 4
  12              		.file	"main.cpp"
  13              		.text
  14              	.Ltext0:
  15              		.cfi_sections	.debug_frame
  16              		.section	.text._Z4initv,"ax",%progbits
  17              		.align	1
  18              		.global	_Z4initv
  19              		.syntax unified
  20              		.thumb
  21              		.thumb_func
  22              		.fpu fpv4-sp-d16
  24              	_Z4initv:
  25              		.fnstart
  26              	.LFB124:
  27              		.file 1 "./Src/main.cpp"
   1:./Src/main.cpp **** /**
   2:./Src/main.cpp ****  * UART read/write on two cop ports, with one used for ROS
   3:./Src/main.cpp ****  **/ 
   4:./Src/main.cpp ****   
   5:./Src/main.cpp **** /* Includes ------------------------------------------------------------------*/
   6:./Src/main.cpp **** #include "bsp_uart_fifo.h"
   7:./Src/main.cpp **** #include "bsp_timer.h"
   8:./Src/main.cpp **** #include "bsp_led.h"
   9:./Src/main.cpp **** #include <stdio.h>
  10:./Src/main.cpp **** #include <string.h>
  11:./Src/main.cpp **** 
  12:./Src/main.cpp **** void ros_init(void);
  13:./Src/main.cpp **** void ros_run(void);
  14:./Src/main.cpp **** 
  15:./Src/main.cpp **** /*
  16:./Src/main.cpp **** * Initialize all functionslity needed
  17:./Src/main.cpp **** */ 
  18:./Src/main.cpp **** void init() 
  19:./Src/main.cpp **** {
  28              		.loc 1 19 0
  29              		.cfi_startproc
  30              		@ args = 0, pretend = 0, frame = 0
  31              		@ frame_needed = 0, uses_anonymous_args = 0
  32 0000 08B5     		push	{r3, lr}
  33              		.save {r3, lr}
  34              	.LCFI0:
  35              		.cfi_def_cfa_offset 8
  36              		.cfi_offset 3, -8
  37              		.cfi_offset 14, -4
  20:./Src/main.cpp ****   /* It is recommended to assign all the priority bits to be preempt 
  21:./Src/main.cpp ****   * priority bits, leaving no priority bits as subpriority bits
ARM GAS  /var/folders/l3/4y5292px21b4835bsnjwqc7w009kq1/T//ccodU7m4.s 			page 2


  22:./Src/main.cpp ****   */
  23:./Src/main.cpp **** 	NVIC_PriorityGroupConfig(NVIC_PriorityGroup_4);
  38              		.loc 1 23 0
  39 0002 4FF44070 		mov	r0, #768
  40 0006 FFF7FEFF 		bl	NVIC_PriorityGroupConfig
  41              	.LVL0:
  24:./Src/main.cpp **** 
  25:./Src/main.cpp ****   bsp_InitHardTimer();/* initialize TMR */
  42              		.loc 1 25 0
  43 000a FFF7FEFF 		bl	bsp_InitHardTimer
  44              	.LVL1:
  26:./Src/main.cpp ****   /* Setup USART */
  27:./Src/main.cpp ****   bsp_InitUart();
  45              		.loc 1 27 0
  46 000e FFF7FEFF 		bl	bsp_InitUart
  47              	.LVL2:
  28:./Src/main.cpp **** 
  29:./Src/main.cpp ****   /* LED and other IO pins */
  30:./Src/main.cpp ****   bsp_InitLed();
  48              		.loc 1 30 0
  49 0012 FFF7FEFF 		bl	bsp_InitLed
  50              	.LVL3:
  31:./Src/main.cpp **** 
  32:./Src/main.cpp ****   ros_init();
  51              		.loc 1 32 0
  52 0016 FFF7FEFF 		bl	_Z8ros_initv
  53              	.LVL4:
  33:./Src/main.cpp **** }
  54              		.loc 1 33 0
  55 001a 08BD     		pop	{r3, pc}
  56              		.cfi_endproc
  57              	.LFE124:
  58              		.fnend
  60              		.section	.text.main,"ax",%progbits
  61              		.align	1
  62              		.global	main
  63              		.syntax unified
  64              		.thumb
  65              		.thumb_func
  66              		.fpu fpv4-sp-d16
  68              	main:
  69              		.fnstart
  70              	.LFB125:
  34:./Src/main.cpp **** 
  35:./Src/main.cpp **** int main(void)
  36:./Src/main.cpp **** {  
  71              		.loc 1 36 0
  72              		.cfi_startproc
  73              		@ args = 0, pretend = 0, frame = 0
  74              		@ frame_needed = 0, uses_anonymous_args = 0
  75 0000 08B5     		push	{r3, lr}
  76              		.save {r3, lr}
  77              	.LCFI1:
  78              		.cfi_def_cfa_offset 8
  79              		.cfi_offset 3, -8
  80              		.cfi_offset 14, -4
  37:./Src/main.cpp **** 
ARM GAS  /var/folders/l3/4y5292px21b4835bsnjwqc7w009kq1/T//ccodU7m4.s 			page 3


  38:./Src/main.cpp ****   init();
  81              		.loc 1 38 0
  82 0002 FFF7FEFF 		bl	_Z4initv
  83              	.LVL5:
  39:./Src/main.cpp **** 
  40:./Src/main.cpp ****   sound_buzzer();
  84              		.loc 1 40 0
  85 0006 FFF7FEFF 		bl	sound_buzzer
  86              	.LVL6:
  87              	.L4:
  41:./Src/main.cpp ****   //char buf[512];
  42:./Src/main.cpp ****   while (1)
  43:./Src/main.cpp ****   {
  44:./Src/main.cpp ****     ros_run();
  88              		.loc 1 44 0 discriminator 1
  89 000a FFF7FEFF 		bl	_Z7ros_runv
  90              	.LVL7:
  45:./Src/main.cpp **** 
  46:./Src/main.cpp ****     // sprintf(buf,"Millis %d\n",millis());
  47:./Src/main.cpp ****     // printf(buf);
  48:./Src/main.cpp ****     delay_ms(1000);
  91              		.loc 1 48 0 discriminator 1
  92 000e 4FF47A70 		mov	r0, #1000
  93 0012 FFF7FEFF 		bl	delay_ms
  94              	.LVL8:
  95 0016 F8E7     		b	.L4
  96              		.cfi_endproc
  97              	.LFE125:
  98              		.fnend
 100              		.text
 101              	.Letext0:
 102              		.file 2 "/usr/local/Cellar/gcc-arm-none-eabi/20180627/arm-none-eabi/include/machine/_default_types
 103              		.file 3 "/usr/local/Cellar/gcc-arm-none-eabi/20180627/arm-none-eabi/include/sys/_stdint.h"
 104              		.file 4 "../Libraries/CMSIS/CM4/CoreSupport/core_cm4.h"
 105              		.file 5 "../Libraries/CMSIS/CM4/DeviceSupport/system_at32f4xx.h"
 106              		.file 6 "/usr/local/Cellar/gcc-arm-none-eabi/20180627/arm-none-eabi/include/sys/lock.h"
 107              		.file 7 "/usr/local/Cellar/gcc-arm-none-eabi/20180627/arm-none-eabi/include/sys/_types.h"
 108              		.file 8 "/usr/local/Cellar/gcc-arm-none-eabi/20180627/lib/gcc/arm-none-eabi/7.3.1/include/stddef.h
 109              		.file 9 "/usr/local/Cellar/gcc-arm-none-eabi/20180627/arm-none-eabi/include/sys/reent.h"
 110              		.file 10 "bsp/inc/bsp_led.h"
 111              		.file 11 "bsp/inc/bsp_timer.h"
 112              		.file 12 "../Libraries/AT32F4xx_StdPeriph_Driver/inc/misc.h"
 113              		.file 13 "bsp/inc/bsp_uart_fifo.h"
ARM GAS  /var/folders/l3/4y5292px21b4835bsnjwqc7w009kq1/T//ccodU7m4.s 			page 4


DEFINED SYMBOLS
                            *ABS*:0000000000000000 main.cpp
/var/folders/l3/4y5292px21b4835bsnjwqc7w009kq1/T//ccodU7m4.s:17     .text._Z4initv:0000000000000000 $t
/var/folders/l3/4y5292px21b4835bsnjwqc7w009kq1/T//ccodU7m4.s:24     .text._Z4initv:0000000000000000 _Z4initv
         .ARM.extab.text._Z4initv:0000000000000000 $d
         .ARM.exidx.text._Z4initv:0000000000000000 $d
/var/folders/l3/4y5292px21b4835bsnjwqc7w009kq1/T//ccodU7m4.s:61     .text.main:0000000000000000 $t
/var/folders/l3/4y5292px21b4835bsnjwqc7w009kq1/T//ccodU7m4.s:68     .text.main:0000000000000000 main
             .ARM.extab.text.main:0000000000000000 $d
             .ARM.exidx.text.main:0000000000000000 $d

UNDEFINED SYMBOLS
NVIC_PriorityGroupConfig
bsp_InitHardTimer
bsp_InitUart
bsp_InitLed
_Z8ros_initv
__aeabi_unwind_cpp_pr1
sound_buzzer
_Z7ros_runv
delay_ms
